{"C:\\Users\\manso\\Documents\\projects_PTS2\\ESS\\administration\\src\\i18n.ts": {"path":"C:\\Users\\manso\\Documents\\projects_PTS2\\ESS\\administration\\src\\i18n.ts","statementMap":{"0":{"start":{"line":6,"column":0},"end":{"line":35,"column":5}}},"fnMap":{},"branchMap":{"0":{"loc":{"start":{"line":29,"column":9},"end":{"line":29,"column":51}},"type":"binary-expr","locations":[{"start":{"line":29,"column":9},"end":{"line":29,"column":43}},{"start":{"line":29,"column":47},"end":{"line":29,"column":51}}],"line":29}},"s":{"0":0},"f":{},"b":{"0":[0,0]}}
,"C:\\Users\\manso\\Documents\\projects_PTS2\\ESS\\administration\\src\\index.js": {"path":"C:\\Users\\manso\\Documents\\projects_PTS2\\ESS\\administration\\src\\index.js","statementMap":{"0":{"start":{"line":25,"column":21},"end":{"line":47,"column":1}},"1":{"start":{"line":26,"column":2},"end":{"line":26,"column":23}},"2":{"start":{"line":29,"column":2},"end":{"line":37,"column":3}},"3":{"start":{"line":34,"column":4},"end":{"line":34,"column":28}},"4":{"start":{"line":36,"column":4},"end":{"line":36,"column":34}},"5":{"start":{"line":39,"column":2},"end":{"line":46,"column":5}},"6":{"start":{"line":49,"column":20},"end":{"line":61,"column":2}},"7":{"start":{"line":63,"column":18},"end":{"line":63,"column":49}},"8":{"start":{"line":65,"column":13},"end":{"line":65,"column":34}},"9":{"start":{"line":67,"column":0},"end":{"line":90,"column":2}}},"fnMap":{"0":{"name":"(anonymous_0)","decl":{"start":{"line":25,"column":21},"end":{"line":25,"column":22}},"loc":{"start":{"line":25,"column":32},"end":{"line":47,"column":1}},"line":25}},"branchMap":{"0":{"loc":{"start":{"line":29,"column":2},"end":{"line":37,"column":3}},"type":"if","locations":[{"start":{"line":29,"column":2},"end":{"line":37,"column":3}},{"start":{"line":35,"column":9},"end":{"line":37,"column":3}}],"line":29},"1":{"loc":{"start":{"line":30,"column":4},"end":{"line":32,"column":32}},"type":"binary-expr","locations":[{"start":{"line":30,"column":4},"end":{"line":30,"column":19}},{"start":{"line":31,"column":4},"end":{"line":31,"column":32}},{"start":{"line":32,"column":4},"end":{"line":32,"column":32}}],"line":30}},"s":{"0":0,"1":0,"2":0,"3":0,"4":0,"5":0,"6":0,"7":0,"8":0,"9":0},"f":{"0":0},"b":{"0":[0,0],"1":[0,0,0]}}
,"C:\\Users\\manso\\Documents\\projects_PTS2\\ESS\\administration\\src\\translations.ts": {"path":"C:\\Users\\manso\\Documents\\projects_PTS2\\ESS\\administration\\src\\translations.ts","statementMap":{"0":{"start":{"line":1,"column":28},"end":{"line":5,"column":4}}},"fnMap":{},"branchMap":{},"s":{"0":0},"f":{},"b":{}}
,"C:\\Users\\manso\\Documents\\projects_PTS2\\ESS\\administration\\src\\common\\AdminModel.ts": {"path":"C:\\Users\\manso\\Documents\\projects_PTS2\\ESS\\administration\\src\\common\\AdminModel.ts","statementMap":{},"fnMap":{},"branchMap":{},"s":{},"f":{},"b":{}}
,"C:\\Users\\manso\\Documents\\projects_PTS2\\ESS\\administration\\src\\common\\enums.ts": {"path":"C:\\Users\\manso\\Documents\\projects_PTS2\\ESS\\administration\\src\\common\\enums.ts","statementMap":{},"fnMap":{},"branchMap":{},"s":{},"f":{},"b":{},"_coverageSchema":"1a1c01bbd47fc00a2c39e90264f33305004495a9","hash":"aeeab11081218a80e17962bd93c378fbc3f7cc24"}
,"C:\\Users\\manso\\Documents\\projects_PTS2\\ESS\\administration\\src\\common\\form-validation.ts": {"path":"C:\\Users\\manso\\Documents\\projects_PTS2\\ESS\\administration\\src\\common\\form-validation.ts","statementMap":{"0":{"start":{"line":3,"column":43},"end":{"line":27,"column":2}}},"fnMap":{},"branchMap":{},"s":{"0":1},"f":{},"b":{},"_coverageSchema":"1a1c01bbd47fc00a2c39e90264f33305004495a9","hash":"061956ae5dc8252d1ca9917c6f0918d47f9b7fdb"}
,"C:\\Users\\manso\\Documents\\projects_PTS2\\ESS\\administration\\src\\common\\model.ts": {"path":"C:\\Users\\manso\\Documents\\projects_PTS2\\ESS\\administration\\src\\common\\model.ts","statementMap":{},"fnMap":{},"branchMap":{},"s":{},"f":{},"b":{}}
,"C:\\Users\\manso\\Documents\\projects_PTS2\\ESS\\administration\\src\\common\\react-props.ts": {"path":"C:\\Users\\manso\\Documents\\projects_PTS2\\ESS\\administration\\src\\common\\react-props.ts","statementMap":{},"fnMap":{},"branchMap":{},"s":{},"f":{},"b":{}}
,"C:\\Users\\manso\\Documents\\projects_PTS2\\ESS\\administration\\src\\common\\api\\WebSocketTopics.ts": {"path":"C:\\Users\\manso\\Documents\\projects_PTS2\\ESS\\administration\\src\\common\\api\\WebSocketTopics.ts","statementMap":{"0":{"start":{"line":1,"column":28},"end":{"line":1,"column":43}},"1":{"start":{"line":3,"column":31},"end":{"line":3,"column":47}}},"fnMap":{},"branchMap":{},"s":{"0":0,"1":0},"f":{},"b":{}}
,"C:\\Users\\manso\\Documents\\projects_PTS2\\ESS\\administration\\src\\common\\api\\api-utils.ts": {"path":"C:\\Users\\manso\\Documents\\projects_PTS2\\ESS\\administration\\src\\common\\api\\api-utils.ts","statementMap":{"0":{"start":{"line":1,"column":31},"end":{"line":17,"column":1}},"1":{"start":{"line":6,"column":15},"end":{"line":6,"column":18}},"2":{"start":{"line":8,"column":2},"end":{"line":10,"column":3}},"3":{"start":{"line":9,"column":4},"end":{"line":9,"column":39}},"4":{"start":{"line":12,"column":2},"end":{"line":14,"column":3}},"5":{"start":{"line":13,"column":4},"end":{"line":13,"column":36}},"6":{"start":{"line":16,"column":2},"end":{"line":16,"column":16}}},"fnMap":{"0":{"name":"(anonymous_0)","decl":{"start":{"line":1,"column":31},"end":{"line":1,"column":32}},"loc":{"start":{"line":5,"column":5},"end":{"line":17,"column":1}},"line":5}},"branchMap":{"0":{"loc":{"start":{"line":8,"column":2},"end":{"line":10,"column":3}},"type":"if","locations":[{"start":{"line":8,"column":2},"end":{"line":10,"column":3}},{"start":{},"end":{}}],"line":8},"1":{"loc":{"start":{"line":12,"column":2},"end":{"line":14,"column":3}},"type":"if","locations":[{"start":{"line":12,"column":2},"end":{"line":14,"column":3}},{"start":{},"end":{}}],"line":12}},"s":{"0":1,"1":5,"2":5,"3":4,"4":5,"5":1,"6":5},"f":{"0":5},"b":{"0":[4,1],"1":[1,4]},"_coverageSchema":"1a1c01bbd47fc00a2c39e90264f33305004495a9","hash":"ea84d4fa2ab47c63b6280298b330831fdecc158d"}
,"C:\\Users\\manso\\Documents\\projects_PTS2\\ESS\\administration\\src\\common\\api\\auth-api.ts": {"path":"C:\\Users\\manso\\Documents\\projects_PTS2\\ESS\\administration\\src\\common\\api\\auth-api.ts","statementMap":{"0":{"start":{"line":5,"column":16},"end":{"line":5,"column":23}},"1":{"start":{"line":6,"column":21},"end":{"line":14,"column":1}},"2":{"start":{"line":7,"column":19},"end":{"line":11,"column":4}},"3":{"start":{"line":13,"column":2},"end":{"line":13,"column":23}},"4":{"start":{"line":16,"column":26},"end":{"line":27,"column":1}},"5":{"start":{"line":17,"column":57},"end":{"line":17,"column":61}},"6":{"start":{"line":18,"column":19},"end":{"line":24,"column":4}},"7":{"start":{"line":26,"column":2},"end":{"line":26,"column":23}},"8":{"start":{"line":28,"column":26},"end":{"line":31,"column":1}},"9":{"start":{"line":29,"column":19},"end":{"line":29,"column":53}},"10":{"start":{"line":30,"column":2},"end":{"line":30,"column":23}},"11":{"start":{"line":32,"column":31},"end":{"line":35,"column":1}},"12":{"start":{"line":33,"column":19},"end":{"line":33,"column":65}},"13":{"start":{"line":34,"column":2},"end":{"line":34,"column":23}},"14":{"start":{"line":36,"column":33},"end":{"line":39,"column":1}},"15":{"start":{"line":37,"column":19},"end":{"line":37,"column":70}},"16":{"start":{"line":38,"column":2},"end":{"line":38,"column":23}}},"fnMap":{"0":{"name":"(anonymous_0)","decl":{"start":{"line":6,"column":21},"end":{"line":6,"column":22}},"loc":{"start":{"line":6,"column":67},"end":{"line":14,"column":1}},"line":6},"1":{"name":"(anonymous_1)","decl":{"start":{"line":16,"column":26},"end":{"line":16,"column":27}},"loc":{"start":{"line":16,"column":48},"end":{"line":27,"column":1}},"line":16},"2":{"name":"(anonymous_2)","decl":{"start":{"line":28,"column":26},"end":{"line":28,"column":27}},"loc":{"start":{"line":28,"column":66},"end":{"line":31,"column":1}},"line":28},"3":{"name":"(anonymous_3)","decl":{"start":{"line":32,"column":31},"end":{"line":32,"column":32}},"loc":{"start":{"line":32,"column":63},"end":{"line":35,"column":1}},"line":32},"4":{"name":"(anonymous_4)","decl":{"start":{"line":36,"column":33},"end":{"line":36,"column":34}},"loc":{"start":{"line":36,"column":65},"end":{"line":39,"column":1}},"line":36}},"branchMap":{},"s":{"0":5,"1":5,"2":2,"3":1,"4":5,"5":1,"6":1,"7":1,"8":5,"9":1,"10":1,"11":5,"12":1,"13":1,"14":5,"15":1,"16":1},"f":{"0":2,"1":1,"2":1,"3":1,"4":1},"b":{},"_coverageSchema":"1a1c01bbd47fc00a2c39e90264f33305004495a9","hash":"6c08f0284c822d1739a8ad5e762a7c7d54854398"}
,"C:\\Users\\manso\\Documents\\projects_PTS2\\ESS\\administration\\src\\common\\api\\axios.ts": {"path":"C:\\Users\\manso\\Documents\\projects_PTS2\\ESS\\administration\\src\\common\\api\\axios.ts","statementMap":{"0":{"start":{"line":4,"column":12},"end":{"line":8,"column":2}},"1":{"start":{"line":11,"column":0},"end":{"line":20,"column":2}},"2":{"start":{"line":13,"column":17},"end":{"line":13,"column":64}},"3":{"start":{"line":14,"column":4},"end":{"line":16,"column":5}},"4":{"start":{"line":15,"column":6},"end":{"line":15,"column":60}},"5":{"start":{"line":17,"column":4},"end":{"line":17,"column":18}},"6":{"start":{"line":19,"column":13},"end":{"line":19,"column":34}}},"fnMap":{"0":{"name":"(anonymous_0)","decl":{"start":{"line":12,"column":2},"end":{"line":12,"column":3}},"loc":{"start":{"line":12,"column":14},"end":{"line":18,"column":3}},"line":12},"1":{"name":"(anonymous_1)","decl":{"start":{"line":19,"column":2},"end":{"line":19,"column":3}},"loc":{"start":{"line":19,"column":13},"end":{"line":19,"column":34}},"line":19}},"branchMap":{"0":{"loc":{"start":{"line":14,"column":4},"end":{"line":16,"column":5}},"type":"if","locations":[{"start":{"line":14,"column":4},"end":{"line":16,"column":5}},{"start":{},"end":{}}],"line":14}},"s":{"0":18,"1":18,"2":0,"3":0,"4":0,"5":0,"6":0},"f":{"0":0,"1":0},"b":{"0":[0,0]},"_coverageSchema":"1a1c01bbd47fc00a2c39e90264f33305004495a9","hash":"418f195bc6cbf34dae56916796453d80fc405389"}
,"C:\\Users\\manso\\Documents\\projects_PTS2\\ESS\\administration\\src\\common\\api\\configuration-api.ts": {"path":"C:\\Users\\manso\\Documents\\projects_PTS2\\ESS\\administration\\src\\common\\api\\configuration-api.ts","statementMap":{"0":{"start":{"line":3,"column":16},"end":{"line":3,"column":32}},"1":{"start":{"line":5,"column":34},"end":{"line":8,"column":1}},"2":{"start":{"line":6,"column":19},"end":{"line":6,"column":77}},"3":{"start":{"line":7,"column":2},"end":{"line":7,"column":23}}},"fnMap":{"0":{"name":"(anonymous_0)","decl":{"start":{"line":5,"column":34},"end":{"line":5,"column":35}},"loc":{"start":{"line":5,"column":59},"end":{"line":8,"column":1}},"line":5}},"branchMap":{},"s":{"0":2,"1":2,"2":3,"3":2},"f":{"0":3},"b":{},"_coverageSchema":"1a1c01bbd47fc00a2c39e90264f33305004495a9","hash":"14b6413b53ef3a6d01662989dfd7d3d36ee89f19"}
,"C:\\Users\\manso\\Documents\\projects_PTS2\\ESS\\administration\\src\\common\\api\\controller-api.ts": {"path":"C:\\Users\\manso\\Documents\\projects_PTS2\\ESS\\administration\\src\\common\\api\\controller-api.ts","statementMap":{"0":{"start":{"line":4,"column":16},"end":{"line":4,"column":34}},"1":{"start":{"line":6,"column":20},"end":{"line":6,"column":30}},"2":{"start":{"line":8,"column":24},"end":{"line":17,"column":1}},"3":{"start":{"line":12,"column":19},"end":{"line":14,"column":3}},"4":{"start":{"line":16,"column":2},"end":{"line":16,"column":23}}},"fnMap":{"0":{"name":"(anonymous_0)","decl":{"start":{"line":8,"column":24},"end":{"line":8,"column":25}},"loc":{"start":{"line":11,"column":27},"end":{"line":17,"column":1}},"line":11}},"branchMap":{},"s":{"0":2,"1":2,"2":2,"3":3,"4":2},"f":{"0":3},"b":{},"_coverageSchema":"1a1c01bbd47fc00a2c39e90264f33305004495a9","hash":"f37ab071f20af6a2b361facea1ad80990bb39f10"}
,"C:\\Users\\manso\\Documents\\projects_PTS2\\ESS\\administration\\src\\common\\api\\customerAccount-api.ts": {"path":"C:\\Users\\manso\\Documents\\projects_PTS2\\ESS\\administration\\src\\common\\api\\customerAccount-api.ts","statementMap":{"0":{"start":{"line":5,"column":16},"end":{"line":5,"column":34}},"1":{"start":{"line":13,"column":35},"end":{"line":54,"column":1}},"2":{"start":{"line":25,"column":12},"end":{"line":25,"column":24}},"3":{"start":{"line":27,"column":36},"end":{"line":27,"column":44}},"4":{"start":{"line":29,"column":23},"end":{"line":29,"column":44}},"5":{"start":{"line":31,"column":2},"end":{"line":35,"column":3}},"6":{"start":{"line":32,"column":4},"end":{"line":32,"column":21}},"7":{"start":{"line":34,"column":4},"end":{"line":34,"column":40}},"8":{"start":{"line":37,"column":2},"end":{"line":39,"column":3}},"9":{"start":{"line":38,"column":4},"end":{"line":38,"column":38}},"10":{"start":{"line":41,"column":2},"end":{"line":43,"column":3}},"11":{"start":{"line":42,"column":4},"end":{"line":42,"column":44}},"12":{"start":{"line":45,"column":2},"end":{"line":47,"column":3}},"13":{"start":{"line":46,"column":4},"end":{"line":46,"column":42}},"14":{"start":{"line":48,"column":2},"end":{"line":48,"column":47}},"15":{"start":{"line":49,"column":2},"end":{"line":49,"column":47}},"16":{"start":{"line":51,"column":19},"end":{"line":51,"column":69}},"17":{"start":{"line":53,"column":2},"end":{"line":53,"column":23}},"18":{"start":{"line":56,"column":41},"end":{"line":62,"column":1}},"19":{"start":{"line":57,"column":19},"end":{"line":59,"column":3}},"20":{"start":{"line":61,"column":2},"end":{"line":61,"column":23}},"21":{"start":{"line":64,"column":39},"end":{"line":68,"column":1}},"22":{"start":{"line":65,"column":19},"end":{"line":65,"column":61}},"23":{"start":{"line":67,"column":2},"end":{"line":67,"column":23}},"24":{"start":{"line":70,"column":41},"end":{"line":75,"column":1}},"25":{"start":{"line":73,"column":19},"end":{"line":73,"column":63}},"26":{"start":{"line":74,"column":2},"end":{"line":74,"column":23}},"27":{"start":{"line":77,"column":29},"end":{"line":80,"column":1}},"28":{"start":{"line":78,"column":19},"end":{"line":78,"column":60}},"29":{"start":{"line":79,"column":2},"end":{"line":79,"column":23}},"30":{"start":{"line":82,"column":29},"end":{"line":85,"column":1}},"31":{"start":{"line":83,"column":19},"end":{"line":83,"column":62}},"32":{"start":{"line":84,"column":2},"end":{"line":84,"column":23}},"33":{"start":{"line":86,"column":37},"end":{"line":91,"column":1}},"34":{"start":{"line":89,"column":19},"end":{"line":89,"column":60}},"35":{"start":{"line":90,"column":2},"end":{"line":90,"column":23}},"36":{"start":{"line":93,"column":26},"end":{"line":98,"column":1}},"37":{"start":{"line":97,"column":2},"end":{"line":97,"column":73}},"38":{"start":{"line":100,"column":22},"end":{"line":110,"column":1}},"39":{"start":{"line":105,"column":19},"end":{"line":107,"column":3}},"40":{"start":{"line":109,"column":2},"end":{"line":109,"column":23}}},"fnMap":{"0":{"name":"(anonymous_0)","decl":{"start":{"line":13,"column":35},"end":{"line":13,"column":36}},"loc":{"start":{"line":24,"column":6},"end":{"line":54,"column":1}},"line":24},"1":{"name":"(anonymous_1)","decl":{"start":{"line":56,"column":41},"end":{"line":56,"column":42}},"loc":{"start":{"line":56,"column":78},"end":{"line":62,"column":1}},"line":56},"2":{"name":"(anonymous_2)","decl":{"start":{"line":64,"column":39},"end":{"line":64,"column":40}},"loc":{"start":{"line":64,"column":70},"end":{"line":68,"column":1}},"line":64},"3":{"name":"(anonymous_3)","decl":{"start":{"line":70,"column":41},"end":{"line":70,"column":42}},"loc":{"start":{"line":72,"column":20},"end":{"line":75,"column":1}},"line":72},"4":{"name":"(anonymous_4)","decl":{"start":{"line":77,"column":29},"end":{"line":77,"column":30}},"loc":{"start":{"line":77,"column":75},"end":{"line":80,"column":1}},"line":77},"5":{"name":"(anonymous_5)","decl":{"start":{"line":82,"column":29},"end":{"line":82,"column":30}},"loc":{"start":{"line":82,"column":65},"end":{"line":85,"column":1}},"line":82},"6":{"name":"(anonymous_6)","decl":{"start":{"line":86,"column":37},"end":{"line":86,"column":38}},"loc":{"start":{"line":88,"column":31},"end":{"line":91,"column":1}},"line":88},"7":{"name":"(anonymous_7)","decl":{"start":{"line":93,"column":26},"end":{"line":93,"column":27}},"loc":{"start":{"line":96,"column":20},"end":{"line":98,"column":1}},"line":96},"8":{"name":"(anonymous_8)","decl":{"start":{"line":100,"column":22},"end":{"line":100,"column":23}},"loc":{"start":{"line":104,"column":5},"end":{"line":110,"column":1}},"line":104}},"branchMap":{"0":{"loc":{"start":{"line":14,"column":2},"end":{"line":14,"column":46}},"type":"default-arg","locations":[{"start":{"line":14,"column":44},"end":{"line":14,"column":46}}],"line":14},"1":{"loc":{"start":{"line":31,"column":2},"end":{"line":35,"column":3}},"type":"if","locations":[{"start":{"line":31,"column":2},"end":{"line":35,"column":3}},{"start":{"line":33,"column":9},"end":{"line":35,"column":3}}],"line":31},"2":{"loc":{"start":{"line":31,"column":6},"end":{"line":31,"column":31}},"type":"binary-expr","locations":[{"start":{"line":31,"column":6},"end":{"line":31,"column":10}},{"start":{"line":31,"column":14},"end":{"line":31,"column":20}},{"start":{"line":31,"column":24},"end":{"line":31,"column":31}}],"line":31},"3":{"loc":{"start":{"line":37,"column":2},"end":{"line":39,"column":3}},"type":"if","locations":[{"start":{"line":37,"column":2},"end":{"line":39,"column":3}},{"start":{},"end":{}}],"line":37},"4":{"loc":{"start":{"line":41,"column":2},"end":{"line":43,"column":3}},"type":"if","locations":[{"start":{"line":41,"column":2},"end":{"line":43,"column":3}},{"start":{},"end":{}}],"line":41},"5":{"loc":{"start":{"line":45,"column":2},"end":{"line":47,"column":3}},"type":"if","locations":[{"start":{"line":45,"column":2},"end":{"line":47,"column":3}},{"start":{},"end":{}}],"line":45}},"s":{"0":3,"1":3,"2":1,"3":1,"4":1,"5":1,"6":1,"7":0,"8":1,"9":1,"10":1,"11":0,"12":1,"13":0,"14":1,"15":1,"16":1,"17":1,"18":3,"19":1,"20":1,"21":3,"22":1,"23":1,"24":3,"25":3,"26":2,"27":3,"28":4,"29":3,"30":3,"31":1,"32":1,"33":3,"34":1,"35":1,"36":3,"37":1,"38":3,"39":1,"40":1},"f":{"0":1,"1":1,"2":1,"3":3,"4":4,"5":1,"6":1,"7":1,"8":1},"b":{"0":[0],"1":[1,0],"2":[1,0,0],"3":[1,0],"4":[0,1],"5":[0,1]},"_coverageSchema":"1a1c01bbd47fc00a2c39e90264f33305004495a9","hash":"3bae0ff2bf1216c89529732d404e1928b5f7341c"}
,"C:\\Users\\manso\\Documents\\projects_PTS2\\ESS\\administration\\src\\common\\api\\forgot-password-api.ts": {"path":"C:\\Users\\manso\\Documents\\projects_PTS2\\ESS\\administration\\src\\common\\api\\forgot-password-api.ts","statementMap":{"0":{"start":{"line":3,"column":16},"end":{"line":3,"column":23}},"1":{"start":{"line":5,"column":30},"end":{"line":8,"column":1}},"2":{"start":{"line":6,"column":22},"end":{"line":6,"column":81}},"3":{"start":{"line":7,"column":4},"end":{"line":7,"column":25}},"4":{"start":{"line":10,"column":29},"end":{"line":13,"column":1}},"5":{"start":{"line":11,"column":23},"end":{"line":11,"column":104}},"6":{"start":{"line":12,"column":6},"end":{"line":12,"column":27}}},"fnMap":{"0":{"name":"(anonymous_0)","decl":{"start":{"line":5,"column":30},"end":{"line":5,"column":31}},"loc":{"start":{"line":5,"column":55},"end":{"line":8,"column":1}},"line":5},"1":{"name":"(anonymous_1)","decl":{"start":{"line":10,"column":29},"end":{"line":10,"column":30}},"loc":{"start":{"line":10,"column":84},"end":{"line":13,"column":1}},"line":10}},"branchMap":{},"s":{"0":1,"1":1,"2":1,"3":1,"4":1,"5":2,"6":2},"f":{"0":1,"1":2},"b":{},"_coverageSchema":"1a1c01bbd47fc00a2c39e90264f33305004495a9","hash":"b760cd6de2f7c78772e0e5719b6f0617166b69f5"}
,"C:\\Users\\manso\\Documents\\projects_PTS2\\ESS\\administration\\src\\common\\api\\general-user-api.ts": {"path":"C:\\Users\\manso\\Documents\\projects_PTS2\\ESS\\administration\\src\\common\\api\\general-user-api.ts","statementMap":{"0":{"start":{"line":4,"column":16},"end":{"line":4,"column":23}},"1":{"start":{"line":12,"column":24},"end":{"line":54,"column":1}},"2":{"start":{"line":24,"column":12},"end":{"line":24,"column":24}},"3":{"start":{"line":26,"column":36},"end":{"line":26,"column":44}},"4":{"start":{"line":28,"column":23},"end":{"line":28,"column":44}},"5":{"start":{"line":30,"column":2},"end":{"line":34,"column":3}},"6":{"start":{"line":31,"column":4},"end":{"line":31,"column":21}},"7":{"start":{"line":33,"column":4},"end":{"line":33,"column":40}},"8":{"start":{"line":36,"column":2},"end":{"line":38,"column":3}},"9":{"start":{"line":37,"column":4},"end":{"line":37,"column":38}},"10":{"start":{"line":40,"column":2},"end":{"line":42,"column":3}},"11":{"start":{"line":41,"column":4},"end":{"line":41,"column":44}},"12":{"start":{"line":44,"column":2},"end":{"line":46,"column":3}},"13":{"start":{"line":45,"column":4},"end":{"line":45,"column":42}},"14":{"start":{"line":48,"column":2},"end":{"line":48,"column":47}},"15":{"start":{"line":49,"column":2},"end":{"line":49,"column":47}},"16":{"start":{"line":51,"column":19},"end":{"line":51,"column":69}},"17":{"start":{"line":53,"column":2},"end":{"line":53,"column":23}},"18":{"start":{"line":56,"column":23},"end":{"line":58,"column":1}},"19":{"start":{"line":57,"column":2},"end":{"line":57,"column":41}},"20":{"start":{"line":60,"column":31},"end":{"line":65,"column":1}},"21":{"start":{"line":63,"column":19},"end":{"line":63,"column":57}},"22":{"start":{"line":64,"column":2},"end":{"line":64,"column":23}},"23":{"start":{"line":67,"column":28},"end":{"line":71,"column":1}},"24":{"start":{"line":68,"column":19},"end":{"line":68,"column":62}},"25":{"start":{"line":70,"column":2},"end":{"line":70,"column":23}},"26":{"start":{"line":73,"column":30},"end":{"line":76,"column":1}},"27":{"start":{"line":74,"column":19},"end":{"line":74,"column":64}},"28":{"start":{"line":75,"column":2},"end":{"line":75,"column":23}},"29":{"start":{"line":78,"column":33},"end":{"line":82,"column":1}},"30":{"start":{"line":79,"column":19},"end":{"line":79,"column":67}},"31":{"start":{"line":81,"column":2},"end":{"line":81,"column":23}},"32":{"start":{"line":84,"column":30},"end":{"line":88,"column":1}},"33":{"start":{"line":85,"column":19},"end":{"line":85,"column":61}},"34":{"start":{"line":87,"column":2},"end":{"line":87,"column":23}},"35":{"start":{"line":90,"column":26},"end":{"line":93,"column":1}},"36":{"start":{"line":91,"column":19},"end":{"line":91,"column":59}},"37":{"start":{"line":92,"column":2},"end":{"line":92,"column":23}}},"fnMap":{"0":{"name":"(anonymous_0)","decl":{"start":{"line":12,"column":24},"end":{"line":12,"column":25}},"loc":{"start":{"line":23,"column":6},"end":{"line":54,"column":1}},"line":23},"1":{"name":"(anonymous_1)","decl":{"start":{"line":56,"column":23},"end":{"line":56,"column":24}},"loc":{"start":{"line":56,"column":67},"end":{"line":58,"column":1}},"line":56},"2":{"name":"(anonymous_2)","decl":{"start":{"line":60,"column":31},"end":{"line":60,"column":32}},"loc":{"start":{"line":62,"column":27},"end":{"line":65,"column":1}},"line":62},"3":{"name":"(anonymous_3)","decl":{"start":{"line":67,"column":28},"end":{"line":67,"column":29}},"loc":{"start":{"line":67,"column":50},"end":{"line":71,"column":1}},"line":67},"4":{"name":"(anonymous_4)","decl":{"start":{"line":73,"column":30},"end":{"line":73,"column":31}},"loc":{"start":{"line":73,"column":52},"end":{"line":76,"column":1}},"line":73},"5":{"name":"(anonymous_5)","decl":{"start":{"line":78,"column":33},"end":{"line":78,"column":34}},"loc":{"start":{"line":78,"column":61},"end":{"line":82,"column":1}},"line":78},"6":{"name":"(anonymous_6)","decl":{"start":{"line":84,"column":30},"end":{"line":84,"column":31}},"loc":{"start":{"line":84,"column":55},"end":{"line":88,"column":1}},"line":84},"7":{"name":"(anonymous_7)","decl":{"start":{"line":90,"column":26},"end":{"line":90,"column":27}},"loc":{"start":{"line":90,"column":55},"end":{"line":93,"column":1}},"line":90}},"branchMap":{"0":{"loc":{"start":{"line":13,"column":2},"end":{"line":13,"column":35}},"type":"default-arg","locations":[{"start":{"line":13,"column":33},"end":{"line":13,"column":35}}],"line":13},"1":{"loc":{"start":{"line":30,"column":2},"end":{"line":34,"column":3}},"type":"if","locations":[{"start":{"line":30,"column":2},"end":{"line":34,"column":3}},{"start":{"line":32,"column":9},"end":{"line":34,"column":3}}],"line":30},"2":{"loc":{"start":{"line":30,"column":6},"end":{"line":30,"column":31}},"type":"binary-expr","locations":[{"start":{"line":30,"column":6},"end":{"line":30,"column":10}},{"start":{"line":30,"column":14},"end":{"line":30,"column":20}},{"start":{"line":30,"column":24},"end":{"line":30,"column":31}}],"line":30},"3":{"loc":{"start":{"line":36,"column":2},"end":{"line":38,"column":3}},"type":"if","locations":[{"start":{"line":36,"column":2},"end":{"line":38,"column":3}},{"start":{},"end":{}}],"line":36},"4":{"loc":{"start":{"line":40,"column":2},"end":{"line":42,"column":3}},"type":"if","locations":[{"start":{"line":40,"column":2},"end":{"line":42,"column":3}},{"start":{},"end":{}}],"line":40},"5":{"loc":{"start":{"line":44,"column":2},"end":{"line":46,"column":3}},"type":"if","locations":[{"start":{"line":44,"column":2},"end":{"line":46,"column":3}},{"start":{},"end":{}}],"line":44}},"s":{"0":18,"1":18,"2":0,"3":0,"4":0,"5":0,"6":0,"7":0,"8":0,"9":0,"10":0,"11":0,"12":0,"13":0,"14":0,"15":0,"16":0,"17":0,"18":18,"19":0,"20":18,"21":0,"22":0,"23":18,"24":0,"25":0,"26":18,"27":0,"28":0,"29":18,"30":0,"31":0,"32":18,"33":0,"34":0,"35":18,"36":0,"37":0},"f":{"0":0,"1":0,"2":0,"3":0,"4":0,"5":0,"6":0,"7":0},"b":{"0":[0],"1":[0,0],"2":[0,0,0],"3":[0,0],"4":[0,0],"5":[0,0]},"_coverageSchema":"1a1c01bbd47fc00a2c39e90264f33305004495a9","hash":"df9ab0cea2b018b7dc9cdfdd5cf4c302e86d9813"}
,"C:\\Users\\manso\\Documents\\projects_PTS2\\ESS\\administration\\src\\common\\api\\reference-data-api.ts": {"path":"C:\\Users\\manso\\Documents\\projects_PTS2\\ESS\\administration\\src\\common\\api\\reference-data-api.ts","statementMap":{"0":{"start":{"line":4,"column":16},"end":{"line":4,"column":32}},"1":{"start":{"line":6,"column":32},"end":{"line":10,"column":1}},"2":{"start":{"line":7,"column":19},"end":{"line":7,"column":56}},"3":{"start":{"line":9,"column":2},"end":{"line":9,"column":23}}},"fnMap":{"0":{"name":"(anonymous_0)","decl":{"start":{"line":6,"column":32},"end":{"line":6,"column":33}},"loc":{"start":{"line":6,"column":64},"end":{"line":10,"column":1}},"line":6}},"branchMap":{},"s":{"0":1,"1":1,"2":1,"3":1},"f":{"0":1},"b":{},"_coverageSchema":"1a1c01bbd47fc00a2c39e90264f33305004495a9","hash":"be6e78486f4075e4fad464e2e70819342fd3c8f1"}
,"C:\\Users\\manso\\Documents\\projects_PTS2\\ESS\\administration\\src\\common\\api\\station-api.ts": {"path":"C:\\Users\\manso\\Documents\\projects_PTS2\\ESS\\administration\\src\\common\\api\\station-api.ts","statementMap":{"0":{"start":{"line":5,"column":16},"end":{"line":5,"column":34}},"1":{"start":{"line":13,"column":33},"end":{"line":24,"column":1}},"2":{"start":{"line":14,"column":19},"end":{"line":21,"column":3}},"3":{"start":{"line":23,"column":2},"end":{"line":23,"column":23}},"4":{"start":{"line":26,"column":27},"end":{"line":28,"column":1}},"5":{"start":{"line":27,"column":2},"end":{"line":27,"column":54}},"6":{"start":{"line":30,"column":29},"end":{"line":42,"column":1}},"7":{"start":{"line":31,"column":52},"end":{"line":31,"column":59}},"8":{"start":{"line":33,"column":19},"end":{"line":39,"column":4}},"9":{"start":{"line":41,"column":2},"end":{"line":41,"column":23}},"10":{"start":{"line":44,"column":29},"end":{"line":53,"column":1}},"11":{"start":{"line":48,"column":19},"end":{"line":51,"column":3}},"12":{"start":{"line":52,"column":2},"end":{"line":52,"column":23}},"13":{"start":{"line":55,"column":29},"end":{"line":59,"column":1}},"14":{"start":{"line":56,"column":19},"end":{"line":56,"column":70}},"15":{"start":{"line":58,"column":2},"end":{"line":58,"column":23}},"16":{"start":{"line":60,"column":33},"end":{"line":65,"column":1}},"17":{"start":{"line":63,"column":19},"end":{"line":63,"column":42}},"18":{"start":{"line":64,"column":2},"end":{"line":64,"column":50}},"19":{"start":{"line":66,"column":43},"end":{"line":70,"column":1}},"20":{"start":{"line":67,"column":19},"end":{"line":67,"column":60}},"21":{"start":{"line":69,"column":2},"end":{"line":69,"column":23}},"22":{"start":{"line":71,"column":40},"end":{"line":75,"column":1}},"23":{"start":{"line":72,"column":19},"end":{"line":72,"column":57}},"24":{"start":{"line":74,"column":2},"end":{"line":74,"column":23}},"25":{"start":{"line":76,"column":45},"end":{"line":80,"column":1}},"26":{"start":{"line":77,"column":19},"end":{"line":77,"column":57}},"27":{"start":{"line":79,"column":2},"end":{"line":79,"column":23}},"28":{"start":{"line":81,"column":27},"end":{"line":123,"column":1}},"29":{"start":{"line":94,"column":12},"end":{"line":94,"column":75}},"30":{"start":{"line":96,"column":36},"end":{"line":96,"column":57}},"31":{"start":{"line":98,"column":23},"end":{"line":98,"column":44}},"32":{"start":{"line":100,"column":2},"end":{"line":104,"column":3}},"33":{"start":{"line":101,"column":4},"end":{"line":101,"column":21}},"34":{"start":{"line":103,"column":4},"end":{"line":103,"column":19}},"35":{"start":{"line":106,"column":2},"end":{"line":108,"column":3}},"36":{"start":{"line":107,"column":4},"end":{"line":107,"column":38}},"37":{"start":{"line":110,"column":2},"end":{"line":112,"column":3}},"38":{"start":{"line":111,"column":4},"end":{"line":111,"column":44}},"39":{"start":{"line":114,"column":2},"end":{"line":116,"column":3}},"40":{"start":{"line":115,"column":4},"end":{"line":115,"column":42}},"41":{"start":{"line":117,"column":2},"end":{"line":117,"column":47}},"42":{"start":{"line":118,"column":2},"end":{"line":118,"column":47}},"43":{"start":{"line":120,"column":19},"end":{"line":120,"column":69}},"44":{"start":{"line":122,"column":2},"end":{"line":122,"column":23}},"45":{"start":{"line":125,"column":29},"end":{"line":130,"column":1}},"46":{"start":{"line":128,"column":19},"end":{"line":128,"column":75}},"47":{"start":{"line":129,"column":2},"end":{"line":129,"column":23}},"48":{"start":{"line":132,"column":31},"end":{"line":141,"column":1}},"49":{"start":{"line":136,"column":19},"end":{"line":138,"column":3}},"50":{"start":{"line":140,"column":2},"end":{"line":140,"column":23}},"51":{"start":{"line":143,"column":33},"end":{"line":151,"column":1}},"52":{"start":{"line":147,"column":19},"end":{"line":149,"column":3}},"53":{"start":{"line":150,"column":2},"end":{"line":150,"column":23}},"54":{"start":{"line":152,"column":34},"end":{"line":160,"column":1}},"55":{"start":{"line":156,"column":19},"end":{"line":158,"column":3}},"56":{"start":{"line":159,"column":2},"end":{"line":159,"column":23}},"57":{"start":{"line":162,"column":38},"end":{"line":171,"column":1}},"58":{"start":{"line":166,"column":19},"end":{"line":168,"column":3}},"59":{"start":{"line":170,"column":2},"end":{"line":170,"column":23}}},"fnMap":{"0":{"name":"(anonymous_0)","decl":{"start":{"line":13,"column":33},"end":{"line":13,"column":34}},"loc":{"start":{"line":13,"column":73},"end":{"line":24,"column":1}},"line":13},"1":{"name":"(anonymous_1)","decl":{"start":{"line":26,"column":27},"end":{"line":26,"column":28}},"loc":{"start":{"line":26,"column":49},"end":{"line":28,"column":1}},"line":26},"2":{"name":"(anonymous_2)","decl":{"start":{"line":30,"column":29},"end":{"line":30,"column":30}},"loc":{"start":{"line":30,"column":69},"end":{"line":42,"column":1}},"line":30},"3":{"name":"(anonymous_3)","decl":{"start":{"line":44,"column":29},"end":{"line":44,"column":30}},"loc":{"start":{"line":47,"column":5},"end":{"line":53,"column":1}},"line":47},"4":{"name":"(anonymous_4)","decl":{"start":{"line":55,"column":29},"end":{"line":55,"column":30}},"loc":{"start":{"line":55,"column":57},"end":{"line":59,"column":1}},"line":55},"5":{"name":"(anonymous_5)","decl":{"start":{"line":60,"column":33},"end":{"line":60,"column":34}},"loc":{"start":{"line":62,"column":30},"end":{"line":65,"column":1}},"line":62},"6":{"name":"(anonymous_6)","decl":{"start":{"line":66,"column":43},"end":{"line":66,"column":44}},"loc":{"start":{"line":66,"column":65},"end":{"line":70,"column":1}},"line":66},"7":{"name":"(anonymous_7)","decl":{"start":{"line":71,"column":40},"end":{"line":71,"column":41}},"loc":{"start":{"line":71,"column":62},"end":{"line":75,"column":1}},"line":71},"8":{"name":"(anonymous_8)","decl":{"start":{"line":76,"column":45},"end":{"line":76,"column":46}},"loc":{"start":{"line":76,"column":67},"end":{"line":80,"column":1}},"line":76},"9":{"name":"(anonymous_9)","decl":{"start":{"line":81,"column":27},"end":{"line":81,"column":28}},"loc":{"start":{"line":93,"column":6},"end":{"line":123,"column":1}},"line":93},"10":{"name":"(anonymous_10)","decl":{"start":{"line":125,"column":29},"end":{"line":125,"column":30}},"loc":{"start":{"line":127,"column":33},"end":{"line":130,"column":1}},"line":127},"11":{"name":"(anonymous_11)","decl":{"start":{"line":132,"column":31},"end":{"line":132,"column":32}},"loc":{"start":{"line":135,"column":5},"end":{"line":141,"column":1}},"line":135},"12":{"name":"(anonymous_12)","decl":{"start":{"line":143,"column":33},"end":{"line":143,"column":34}},"loc":{"start":{"line":146,"column":5},"end":{"line":151,"column":1}},"line":146},"13":{"name":"(anonymous_13)","decl":{"start":{"line":152,"column":34},"end":{"line":152,"column":35}},"loc":{"start":{"line":155,"column":31},"end":{"line":160,"column":1}},"line":155},"14":{"name":"(anonymous_14)","decl":{"start":{"line":162,"column":38},"end":{"line":162,"column":39}},"loc":{"start":{"line":165,"column":5},"end":{"line":171,"column":1}},"line":165}},"branchMap":{"0":{"loc":{"start":{"line":64,"column":9},"end":{"line":64,"column":49}},"type":"cond-expr","locations":[{"start":{"line":64,"column":31},"end":{"line":64,"column":42}},{"start":{"line":64,"column":45},"end":{"line":64,"column":49}}],"line":64},"1":{"loc":{"start":{"line":82,"column":2},"end":{"line":84,"column":3}},"type":"default-arg","locations":[{"start":{"line":82,"column":49},"end":{"line":84,"column":3}}],"line":82},"2":{"loc":{"start":{"line":100,"column":2},"end":{"line":104,"column":3}},"type":"if","locations":[{"start":{"line":100,"column":2},"end":{"line":104,"column":3}},{"start":{"line":102,"column":9},"end":{"line":104,"column":3}}],"line":100},"3":{"loc":{"start":{"line":100,"column":6},"end":{"line":100,"column":31}},"type":"binary-expr","locations":[{"start":{"line":100,"column":6},"end":{"line":100,"column":10}},{"start":{"line":100,"column":14},"end":{"line":100,"column":20}},{"start":{"line":100,"column":24},"end":{"line":100,"column":31}}],"line":100},"4":{"loc":{"start":{"line":106,"column":2},"end":{"line":108,"column":3}},"type":"if","locations":[{"start":{"line":106,"column":2},"end":{"line":108,"column":3}},{"start":{},"end":{}}],"line":106},"5":{"loc":{"start":{"line":110,"column":2},"end":{"line":112,"column":3}},"type":"if","locations":[{"start":{"line":110,"column":2},"end":{"line":112,"column":3}},{"start":{},"end":{}}],"line":110},"6":{"loc":{"start":{"line":114,"column":2},"end":{"line":116,"column":3}},"type":"if","locations":[{"start":{"line":114,"column":2},"end":{"line":116,"column":3}},{"start":{},"end":{}}],"line":114}},"s":{"0":4,"1":4,"2":6,"3":5,"4":4,"5":4,"6":4,"7":1,"8":1,"9":1,"10":4,"11":1,"12":1,"13":4,"14":2,"15":1,"16":4,"17":3,"18":3,"19":4,"20":1,"21":1,"22":4,"23":1,"24":1,"25":4,"26":1,"27":1,"28":4,"29":2,"30":2,"31":2,"32":2,"33":1,"34":1,"35":2,"36":1,"37":2,"38":1,"39":2,"40":1,"41":2,"42":2,"43":2,"44":2,"45":4,"46":1,"47":1,"48":4,"49":1,"50":1,"51":4,"52":1,"53":1,"54":4,"55":1,"56":1,"57":4,"58":1,"59":1},"f":{"0":6,"1":4,"2":1,"3":1,"4":2,"5":3,"6":1,"7":1,"8":1,"9":2,"10":1,"11":1,"12":1,"13":1,"14":1},"b":{"0":[2,1],"1":[0],"2":[1,1],"3":[2,1,1],"4":[1,1],"5":[1,1],"6":[1,1]},"_coverageSchema":"1a1c01bbd47fc00a2c39e90264f33305004495a9","hash":"3d4838a359aba8cec22c27c208c4ff1023a60db5"}
,"C:\\Users\\manso\\Documents\\projects_PTS2\\ESS\\administration\\src\\common\\api\\websocket-api.ts": {"path":"C:\\Users\\manso\\Documents\\projects_PTS2\\ESS\\administration\\src\\common\\api\\websocket-api.ts","statementMap":{"0":{"start":{"line":3,"column":16},"end":{"line":3,"column":35}},"1":{"start":{"line":5,"column":42},"end":{"line":22,"column":1}},"2":{"start":{"line":6,"column":15},"end":{"line":17,"column":3}},"3":{"start":{"line":19,"column":19},"end":{"line":19,"column":48}},"4":{"start":{"line":21,"column":2},"end":{"line":21,"column":23}},"5":{"start":{"line":24,"column":43},"end":{"line":42,"column":1}},"6":{"start":{"line":26,"column":15},"end":{"line":37,"column":3}},"7":{"start":{"line":39,"column":19},"end":{"line":39,"column":48}},"8":{"start":{"line":41,"column":2},"end":{"line":41,"column":23}},"9":{"start":{"line":44,"column":38},"end":{"line":62,"column":1}},"10":{"start":{"line":45,"column":15},"end":{"line":57,"column":3}},"11":{"start":{"line":59,"column":19},"end":{"line":59,"column":48}},"12":{"start":{"line":61,"column":2},"end":{"line":61,"column":23}},"13":{"start":{"line":64,"column":37},"end":{"line":83,"column":1}},"14":{"start":{"line":66,"column":15},"end":{"line":78,"column":3}},"15":{"start":{"line":80,"column":19},"end":{"line":80,"column":48}},"16":{"start":{"line":82,"column":2},"end":{"line":82,"column":23}},"17":{"start":{"line":85,"column":33},"end":{"line":111,"column":1}},"18":{"start":{"line":91,"column":15},"end":{"line":106,"column":3}},"19":{"start":{"line":108,"column":19},"end":{"line":108,"column":48}},"20":{"start":{"line":110,"column":2},"end":{"line":110,"column":23}},"21":{"start":{"line":113,"column":39},"end":{"line":135,"column":1}},"22":{"start":{"line":118,"column":15},"end":{"line":130,"column":3}},"23":{"start":{"line":132,"column":19},"end":{"line":132,"column":48}},"24":{"start":{"line":134,"column":2},"end":{"line":134,"column":23}},"25":{"start":{"line":137,"column":37},"end":{"line":155,"column":1}},"26":{"start":{"line":138,"column":13},"end":{"line":150,"column":3}},"27":{"start":{"line":152,"column":19},"end":{"line":152,"column":48}},"28":{"start":{"line":154,"column":2},"end":{"line":154,"column":23}}},"fnMap":{"0":{"name":"(anonymous_0)","decl":{"start":{"line":5,"column":42},"end":{"line":5,"column":43}},"loc":{"start":{"line":5,"column":72},"end":{"line":22,"column":1}},"line":5},"1":{"name":"(anonymous_1)","decl":{"start":{"line":24,"column":43},"end":{"line":24,"column":44}},"loc":{"start":{"line":24,"column":74},"end":{"line":42,"column":1}},"line":24},"2":{"name":"(anonymous_2)","decl":{"start":{"line":44,"column":38},"end":{"line":44,"column":39}},"loc":{"start":{"line":44,"column":79},"end":{"line":62,"column":1}},"line":44},"3":{"name":"(anonymous_3)","decl":{"start":{"line":64,"column":37},"end":{"line":64,"column":38}},"loc":{"start":{"line":64,"column":77},"end":{"line":83,"column":1}},"line":64},"4":{"name":"(anonymous_4)","decl":{"start":{"line":85,"column":33},"end":{"line":85,"column":34}},"loc":{"start":{"line":90,"column":5},"end":{"line":111,"column":1}},"line":90},"5":{"name":"(anonymous_5)","decl":{"start":{"line":113,"column":39},"end":{"line":113,"column":40}},"loc":{"start":{"line":116,"column":5},"end":{"line":135,"column":1}},"line":116},"6":{"name":"(anonymous_6)","decl":{"start":{"line":137,"column":37},"end":{"line":137,"column":38}},"loc":{"start":{"line":137,"column":61},"end":{"line":155,"column":1}},"line":137}},"branchMap":{},"s":{"0":0,"1":0,"2":0,"3":0,"4":0,"5":0,"6":0,"7":0,"8":0,"9":0,"10":0,"11":0,"12":0,"13":0,"14":0,"15":0,"16":0,"17":0,"18":0,"19":0,"20":0,"21":0,"22":0,"23":0,"24":0,"25":0,"26":0,"27":0,"28":0},"f":{"0":0,"1":0,"2":0,"3":0,"4":0,"5":0,"6":0},"b":{}}
,"C:\\Users\\manso\\Documents\\projects_PTS2\\ESS\\administration\\src\\components\\LanguageSelector.tsx": {"path":"C:\\Users\\manso\\Documents\\projects_PTS2\\ESS\\administration\\src\\components\\LanguageSelector.tsx","statementMap":{"0":{"start":{"line":14,"column":25},"end":{"line":66,"column":1}},"1":{"start":{"line":15,"column":19},"end":{"line":15,"column":35}},"2":{"start":{"line":17,"column":25},"end":{"line":19,"column":3}},"3":{"start":{"line":18,"column":4},"end":{"line":18,"column":30}},"4":{"start":{"line":21,"column":26},"end":{"line":25,"column":3}},"5":{"start":{"line":27,"column":2},"end":{"line":65,"column":4}},"6":{"start":{"line":32,"column":45},"end":{"line":32,"column":75}},"7":{"start":{"line":41,"column":10},"end":{"line":61,"column":21}},"8":{"start":{"line":43,"column":27},"end":{"line":43,"column":55}}},"fnMap":{"0":{"name":"(anonymous_0)","decl":{"start":{"line":14,"column":25},"end":{"line":14,"column":26}},"loc":{"start":{"line":14,"column":31},"end":{"line":66,"column":1}},"line":14},"1":{"name":"(anonymous_1)","decl":{"start":{"line":17,"column":25},"end":{"line":17,"column":26}},"loc":{"start":{"line":17,"column":43},"end":{"line":19,"column":3}},"line":17},"2":{"name":"(anonymous_2)","decl":{"start":{"line":32,"column":33},"end":{"line":32,"column":34}},"loc":{"start":{"line":32,"column":45},"end":{"line":32,"column":75}},"line":32},"3":{"name":"(anonymous_3)","decl":{"start":{"line":40,"column":29},"end":{"line":40,"column":30}},"loc":{"start":{"line":41,"column":10},"end":{"line":61,"column":21}},"line":41},"4":{"name":"(anonymous_4)","decl":{"start":{"line":43,"column":21},"end":{"line":43,"column":22}},"loc":{"start":{"line":43,"column":27},"end":{"line":43,"column":55}},"line":43}},"branchMap":{"0":{"loc":{"start":{"line":55,"column":15},"end":{"line":59,"column":15}},"type":"binary-expr","locations":[{"start":{"line":55,"column":15},"end":{"line":55,"column":45}},{"start":{"line":56,"column":16},"end":{"line":58,"column":23}}],"line":55}},"s":{"0":0,"1":0,"2":0,"3":0,"4":0,"5":0,"6":0,"7":0,"8":0},"f":{"0":0,"1":0,"2":0,"3":0,"4":0},"b":{"0":[0,0]}}
,"C:\\Users\\manso\\Documents\\projects_PTS2\\ESS\\administration\\src\\components\\Card\\Card.tsx": {"path":"C:\\Users\\manso\\Documents\\projects_PTS2\\ESS\\administration\\src\\components\\Card\\Card.tsx","statementMap":{"0":{"start":{"line":3,"column":13},"end":{"line":12,"column":1}},"1":{"start":{"line":4,"column":41},"end":{"line":4,"column":46}},"2":{"start":{"line":5,"column":17},"end":{"line":5,"column":52}},"3":{"start":{"line":7,"column":2},"end":{"line":11,"column":4}}},"fnMap":{"0":{"name":"(anonymous_0)","decl":{"start":{"line":3,"column":13},"end":{"line":3,"column":14}},"loc":{"start":{"line":3,"column":29},"end":{"line":12,"column":1}},"line":3}},"branchMap":{},"s":{"0":1,"1":6,"2":6,"3":6},"f":{"0":6},"b":{},"_coverageSchema":"1a1c01bbd47fc00a2c39e90264f33305004495a9","hash":"99a54fd79990ec7341004998437a589e31161571"}
,"C:\\Users\\manso\\Documents\\projects_PTS2\\ESS\\administration\\src\\components\\Card\\CardBody.tsx": {"path":"C:\\Users\\manso\\Documents\\projects_PTS2\\ESS\\administration\\src\\components\\Card\\CardBody.tsx","statementMap":{"0":{"start":{"line":3,"column":17},"end":{"line":12,"column":1}},"1":{"start":{"line":4,"column":41},"end":{"line":4,"column":46}},"2":{"start":{"line":5,"column":17},"end":{"line":5,"column":56}},"3":{"start":{"line":7,"column":2},"end":{"line":11,"column":4}}},"fnMap":{"0":{"name":"(anonymous_0)","decl":{"start":{"line":3,"column":17},"end":{"line":3,"column":18}},"loc":{"start":{"line":3,"column":33},"end":{"line":12,"column":1}},"line":3}},"branchMap":{},"s":{"0":1,"1":6,"2":6,"3":6},"f":{"0":6},"b":{},"_coverageSchema":"1a1c01bbd47fc00a2c39e90264f33305004495a9","hash":"eab91d906835b5b4ce35bc006955fb78ae27609f"}
,"C:\\Users\\manso\\Documents\\projects_PTS2\\ESS\\administration\\src\\components\\Card\\CardHeader.tsx": {"path":"C:\\Users\\manso\\Documents\\projects_PTS2\\ESS\\administration\\src\\components\\Card\\CardHeader.tsx","statementMap":{"0":{"start":{"line":3,"column":19},"end":{"line":12,"column":1}},"1":{"start":{"line":4,"column":41},"end":{"line":4,"column":46}},"2":{"start":{"line":5,"column":17},"end":{"line":5,"column":58}},"3":{"start":{"line":7,"column":2},"end":{"line":11,"column":4}}},"fnMap":{"0":{"name":"(anonymous_0)","decl":{"start":{"line":3,"column":19},"end":{"line":3,"column":20}},"loc":{"start":{"line":3,"column":35},"end":{"line":12,"column":1}},"line":3}},"branchMap":{},"s":{"0":1,"1":6,"2":6,"3":6},"f":{"0":6},"b":{},"_coverageSchema":"1a1c01bbd47fc00a2c39e90264f33305004495a9","hash":"ab93ad6dffc411ac4eec572b53ad21f94beebe55"}
,"C:\\Users\\manso\\Documents\\projects_PTS2\\ESS\\administration\\src\\components\\Card\\CustomCard.tsx": {"path":"C:\\Users\\manso\\Documents\\projects_PTS2\\ESS\\administration\\src\\components\\Card\\CustomCard.tsx","statementMap":{"0":{"start":{"line":4,"column":19},"end":{"line":65,"column":1}},"1":{"start":{"line":10,"column":2},"end":{"line":64,"column":4}},"2":{"start":{"line":24,"column":21},"end":{"line":24,"column":35}}},"fnMap":{"0":{"name":"(anonymous_0)","decl":{"start":{"line":4,"column":19},"end":{"line":4,"column":20}},"loc":{"start":{"line":9,"column":23},"end":{"line":65,"column":1}},"line":9},"1":{"name":"(anonymous_1)","decl":{"start":{"line":24,"column":15},"end":{"line":24,"column":16}},"loc":{"start":{"line":24,"column":21},"end":{"line":24,"column":35}},"line":24}},"branchMap":{"0":{"loc":{"start":{"line":33,"column":9},"end":{"line":41,"column":9}},"type":"binary-expr","locations":[{"start":{"line":33,"column":9},"end":{"line":33,"column":15}},{"start":{"line":34,"column":10},"end":{"line":40,"column":12}}],"line":33},"1":{"loc":{"start":{"line":51,"column":11},"end":{"line":60,"column":11}},"type":"binary-expr","locations":[{"start":{"line":51,"column":11},"end":{"line":51,"column":22}},{"start":{"line":52,"column":12},"end":{"line":59,"column":19}}],"line":51}},"s":{"0":0,"1":0,"2":0},"f":{"0":0,"1":0},"b":{"0":[0,0],"1":[0,0]}}
,"C:\\Users\\manso\\Documents\\projects_PTS2\\ESS\\administration\\src\\components\\ColumnSelector\\ColumnSelector.tsx": {"path":"C:\\Users\\manso\\Documents\\projects_PTS2\\ESS\\administration\\src\\components\\ColumnSelector\\ColumnSelector.tsx","statementMap":{"0":{"start":{"line":19,"column":23},"end":{"line":73,"column":1}},"1":{"start":{"line":24,"column":30},"end":{"line":24,"column":54}},"2":{"start":{"line":26,"column":33},"end":{"line":42,"column":3}},"3":{"start":{"line":28,"column":4},"end":{"line":28,"column":28}},"4":{"start":{"line":28,"column":21},"end":{"line":28,"column":28}},"5":{"start":{"line":30,"column":4},"end":{"line":41,"column":7}},"6":{"start":{"line":31,"column":29},"end":{"line":33,"column":24}},"7":{"start":{"line":32,"column":39},"end":{"line":32,"column":50}},"8":{"start":{"line":36,"column":6},"end":{"line":38,"column":7}},"9":{"start":{"line":37,"column":8},"end":{"line":37,"column":36}},"10":{"start":{"line":40,"column":6},"end":{"line":40,"column":28}},"11":{"start":{"line":44,"column":2},"end":{"line":72,"column":4}},"12":{"start":{"line":45,"column":41},"end":{"line":45,"column":57}},"13":{"start":{"line":48,"column":23},"end":{"line":48,"column":41}},"14":{"start":{"line":56,"column":10},"end":{"line":68,"column":21}},"15":{"start":{"line":58,"column":27},"end":{"line":58,"column":61}}},"fnMap":{"0":{"name":"(anonymous_0)","decl":{"start":{"line":19,"column":23},"end":{"line":19,"column":24}},"loc":{"start":{"line":23,"column":27},"end":{"line":73,"column":1}},"line":23},"1":{"name":"(anonymous_1)","decl":{"start":{"line":26,"column":33},"end":{"line":26,"column":34}},"loc":{"start":{"line":26,"column":50},"end":{"line":42,"column":3}},"line":26},"2":{"name":"(anonymous_2)","decl":{"start":{"line":30,"column":22},"end":{"line":30,"column":23}},"loc":{"start":{"line":30,"column":42},"end":{"line":41,"column":5}},"line":30},"3":{"name":"(anonymous_3)","decl":{"start":{"line":32,"column":22},"end":{"line":32,"column":23}},"loc":{"start":{"line":32,"column":39},"end":{"line":32,"column":50}},"line":32},"4":{"name":"(anonymous_4)","decl":{"start":{"line":45,"column":35},"end":{"line":45,"column":36}},"loc":{"start":{"line":45,"column":41},"end":{"line":45,"column":57}},"line":45},"5":{"name":"(anonymous_5)","decl":{"start":{"line":48,"column":17},"end":{"line":48,"column":18}},"loc":{"start":{"line":48,"column":23},"end":{"line":48,"column":41}},"line":48},"6":{"name":"(anonymous_6)","decl":{"start":{"line":55,"column":24},"end":{"line":55,"column":25}},"loc":{"start":{"line":56,"column":10},"end":{"line":68,"column":21}},"line":56},"7":{"name":"(anonymous_7)","decl":{"start":{"line":58,"column":21},"end":{"line":58,"column":22}},"loc":{"start":{"line":58,"column":27},"end":{"line":58,"column":61}},"line":58}},"branchMap":{"0":{"loc":{"start":{"line":28,"column":4},"end":{"line":28,"column":28}},"type":"if","locations":[{"start":{"line":28,"column":4},"end":{"line":28,"column":28}},{"start":{},"end":{}}],"line":28},"1":{"loc":{"start":{"line":31,"column":29},"end":{"line":33,"column":24}},"type":"cond-expr","locations":[{"start":{"line":32,"column":10},"end":{"line":32,"column":51}},{"start":{"line":33,"column":10},"end":{"line":33,"column":24}}],"line":31},"2":{"loc":{"start":{"line":36,"column":6},"end":{"line":38,"column":7}},"type":"if","locations":[{"start":{"line":36,"column":6},"end":{"line":38,"column":7}},{"start":{},"end":{}}],"line":36},"3":{"loc":{"start":{"line":61,"column":15},"end":{"line":65,"column":15}},"type":"cond-expr","locations":[{"start":{"line":62,"column":16},"end":{"line":62,"column":77}},{"start":{"line":64,"column":16},"end":{"line":64,"column":72}}],"line":61}},"s":{"0":1,"1":6,"2":6,"3":0,"4":0,"5":0,"6":0,"7":0,"8":0,"9":0,"10":0,"11":6,"12":0,"13":0,"14":60,"15":0},"f":{"0":6,"1":0,"2":0,"3":0,"4":0,"5":0,"6":60,"7":0},"b":{"0":[0,0],"1":[0,0],"2":[0,0],"3":[60,0]},"_coverageSchema":"1a1c01bbd47fc00a2c39e90264f33305004495a9","hash":"1ea75773c779fb0f7e1c9ba87fcec55cbd45db4f"}
,"C:\\Users\\manso\\Documents\\projects_PTS2\\ESS\\administration\\src\\components\\Configurator\\Configurator.tsx": {"path":"C:\\Users\\manso\\Documents\\projects_PTS2\\ESS\\administration\\src\\components\\Configurator\\Configurator.tsx","statementMap":{"0":{"start":{"line":16,"column":21},"end":{"line":70,"column":1}},"1":{"start":{"line":17,"column":34},"end":{"line":17,"column":68}},"2":{"start":{"line":18,"column":16},"end":{"line":18,"column":32}},"3":{"start":{"line":20,"column":22},"end":{"line":20,"column":50}},"4":{"start":{"line":22,"column":2},"end":{"line":69,"column":4}},"5":{"start":{"line":53,"column":20},"end":{"line":59,"column":21}},"6":{"start":{"line":54,"column":22},"end":{"line":54,"column":44}},"7":{"start":{"line":55,"column":22},"end":{"line":55,"column":41}},"8":{"start":{"line":57,"column":22},"end":{"line":57,"column":43}},"9":{"start":{"line":58,"column":22},"end":{"line":58,"column":40}}},"fnMap":{"0":{"name":"(anonymous_0)","decl":{"start":{"line":16,"column":21},"end":{"line":16,"column":22}},"loc":{"start":{"line":16,"column":51},"end":{"line":70,"column":1}},"line":16},"1":{"name":"(anonymous_1)","decl":{"start":{"line":52,"column":28},"end":{"line":52,"column":29}},"loc":{"start":{"line":52,"column":34},"end":{"line":60,"column":19}},"line":52}},"branchMap":{"0":{"loc":{"start":{"line":53,"column":20},"end":{"line":59,"column":21}},"type":"if","locations":[{"start":{"line":53,"column":20},"end":{"line":59,"column":21}},{"start":{"line":56,"column":27},"end":{"line":59,"column":21}}],"line":53}},"s":{"0":1,"1":4,"2":4,"3":4,"4":4,"5":1,"6":0,"7":0,"8":1,"9":1},"f":{"0":4,"1":1},"b":{"0":[0,1]},"_coverageSchema":"1a1c01bbd47fc00a2c39e90264f33305004495a9","hash":"ece378a8532038e4a11fd7f2fe682449527386f8"}
,"C:\\Users\\manso\\Documents\\projects_PTS2\\ESS\\administration\\src\\components\\Configurator\\ExitConfigurator.tsx": {"path":"C:\\Users\\manso\\Documents\\projects_PTS2\\ESS\\administration\\src\\components\\Configurator\\ExitConfigurator.tsx","statementMap":{"0":{"start":{"line":30,"column":25},"end":{"line":296,"column":1}},"1":{"start":{"line":31,"column":16},"end":{"line":31,"column":32}},"2":{"start":{"line":32,"column":21},"end":{"line":32,"column":30}},"3":{"start":{"line":33,"column":22},"end":{"line":33,"column":50}},"4":{"start":{"line":34,"column":20},"end":{"line":34,"column":48}},"5":{"start":{"line":35,"column":19},"end":{"line":35,"column":28}},"6":{"start":{"line":36,"column":40},"end":{"line":36,"column":60}},"7":{"start":{"line":37,"column":38},"end":{"line":37,"column":77}},"8":{"start":{"line":38,"column":31},"end":{"line":38,"column":55}},"9":{"start":{"line":39,"column":38},"end":{"line":39,"column":58}},"10":{"start":{"line":40,"column":49},"end":{"line":40,"column":65}},"11":{"start":{"line":41,"column":30},"end":{"line":41,"column":50}},"12":{"start":{"line":42,"column":38},"end":{"line":42,"column":53}},"13":{"start":{"line":43,"column":40},"end":{"line":43,"column":53}},"14":{"start":{"line":45,"column":2},"end":{"line":47,"column":29}},"15":{"start":{"line":46,"column":4},"end":{"line":46,"column":40}},"16":{"start":{"line":49,"column":27},"end":{"line":61,"column":3}},"17":{"start":{"line":51,"column":6},"end":{"line":60,"column":48}},"18":{"start":{"line":63,"column":28},"end":{"line":90,"column":3}},"19":{"start":{"line":64,"column":4},"end":{"line":89,"column":5}},"20":{"start":{"line":69,"column":10},"end":{"line":69,"column":39}},"21":{"start":{"line":70,"column":19},"end":{"line":70,"column":44}},"22":{"start":{"line":72,"column":6},"end":{"line":83,"column":7}},"23":{"start":{"line":73,"column":8},"end":{"line":73,"column":52}},"24":{"start":{"line":74,"column":8},"end":{"line":74,"column":47}},"25":{"start":{"line":75,"column":8},"end":{"line":78,"column":10}},"26":{"start":{"line":79,"column":8},"end":{"line":82,"column":10}},"27":{"start":{"line":85,"column":6},"end":{"line":85,"column":21}},"28":{"start":{"line":86,"column":6},"end":{"line":86,"column":22}},"29":{"start":{"line":88,"column":6},"end":{"line":88,"column":37}},"30":{"start":{"line":92,"column":26},"end":{"line":94,"column":3}},"31":{"start":{"line":93,"column":4},"end":{"line":93,"column":24}},"32":{"start":{"line":96,"column":26},"end":{"line":101,"column":3}},"33":{"start":{"line":97,"column":4},"end":{"line":100,"column":5}},"34":{"start":{"line":98,"column":23},"end":{"line":98,"column":52}},"35":{"start":{"line":99,"column":6},"end":{"line":99,"column":54}},"36":{"start":{"line":103,"column":24},"end":{"line":105,"column":3}},"37":{"start":{"line":104,"column":4},"end":{"line":104,"column":25}},"38":{"start":{"line":107,"column":2},"end":{"line":120,"column":19}},"39":{"start":{"line":108,"column":4},"end":{"line":114,"column":5}},"40":{"start":{"line":109,"column":6},"end":{"line":109,"column":60}},"41":{"start":{"line":110,"column":6},"end":{"line":110,"column":56}},"42":{"start":{"line":112,"column":6},"end":{"line":112,"column":63}},"43":{"start":{"line":113,"column":6},"end":{"line":113,"column":59}},"44":{"start":{"line":116,"column":4},"end":{"line":119,"column":6}},"45":{"start":{"line":117,"column":6},"end":{"line":117,"column":63}},"46":{"start":{"line":118,"column":6},"end":{"line":118,"column":59}},"47":{"start":{"line":122,"column":2},"end":{"line":295,"column":4}},"48":{"start":{"line":169,"column":16},"end":{"line":169,"column":67}},"49":{"start":{"line":182,"column":33},"end":{"line":182,"column":63}},"50":{"start":{"line":195,"column":33},"end":{"line":195,"column":51}},"51":{"start":{"line":227,"column":18},"end":{"line":287,"column":27}},"52":{"start":{"line":267,"column":22},"end":{"line":267,"column":70}}},"fnMap":{"0":{"name":"(anonymous_0)","decl":{"start":{"line":30,"column":25},"end":{"line":30,"column":26}},"loc":{"start":{"line":30,"column":59},"end":{"line":296,"column":1}},"line":30},"1":{"name":"(anonymous_1)","decl":{"start":{"line":45,"column":12},"end":{"line":45,"column":13}},"loc":{"start":{"line":45,"column":18},"end":{"line":47,"column":3}},"line":45},"2":{"name":"(anonymous_2)","decl":{"start":{"line":50,"column":4},"end":{"line":50,"column":5}},"loc":{"start":{"line":51,"column":6},"end":{"line":60,"column":48}},"line":51},"3":{"name":"(anonymous_3)","decl":{"start":{"line":63,"column":28},"end":{"line":63,"column":29}},"loc":{"start":{"line":63,"column":54},"end":{"line":90,"column":3}},"line":63},"4":{"name":"(anonymous_4)","decl":{"start":{"line":92,"column":26},"end":{"line":92,"column":27}},"loc":{"start":{"line":92,"column":51},"end":{"line":94,"column":3}},"line":92},"5":{"name":"(anonymous_5)","decl":{"start":{"line":96,"column":26},"end":{"line":96,"column":27}},"loc":{"start":{"line":96,"column":45},"end":{"line":101,"column":3}},"line":96},"6":{"name":"(anonymous_6)","decl":{"start":{"line":103,"column":24},"end":{"line":103,"column":25}},"loc":{"start":{"line":103,"column":30},"end":{"line":105,"column":3}},"line":103},"7":{"name":"(anonymous_7)","decl":{"start":{"line":107,"column":12},"end":{"line":107,"column":13}},"loc":{"start":{"line":107,"column":18},"end":{"line":120,"column":3}},"line":107},"8":{"name":"(anonymous_8)","decl":{"start":{"line":116,"column":11},"end":{"line":116,"column":12}},"loc":{"start":{"line":116,"column":17},"end":{"line":119,"column":5}},"line":116},"9":{"name":"(anonymous_9)","decl":{"start":{"line":168,"column":24},"end":{"line":168,"column":25}},"loc":{"start":{"line":169,"column":16},"end":{"line":169,"column":67}},"line":169},"10":{"name":"(anonymous_10)","decl":{"start":{"line":182,"column":26},"end":{"line":182,"column":27}},"loc":{"start":{"line":182,"column":33},"end":{"line":182,"column":63}},"line":182},"11":{"name":"(anonymous_11)","decl":{"start":{"line":195,"column":27},"end":{"line":195,"column":28}},"loc":{"start":{"line":195,"column":33},"end":{"line":195,"column":51}},"line":195},"12":{"name":"(anonymous_12)","decl":{"start":{"line":226,"column":39},"end":{"line":226,"column":40}},"loc":{"start":{"line":227,"column":18},"end":{"line":287,"column":27}},"line":227},"13":{"name":"(anonymous_13)","decl":{"start":{"line":266,"column":29},"end":{"line":266,"column":30}},"loc":{"start":{"line":267,"column":22},"end":{"line":267,"column":70}},"line":267}},"branchMap":{"0":{"loc":{"start":{"line":51,"column":6},"end":{"line":60,"column":48}},"type":"binary-expr","locations":[{"start":{"line":51,"column":6},"end":{"line":51,"column":25}},{"start":{"line":52,"column":7},"end":{"line":60,"column":47}}],"line":51},"1":{"loc":{"start":{"line":52,"column":7},"end":{"line":60,"column":47}},"type":"cond-expr","locations":[{"start":{"line":53,"column":10},"end":{"line":54,"column":78}},{"start":{"line":55,"column":10},"end":{"line":60,"column":47}}],"line":52},"2":{"loc":{"start":{"line":53,"column":10},"end":{"line":54,"column":78}},"type":"binary-expr","locations":[{"start":{"line":53,"column":10},"end":{"line":53,"column":72}},{"start":{"line":54,"column":10},"end":{"line":54,"column":78}}],"line":53},"3":{"loc":{"start":{"line":55,"column":10},"end":{"line":60,"column":47}},"type":"binary-expr","locations":[{"start":{"line":55,"column":10},"end":{"line":57,"column":47}},{"start":{"line":58,"column":10},"end":{"line":60,"column":47}}],"line":55},"4":{"loc":{"start":{"line":72,"column":6},"end":{"line":83,"column":7}},"type":"if","locations":[{"start":{"line":72,"column":6},"end":{"line":83,"column":7}},{"start":{},"end":{}}],"line":72},"5":{"loc":{"start":{"line":81,"column":10},"end":{"line":81,"column":44}},"type":"binary-expr","locations":[{"start":{"line":81,"column":10},"end":{"line":81,"column":38}},{"start":{"line":81,"column":42},"end":{"line":81,"column":44}}],"line":81},"6":{"loc":{"start":{"line":97,"column":4},"end":{"line":100,"column":5}},"type":"if","locations":[{"start":{"line":97,"column":4},"end":{"line":100,"column":5}},{"start":{},"end":{}}],"line":97},"7":{"loc":{"start":{"line":97,"column":8},"end":{"line":97,"column":39}},"type":"binary-expr","locations":[{"start":{"line":97,"column":8},"end":{"line":97,"column":18}},{"start":{"line":97,"column":22},"end":{"line":97,"column":39}}],"line":97},"8":{"loc":{"start":{"line":99,"column":21},"end":{"line":99,"column":52}},"type":"cond-expr","locations":[{"start":{"line":99,"column":38},"end":{"line":99,"column":46}},{"start":{"line":99,"column":49},"end":{"line":99,"column":52}}],"line":99},"9":{"loc":{"start":{"line":108,"column":4},"end":{"line":114,"column":5}},"type":"if","locations":[{"start":{"line":108,"column":4},"end":{"line":114,"column":5}},{"start":{"line":111,"column":11},"end":{"line":114,"column":5}}],"line":108},"10":{"loc":{"start":{"line":188,"column":15},"end":{"line":199,"column":15}},"type":"binary-expr","locations":[{"start":{"line":188,"column":15},"end":{"line":188,"column":26}},{"start":{"line":189,"column":16},"end":{"line":198,"column":25}}],"line":188},"11":{"loc":{"start":{"line":204,"column":11},"end":{"line":208,"column":11}},"type":"binary-expr","locations":[{"start":{"line":204,"column":11},"end":{"line":204,"column":20}},{"start":{"line":205,"column":12},"end":{"line":207,"column":19}}],"line":204},"12":{"loc":{"start":{"line":210,"column":11},"end":{"line":214,"column":11}},"type":"binary-expr","locations":[{"start":{"line":210,"column":11},"end":{"line":210,"column":21}},{"start":{"line":210,"column":25},"end":{"line":210,"column":55}},{"start":{"line":211,"column":12},"end":{"line":213,"column":19}}],"line":210},"13":{"loc":{"start":{"line":216,"column":11},"end":{"line":221,"column":11}},"type":"binary-expr","locations":[{"start":{"line":216,"column":11},"end":{"line":216,"column":16}},{"start":{"line":217,"column":12},"end":{"line":220,"column":20}}],"line":216},"14":{"loc":{"start":{"line":224,"column":13},"end":{"line":290,"column":13}},"type":"binary-expr","locations":[{"start":{"line":224,"column":13},"end":{"line":224,"column":23}},{"start":{"line":225,"column":14},"end":{"line":289,"column":20}}],"line":224},"15":{"loc":{"start":{"line":231,"column":22},"end":{"line":235,"column":35}},"type":"cond-expr","locations":[{"start":{"line":232,"column":26},"end":{"line":232,"column":68}},{"start":{"line":233,"column":26},"end":{"line":235,"column":35}}],"line":231},"16":{"loc":{"start":{"line":233,"column":26},"end":{"line":235,"column":35}},"type":"cond-expr","locations":[{"start":{"line":234,"column":26},"end":{"line":234,"column":35}},{"start":{"line":235,"column":26},"end":{"line":235,"column":35}}],"line":233},"17":{"loc":{"start":{"line":238,"column":22},"end":{"line":240,"column":36}},"type":"cond-expr","locations":[{"start":{"line":239,"column":26},"end":{"line":239,"column":33}},{"start":{"line":240,"column":26},"end":{"line":240,"column":36}}],"line":238},"18":{"loc":{"start":{"line":244,"column":22},"end":{"line":246,"column":37}},"type":"cond-expr","locations":[{"start":{"line":245,"column":26},"end":{"line":245,"column":32}},{"start":{"line":246,"column":26},"end":{"line":246,"column":37}}],"line":244},"19":{"loc":{"start":{"line":249,"column":22},"end":{"line":251,"column":36}},"type":"cond-expr","locations":[{"start":{"line":250,"column":26},"end":{"line":250,"column":28}},{"start":{"line":251,"column":26},"end":{"line":251,"column":36}}],"line":249},"20":{"loc":{"start":{"line":254,"column":22},"end":{"line":256,"column":56}},"type":"cond-expr","locations":[{"start":{"line":255,"column":26},"end":{"line":255,"column":56}},{"start":{"line":256,"column":26},"end":{"line":256,"column":56}}],"line":254},"21":{"loc":{"start":{"line":272,"column":25},"end":{"line":279,"column":25}},"type":"binary-expr","locations":[{"start":{"line":272,"column":25},"end":{"line":272,"column":44}},{"start":{"line":273,"column":26},"end":{"line":278,"column":28}}],"line":272},"22":{"loc":{"start":{"line":282,"column":25},"end":{"line":284,"column":110}},"type":"cond-expr","locations":[{"start":{"line":283,"column":28},"end":{"line":283,"column":134}},{"start":{"line":284,"column":28},"end":{"line":284,"column":110}}],"line":282}},"s":{"0":1,"1":12,"2":12,"3":12,"4":12,"5":12,"6":12,"7":12,"8":12,"9":12,"10":12,"11":12,"12":12,"13":12,"14":12,"15":7,"16":12,"17":2,"18":12,"19":0,"20":0,"21":0,"22":0,"23":0,"24":0,"25":0,"26":0,"27":0,"28":0,"29":0,"30":12,"31":0,"32":12,"33":0,"34":0,"35":0,"36":12,"37":0,"38":12,"39":7,"40":0,"41":0,"42":7,"43":7,"44":7,"45":7,"46":7,"47":12,"48":1,"49":1,"50":1,"51":1,"52":0},"f":{"0":12,"1":7,"2":2,"3":0,"4":0,"5":0,"6":0,"7":7,"8":7,"9":1,"10":1,"11":1,"12":1,"13":0},"b":{"0":[2,1],"1":[1,0],"2":[1,0],"3":[0,0],"4":[0,0],"5":[0,0],"6":[0,0],"7":[0,0],"8":[0,0],"9":[0,7],"10":[12,2],"11":[12,0],"12":[12,12,11],"13":[12,1],"14":[12,12],"15":[0,1],"16":[1,0],"17":[0,1],"18":[0,1],"19":[0,1],"20":[0,1],"21":[1,1],"22":[1,0]},"_coverageSchema":"1a1c01bbd47fc00a2c39e90264f33305004495a9","hash":"01282a4a3009b0520fe8682520d78686e15a2054"}
,"C:\\Users\\manso\\Documents\\projects_PTS2\\ESS\\administration\\src\\components\\Configurator\\StationConfigurator.tsx": {"path":"C:\\Users\\manso\\Documents\\projects_PTS2\\ESS\\administration\\src\\components\\Configurator\\StationConfigurator.tsx","statementMap":{"0":{"start":{"line":16,"column":28},"end":{"line":73,"column":1}},"1":{"start":{"line":17,"column":19},"end":{"line":17,"column":28}},"2":{"start":{"line":18,"column":16},"end":{"line":18,"column":32}},"3":{"start":{"line":19,"column":32},"end":{"line":19,"column":46}},"4":{"start":{"line":20,"column":34},"end":{"line":20,"column":57}},"5":{"start":{"line":21,"column":22},"end":{"line":21,"column":50}},"6":{"start":{"line":23,"column":2},"end":{"line":31,"column":9}},"7":{"start":{"line":24,"column":27},"end":{"line":28,"column":5}},"8":{"start":{"line":25,"column":43},"end":{"line":25,"column":68}},"9":{"start":{"line":26,"column":6},"end":{"line":26,"column":37}},"10":{"start":{"line":27,"column":6},"end":{"line":27,"column":24}},"11":{"start":{"line":30,"column":4},"end":{"line":30,"column":21}},"12":{"start":{"line":34,"column":19},"end":{"line":34,"column":26}},"13":{"start":{"line":36,"column":2},"end":{"line":72,"column":4}}},"fnMap":{"0":{"name":"(anonymous_0)","decl":{"start":{"line":16,"column":28},"end":{"line":16,"column":29}},"loc":{"start":{"line":16,"column":65},"end":{"line":73,"column":1}},"line":16},"1":{"name":"(anonymous_1)","decl":{"start":{"line":23,"column":12},"end":{"line":23,"column":13}},"loc":{"start":{"line":23,"column":18},"end":{"line":31,"column":3}},"line":23},"2":{"name":"(anonymous_2)","decl":{"start":{"line":24,"column":27},"end":{"line":24,"column":28}},"loc":{"start":{"line":24,"column":39},"end":{"line":28,"column":5}},"line":24}},"branchMap":{"0":{"loc":{"start":{"line":38,"column":7},"end":{"line":70,"column":7}},"type":"cond-expr","locations":[{"start":{"line":39,"column":8},"end":{"line":52,"column":17}},{"start":{"line":54,"column":8},"end":{"line":69,"column":17}}],"line":38}},"s":{"0":1,"1":3,"2":3,"3":3,"4":3,"5":3,"6":3,"7":2,"8":2,"9":2,"10":2,"11":2,"12":3,"13":3},"f":{"0":3,"1":2,"2":2},"b":{"0":[2,1]},"_coverageSchema":"1a1c01bbd47fc00a2c39e90264f33305004495a9","hash":"3f16e402e4fe70eb0f6dc6c18d38b988e22ce5b6"}
,"C:\\Users\\manso\\Documents\\projects_PTS2\\ESS\\administration\\src\\components\\Dialog\\ConfirmationDialog.tsx": {"path":"C:\\Users\\manso\\Documents\\projects_PTS2\\ESS\\administration\\src\\components\\Dialog\\ConfirmationDialog.tsx","statementMap":{"0":{"start":{"line":21,"column":26},"end":{"line":88,"column":1}},"1":{"start":{"line":22,"column":51},"end":{"line":22,"column":62}},"2":{"start":{"line":24,"column":16},"end":{"line":24,"column":32}},"3":{"start":{"line":26,"column":28},"end":{"line":26,"column":43}},"4":{"start":{"line":27,"column":30},"end":{"line":32,"column":4}},"5":{"start":{"line":34,"column":17},"end":{"line":34,"column":39}},"6":{"start":{"line":34,"column":23},"end":{"line":34,"column":39}},"7":{"start":{"line":35,"column":16},"end":{"line":35,"column":36}},"8":{"start":{"line":35,"column":22},"end":{"line":35,"column":36}},"9":{"start":{"line":37,"column":24},"end":{"line":42,"column":3}},"10":{"start":{"line":38,"column":4},"end":{"line":40,"column":5}},"11":{"start":{"line":39,"column":6},"end":{"line":39,"column":25}},"12":{"start":{"line":41,"column":4},"end":{"line":41,"column":13}},"13":{"start":{"line":44,"column":24},"end":{"line":49,"column":3}},"14":{"start":{"line":45,"column":4},"end":{"line":47,"column":5}},"15":{"start":{"line":46,"column":6},"end":{"line":46,"column":25}},"16":{"start":{"line":48,"column":4},"end":{"line":48,"column":13}},"17":{"start":{"line":51,"column":21},"end":{"line":61,"column":3}},"18":{"start":{"line":52,"column":4},"end":{"line":59,"column":5}},"19":{"start":{"line":53,"column":6},"end":{"line":58,"column":10}},"20":{"start":{"line":53,"column":27},"end":{"line":58,"column":7}},"21":{"start":{"line":60,"column":4},"end":{"line":60,"column":13}},"22":{"start":{"line":63,"column":29},"end":{"line":85,"column":3}},"23":{"start":{"line":64,"column":4},"end":{"line":84,"column":6}},"24":{"start":{"line":87,"column":2},"end":{"line":87,"column":60}}},"fnMap":{"0":{"name":"(anonymous_0)","decl":{"start":{"line":21,"column":26},"end":{"line":21,"column":27}},"loc":{"start":{"line":21,"column":52},"end":{"line":88,"column":1}},"line":21},"1":{"name":"(anonymous_1)","decl":{"start":{"line":34,"column":17},"end":{"line":34,"column":18}},"loc":{"start":{"line":34,"column":23},"end":{"line":34,"column":39}},"line":34},"2":{"name":"(anonymous_2)","decl":{"start":{"line":35,"column":16},"end":{"line":35,"column":17}},"loc":{"start":{"line":35,"column":22},"end":{"line":35,"column":36}},"line":35},"3":{"name":"(anonymous_3)","decl":{"start":{"line":37,"column":24},"end":{"line":37,"column":25}},"loc":{"start":{"line":37,"column":30},"end":{"line":42,"column":3}},"line":37},"4":{"name":"(anonymous_4)","decl":{"start":{"line":44,"column":24},"end":{"line":44,"column":25}},"loc":{"start":{"line":44,"column":30},"end":{"line":49,"column":3}},"line":44},"5":{"name":"(anonymous_5)","decl":{"start":{"line":51,"column":21},"end":{"line":51,"column":22}},"loc":{"start":{"line":51,"column":46},"end":{"line":61,"column":3}},"line":51},"6":{"name":"(anonymous_6)","decl":{"start":{"line":53,"column":16},"end":{"line":53,"column":17}},"loc":{"start":{"line":53,"column":27},"end":{"line":58,"column":7}},"line":53},"7":{"name":"(anonymous_7)","decl":{"start":{"line":63,"column":29},"end":{"line":63,"column":30}},"loc":{"start":{"line":63,"column":79},"end":{"line":85,"column":3}},"line":63}},"branchMap":{"0":{"loc":{"start":{"line":22,"column":51},"end":{"line":22,"column":62}},"type":"binary-expr","locations":[{"start":{"line":22,"column":51},"end":{"line":22,"column":56}},{"start":{"line":22,"column":60},"end":{"line":22,"column":62}}],"line":22},"1":{"loc":{"start":{"line":38,"column":4},"end":{"line":40,"column":5}},"type":"if","locations":[{"start":{"line":38,"column":4},"end":{"line":40,"column":5}},{"start":{},"end":{}}],"line":38},"2":{"loc":{"start":{"line":45,"column":4},"end":{"line":47,"column":5}},"type":"if","locations":[{"start":{"line":45,"column":4},"end":{"line":47,"column":5}},{"start":{},"end":{}}],"line":45},"3":{"loc":{"start":{"line":52,"column":4},"end":{"line":59,"column":5}},"type":"if","locations":[{"start":{"line":52,"column":4},"end":{"line":59,"column":5}},{"start":{},"end":{}}],"line":52},"4":{"loc":{"start":{"line":54,"column":15},"end":{"line":54,"column":40}},"type":"binary-expr","locations":[{"start":{"line":54,"column":15},"end":{"line":54,"column":26}},{"start":{"line":54,"column":30},"end":{"line":54,"column":40}}],"line":54},"5":{"loc":{"start":{"line":55,"column":17},"end":{"line":55,"column":46}},"type":"binary-expr","locations":[{"start":{"line":55,"column":17},"end":{"line":55,"column":30}},{"start":{"line":55,"column":34},"end":{"line":55,"column":46}}],"line":55},"6":{"loc":{"start":{"line":56,"column":19},"end":{"line":56,"column":52}},"type":"binary-expr","locations":[{"start":{"line":56,"column":19},"end":{"line":56,"column":34}},{"start":{"line":56,"column":38},"end":{"line":56,"column":52}}],"line":56},"7":{"loc":{"start":{"line":57,"column":19},"end":{"line":57,"column":52}},"type":"binary-expr","locations":[{"start":{"line":57,"column":19},"end":{"line":57,"column":34}},{"start":{"line":57,"column":38},"end":{"line":57,"column":52}}],"line":57},"8":{"loc":{"start":{"line":70,"column":22},"end":{"line":70,"column":58}},"type":"cond-expr","locations":[{"start":{"line":70,"column":33},"end":{"line":70,"column":41}},{"start":{"line":70,"column":44},"end":{"line":70,"column":58}}],"line":70},"9":{"loc":{"start":{"line":72,"column":11},"end":{"line":81,"column":11}},"type":"binary-expr","locations":[{"start":{"line":72,"column":11},"end":{"line":72,"column":20}},{"start":{"line":73,"column":12},"end":{"line":80,"column":26}}],"line":72}},"s":{"0":1,"1":0,"2":0,"3":0,"4":0,"5":0,"6":0,"7":0,"8":0,"9":0,"10":0,"11":0,"12":0,"13":0,"14":0,"15":0,"16":0,"17":0,"18":0,"19":0,"20":0,"21":0,"22":0,"23":0,"24":0},"f":{"0":0,"1":0,"2":0,"3":0,"4":0,"5":0,"6":0,"7":0},"b":{"0":[0,0],"1":[0,0],"2":[0,0],"3":[0,0],"4":[0,0],"5":[0,0],"6":[0,0],"7":[0,0],"8":[0,0],"9":[0,0]},"_coverageSchema":"1a1c01bbd47fc00a2c39e90264f33305004495a9","hash":"3435f7be2a6fab445c90ed016735c23c545735a1"}
,"C:\\Users\\manso\\Documents\\projects_PTS2\\ESS\\administration\\src\\components\\Exporter\\CustomerAccountExporter.tsx": {"path":"C:\\Users\\manso\\Documents\\projects_PTS2\\ESS\\administration\\src\\components\\Exporter\\CustomerAccountExporter.tsx","statementMap":{"0":{"start":{"line":13,"column":32},"end":{"line":113,"column":1}},"1":{"start":{"line":16,"column":16},"end":{"line":16,"column":32}},"2":{"start":{"line":18,"column":31},"end":{"line":51,"column":3}},"3":{"start":{"line":19,"column":4},"end":{"line":50,"column":5}},"4":{"start":{"line":21,"column":19},"end":{"line":40,"column":7}},"5":{"start":{"line":30,"column":15},"end":{"line":39,"column":9}},"6":{"start":{"line":42,"column":24},"end":{"line":42,"column":54}},"7":{"start":{"line":43,"column":23},"end":{"line":43,"column":44}},"8":{"start":{"line":44,"column":6},"end":{"line":48,"column":8}},"9":{"start":{"line":49,"column":6},"end":{"line":49,"column":57}},"10":{"start":{"line":53,"column":29},"end":{"line":105,"column":3}},"11":{"start":{"line":54,"column":16},"end":{"line":54,"column":34}},"12":{"start":{"line":55,"column":24},"end":{"line":63,"column":5}},"13":{"start":{"line":64,"column":31},"end":{"line":64,"column":33}},"14":{"start":{"line":66,"column":4},"end":{"line":82,"column":5}},"15":{"start":{"line":68,"column":6},"end":{"line":81,"column":9}},"16":{"start":{"line":69,"column":24},"end":{"line":79,"column":9}},"17":{"start":{"line":80,"column":8},"end":{"line":80,"column":32}},"18":{"start":{"line":84,"column":4},"end":{"line":89,"column":7}},"19":{"start":{"line":92,"column":22},"end":{"line":92,"column":54}},"20":{"start":{"line":94,"column":6},"end":{"line":96,"column":30}},"21":{"start":{"line":97,"column":20},"end":{"line":97,"column":48}},"22":{"start":{"line":100,"column":4},"end":{"line":100,"column":54}},"23":{"start":{"line":102,"column":18},"end":{"line":102,"column":44}},"24":{"start":{"line":104,"column":4},"end":{"line":104,"column":29}},"25":{"start":{"line":107,"column":2},"end":{"line":112,"column":4}}},"fnMap":{"0":{"name":"(anonymous_0)","decl":{"start":{"line":13,"column":32},"end":{"line":13,"column":33}},"loc":{"start":{"line":15,"column":36},"end":{"line":113,"column":1}},"line":15},"1":{"name":"(anonymous_1)","decl":{"start":{"line":18,"column":31},"end":{"line":18,"column":32}},"loc":{"start":{"line":18,"column":37},"end":{"line":51,"column":3}},"line":18},"2":{"name":"(anonymous_2)","decl":{"start":{"line":22,"column":8},"end":{"line":22,"column":9}},"loc":{"start":{"line":30,"column":15},"end":{"line":39,"column":9}},"line":30},"3":{"name":"(anonymous_3)","decl":{"start":{"line":53,"column":29},"end":{"line":53,"column":30}},"loc":{"start":{"line":53,"column":35},"end":{"line":105,"column":3}},"line":53},"4":{"name":"(anonymous_4)","decl":{"start":{"line":68,"column":31},"end":{"line":68,"column":32}},"loc":{"start":{"line":68,"column":59},"end":{"line":81,"column":7}},"line":68}},"branchMap":{"0":{"loc":{"start":{"line":19,"column":4},"end":{"line":50,"column":5}},"type":"if","locations":[{"start":{"line":19,"column":4},"end":{"line":50,"column":5}},{"start":{},"end":{}}],"line":19},"1":{"loc":{"start":{"line":34,"column":32},"end":{"line":34,"column":72}},"type":"cond-expr","locations":[{"start":{"line":34,"column":46},"end":{"line":34,"column":66}},{"start":{"line":34,"column":69},"end":{"line":34,"column":72}}],"line":34},"2":{"loc":{"start":{"line":35,"column":32},"end":{"line":37,"column":47}},"type":"cond-expr","locations":[{"start":{"line":36,"column":14},"end":{"line":36,"column":45}},{"start":{"line":37,"column":14},"end":{"line":37,"column":47}}],"line":35},"3":{"loc":{"start":{"line":66,"column":4},"end":{"line":82,"column":5}},"type":"if","locations":[{"start":{"line":66,"column":4},"end":{"line":82,"column":5}},{"start":{},"end":{}}],"line":66},"4":{"loc":{"start":{"line":74,"column":10},"end":{"line":74,"column":66}},"type":"cond-expr","locations":[{"start":{"line":74,"column":40},"end":{"line":74,"column":60}},{"start":{"line":74,"column":63},"end":{"line":74,"column":66}}],"line":74},"5":{"loc":{"start":{"line":75,"column":10},"end":{"line":77,"column":47}},"type":"cond-expr","locations":[{"start":{"line":76,"column":14},"end":{"line":76,"column":45}},{"start":{"line":77,"column":14},"end":{"line":77,"column":47}}],"line":75}},"s":{"0":0,"1":0,"2":0,"3":0,"4":0,"5":0,"6":0,"7":0,"8":0,"9":0,"10":0,"11":0,"12":0,"13":0,"14":0,"15":0,"16":0,"17":0,"18":0,"19":0,"20":0,"21":0,"22":0,"23":0,"24":0,"25":0},"f":{"0":0,"1":0,"2":0,"3":0,"4":0},"b":{"0":[0,0],"1":[0,0],"2":[0,0],"3":[0,0],"4":[0,0],"5":[0,0]}}
,"C:\\Users\\manso\\Documents\\projects_PTS2\\ESS\\administration\\src\\components\\Exporter\\LogExporter.tsx": {"path":"C:\\Users\\manso\\Documents\\projects_PTS2\\ESS\\administration\\src\\components\\Exporter\\LogExporter.tsx","statementMap":{"0":{"start":{"line":15,"column":20},"end":{"line":43,"column":1}},"1":{"start":{"line":16,"column":16},"end":{"line":16,"column":32}},"2":{"start":{"line":18,"column":31},"end":{"line":36,"column":3}},"3":{"start":{"line":19,"column":4},"end":{"line":35,"column":5}},"4":{"start":{"line":20,"column":19},"end":{"line":29,"column":9}},"5":{"start":{"line":20,"column":44},"end":{"line":29,"column":7}},"6":{"start":{"line":31,"column":24},"end":{"line":31,"column":54}},"7":{"start":{"line":32,"column":23},"end":{"line":32,"column":44}},"8":{"start":{"line":33,"column":6},"end":{"line":33,"column":77}},"9":{"start":{"line":34,"column":6},"end":{"line":34,"column":43}},"10":{"start":{"line":38,"column":2},"end":{"line":42,"column":4}}},"fnMap":{"0":{"name":"(anonymous_0)","decl":{"start":{"line":15,"column":20},"end":{"line":15,"column":21}},"loc":{"start":{"line":15,"column":52},"end":{"line":43,"column":1}},"line":15},"1":{"name":"(anonymous_1)","decl":{"start":{"line":18,"column":31},"end":{"line":18,"column":32}},"loc":{"start":{"line":18,"column":37},"end":{"line":36,"column":3}},"line":18},"2":{"name":"(anonymous_2)","decl":{"start":{"line":20,"column":28},"end":{"line":20,"column":29}},"loc":{"start":{"line":20,"column":44},"end":{"line":29,"column":7}},"line":20}},"branchMap":{"0":{"loc":{"start":{"line":19,"column":4},"end":{"line":35,"column":5}},"type":"if","locations":[{"start":{"line":19,"column":4},"end":{"line":35,"column":5}},{"start":{},"end":{}}],"line":19},"1":{"loc":{"start":{"line":22,"column":37},"end":{"line":22,"column":71}},"type":"binary-expr","locations":[{"start":{"line":22,"column":37},"end":{"line":22,"column":65}},{"start":{"line":22,"column":69},"end":{"line":22,"column":71}}],"line":22},"2":{"loc":{"start":{"line":23,"column":30},"end":{"line":23,"column":48}},"type":"binary-expr","locations":[{"start":{"line":23,"column":30},"end":{"line":23,"column":42}},{"start":{"line":23,"column":46},"end":{"line":23,"co
[...]
,"end":{"line":120,"column":5}},{"start":{},"end":{}}],"line":117},"9":{"loc":{"start":{"line":122,"column":4},"end":{"line":146,"column":5}},"type":"if","locations":[{"start":{"line":122,"column":4},"end":{"line":146,"column":5}},{"start":{"line":124,"column":11},"end":{"line":146,"column":5}}],"line":122},"10":{"loc":{"start":{"line":124,"column":11},"end":{"line":146,"column":5}},"type":"if","locations":[{"start":{"line":124,"column":11},"end":{"line":146,"column":5}},{"start":{},"end":{}}],"line":124},"11":{"loc":{"start":{"line":139,"column":10},"end":{"line":139,"column":44}},"type":"binary-expr","locations":[{"start":{"line":139,"column":10},"end":{"line":139,"column":38}},{"start":{"line":139,"column":42},"end":{"line":139,"column":44}}],"line":139},"12":{"loc":{"start":{"line":196,"column":8},"end":{"line":206,"column":16}},"type":"cond-expr","locations":[{"start":{"line":197,"column":10},"end":{"line":205,"column":12}},{"start":{"line":206,"column":12},"end":{"line":206,"column":16}}],"line":196},"13":{"loc":{"start":{"line":201,"column":14},"end":{"line":201,"column":72}},"type":"cond-expr","locations":[{"start":{"line":201,"column":38},"end":{"line":201,"column":67}},{"start":{"line":201,"column":70},"end":{"line":201,"column":72}}],"line":201},"14":{"loc":{"start":{"line":201,"column":38},"end":{"line":201,"column":67}},"type":"binary-expr","locations":[{"start":{"line":201,"column":38},"end":{"line":201,"column":61}},{"start":{"line":201,"column":65},"end":{"line":201,"column":67}}],"line":201},"15":{"loc":{"start":{"line":226,"column":28},"end":{"line":228,"column":74}},"type":"cond-expr","locations":[{"start":{"line":227,"column":16},"end":{"line":227,"column":76}},{"start":{"line":228,"column":16},"end":{"line":228,"column":74}}],"line":226},"16":{"loc":{"start":{"line":262,"column":4},"end":{"line":264,"column":15}},"type":"cond-expr","locations":[{"start":{"line":263,"column":8},"end":{"line":263,"column":75}},{"start":{"line":264,"column":8},"end":{"line":264,"column":15}}],"line":262},"17":{"loc":{"start":{"line":274,"column":15},"end":{"line":274,"column":54}},"type":"binary-expr","locations":[{"start":{"line":274,"column":15},"end":{"line":274,"column":20}},{"start":{"line":274,"column":24},"end":{"line":274,"column":54}}],"line":274},"18":{"loc":{"start":{"line":283,"column":23},"end":{"line":283,"column":49}},"type":"binary-expr","locations":[{"start":{"line":283,"column":23},"end":{"line":283,"column":33}},{"start":{"line":283,"column":37},"end":{"line":283,"column":49}}],"line":283},"19":{"loc":{"start":{"line":288,"column":15},"end":{"line":298,"column":15}},"type":"cond-expr","locations":[{"start":{"line":289,"column":16},"end":{"line":295,"column":29}},{"start":{"line":297,"column":16},"end":{"line":297,"column":33}}],"line":288},"20":{"loc":{"start":{"line":301,"column":11},"end":{"line":314,"column":11}},"type":"binary-expr","locations":[{"start":{"line":301,"column":11},"end":{"line":301,"column":21}},{"start":{"line":302,"column":12},"end":{"line":313,"column":14}}],"line":301}},"s":{"0":0,"1":0,"2":0,"3":0,"4":0,"5":0,"6":0,"7":0,"8":0,"9":0,"10":0,"11":0,"12":0,"13":0,"14":0,"15":0,"16":0,"17":0,"18":0,"19":0,"20":0,"21":0,"22":0,"23":0,"24":0,"25":0,"26":0,"27":0,"28":0,"29":0,"30":0,"31":0,"32":0,"33":0,"34":0,"35":0,"36":0,"37":0,"38":0,"39":0,"40":0,"41":0,"42":0,"43":0,"44":0,"45":0,"46":0,"47":0,"48":0,"49":0,"50":0,"51":0,"52":0,"53":0,"54":0,"55":0,"56":0,"57":0,"58":0,"59":0,"60":0,"61":0,"62":0,"63":0,"64":0,"65":0,"66":0,"67":0,"68":0,"69":0,"70":0,"71":0,"72":0,"73":0,"74":0},"f":{"0":0,"1":0,"2":0,"3":0,"4":0,"5":0,"6":0,"7":0,"8":0,"9":0,"10":0,"11":0,"12":0,"13":0,"14":0,"15":0,"16":0,"17":0,"18":0,"19":0,"20":0,"21":0,"22":0,"23":0,"24":0},"b":{"0":[0,0],"1":[0,0],"2":[0,0],"3":[0,0],"4":[0,0],"5":[0,0],"6":[0,0],"7":[0,0],"8":[0,0],"9":[0,0],"10":[0,0],"11":[0,0],"12":[0,0],"13":[0,0],"14":[0,0],"15":[0,0],"16":[0,0],"17":[0,0],"18":[0,0],"19":[0,0],"20":[0,0]}}
,"C:\\Users\\manso\\Documents\\projects_PTS2\\ESS\\administration\\src\\views\\Pages\\ForgotPassword.tsx": {"path":"C:\\Users\\manso\\Documents\\projects_PTS2\\ESS\\administration\\src\\views\\Pages\\ForgotPassword.tsx","statementMap":{"0":{"start":{"line":24,"column":23},"end":{"line":226,"column":1}},"1":{"start":{"line":25,"column":28},"end":{"line":25,"column":48}},"2":{"start":{"line":26,"column":36},"end":{"line":26,"column":60}},"3":{"start":{"line":27,"column":28},"end":{"line":27,"column":48}},"4":{"start":{"line":28,"column":42},"end":{"line":28,"column":66}},"5":{"start":{"line":29,"column":32},"end":{"line":29,"column":56}},"6":{"start":{"line":30,"column":16},"end":{"line":30,"column":32}},"7":{"start":{"line":31,"column":18},"end":{"line":31,"column":30}},"8":{"start":{"line":33,"column":21},"end":{"line":58,"column":3}},"9":{"start":{"line":34,"column":4},"end":{"line":34,"column":23}},"10":{"start":{"line":36,"column":4},"end":{"line":39,"column":5}},"11":{"start":{"line":37,"column":6},"end":{"line":37,"column":46}},"12":{"start":{"line":38,"column":6},"end":{"line":38,"column":13}},"13":{"start":{"line":41,"column":4},"end":{"line":44,"column":5}},"14":{"start":{"line":42,"column":6},"end":{"line":42,"column":49}},"15":{"start":{"line":43,"column":6},"end":{"line":43,"column":13}},"16":{"start":{"line":46,"column":4},"end":{"line":46,"column":23}},"17":{"start":{"line":47,"column":4},"end":{"line":57,"column":5}},"18":{"start":{"line":48,"column":6},"end":{"line":48,"column":34}},"19":{"start":{"line":49,"column":6},"end":{"line":49,"column":28}},"20":{"start":{"line":50,"column":6},"end":{"line":50,"column":19}},"21":{"start":{"line":52,"column":6},"end":{"line":52,"column":23}},"22":{"start":{"line":53,"column":6},"end":{"line":53,"column":19}},"23":{"start":{"line":54,"column":6},"end":{"line":54,"column":29}},"24":{"start":{"line":56,"column":6},"end":{"line":56,"column":26}},"25":{"start":{"line":60,"column":25},"end":{"line":64,"column":3}},"26":{"start":{"line":61,"column":4},"end":{"line":63,"column":5}},"27":{"start":{"line":62,"column":6},"end":{"line":62,"column":42}},"28":{"start":{"line":66,"column":37},"end":{"line":71,"column":3}},"29":{"start":{"line":73,"column":32},"end":{"line":90,"column":3}},"30":{"start":{"line":92,"column":41},"end":{"line":99,"column":3}},"31":{"start":{"line":101,"column":26},"end":{"line":106,"column":3}},"32":{"start":{"line":108,"column":2},"end":{"line":225,"column":4}},"33":{"start":{"line":173,"column":31},"end":{"line":173,"column":55}},"34":{"start":{"line":182,"column":31},"end":{"line":182,"column":59}}},"fnMap":{"0":{"name":"(anonymous_0)","decl":{"start":{"line":24,"column":23},"end":{"line":24,"column":24}},"loc":{"start":{"line":24,"column":29},"end":{"line":226,"column":1}},"line":24},"1":{"name":"(anonymous_1)","decl":{"start":{"line":33,"column":21},"end":{"line":33,"column":22}},"loc":{"start":{"line":33,"column":39},"end":{"line":58,"column":3}},"line":33},"2":{"name":"(anonymous_2)","decl":{"start":{"line":60,"column":25},"end":{"line":60,"column":26}},"loc":{"start":{"line":60,"column":75},"end":{"line":64,"column":3}},"line":60},"3":{"name":"(anonymous_3)","decl":{"start":{"line":173,"column":24},"end":{"line":173,"column":25}},"loc":{"start":{"line":173,"column":31},"end":{"line":173,"column":55}},"line":173},"4":{"name":"(anonymous_4)","decl":{"start":{"line":182,"column":25},"end":{"line":182,"column":26}},"loc":{"start":{"line":182,"column":31},"end":{"line":182,"column":59}},"line":182}},"branchMap":{"0":{"loc":{"start":{"line":36,"column":4},"end":{"line":39,"column":5}},"type":"if","locations":[{"start":{"line":36,"column":4},"end":{"line":39,"column":5}},{"start":{},"end":{}}],"line":36},"1":{"loc":{"start":{"line":41,"column":4},"end":{"line":44,"column":5}},"type":"if","locations":[{"start":{"line":41,"column":4},"end":{"line":44,"column":5}},{"start":{},"end":{}}],"line":41},"2":{"loc":{"start":{"line":61,"column":4},"end":{"line":63,"column":5}},"type":"if","locations":[{"start":{"line":61,"column":4},"end":{"line":63,"column":5}},{"start":{},"end":{}}],"line":61},"3":{"loc":{"start":{"line":207,"column":13},"end":{"line":212,"column":13}},"type":"binary-expr","locations":[{"start":{"line":207,"column":13},"end":{"line":207,"column":18}},{"start":{"line":208,"column":14},"end":{"line":211,"column":22}}],"line":207},"4":{"loc":{"start":{"line":213,"column":13},"end":{"line":220,"column":13}},"type":"binary-expr","locations":[{"start":{"line":213,"column":14},"end":{"line":213,"column":26}},{"start":{"line":213,"column":30},"end":{"line":213,"column":37}},{"start":{"line":214,"column":14},"end":{"line":219,"column":22}}],"line":213}},"s":{"0":0,"1":0,"2":0,"3":0,"4":0,"5":0,"6":0,"7":0,"8":0,"9":0,"10":0,"11":0,"12":0,"13":0,"14":0,"15":0,"16":0,"17":0,"18":0,"19":0,"20":0,"21":0,"22":0,"23":0,"24":0,"25":0,"26":0,"27":0,"28":0,"29":0,"30":0,"31":0,"32":0,"33":0,"34":0},"f":{"0":0,"1":0,"2":0,"3":0,"4":0},"b":{"0":[0,0],"1":[0,0],"2":[0,0],"3":[0,0],"4":[0,0,0]}}
,"C:\\Users\\manso\\Documents\\projects_PTS2\\ESS\\administration\\src\\views\\Pages\\ResetPassword.tsx": {"path":"C:\\Users\\manso\\Documents\\projects_PTS2\\ESS\\administration\\src\\views\\Pages\\ResetPassword.tsx","statementMap":{"0":{"start":{"line":23,"column":22},"end":{"line":231,"column":1}},"1":{"start":{"line":24,"column":34},"end":{"line":24,"column":54}},"2":{"start":{"line":25,"column":48},"end":{"line":25,"column":68}},"3":{"start":{"line":26,"column":36},"end":{"line":26,"column":60}},"4":{"start":{"line":27,"column":28},"end":{"line":27,"column":40}},"5":{"start":{"line":28,"column":42},"end":{"line":28,"column":57}},"6":{"start":{"line":29,"column":18},"end":{"line":29,"column":30}},"7":{"start":{"line":30,"column":42},"end":{"line":30,"column":66}},"8":{"start":{"line":31,"column":16},"end":{"line":31,"column":32}},"9":{"start":{"line":33,"column":20},"end":{"line":33,"column":63}},"10":{"start":{"line":34,"column":21},"end":{"line":34,"column":48}},"11":{"start":{"line":36,"column":30},"end":{"line":61,"column":3}},"12":{"start":{"line":37,"column":4},"end":{"line":37,"column":23}},"13":{"start":{"line":38,"column":4},"end":{"line":41,"column":5}},"14":{"start":{"line":39,"column":6},"end":{"line":39,"column":41}},"15":{"start":{"line":40,"column":6},"end":{"line":40,"column":13}},"16":{"start":{"line":42,"column":4},"end":{"line":45,"column":5}},"17":{"start":{"line":43,"column":6},"end":{"line":43,"column":48}},"18":{"start":{"line":44,"column":6},"end":{"line":44,"column":13}},"19":{"start":{"line":46,"column":4},"end":{"line":46,"column":23}},"20":{"start":{"line":48,"column":4},"end":{"line":60,"column":5}},"21":{"start":{"line":49,"column":6},"end":{"line":49,"column":48}},"22":{"start":{"line":50,"column":6},"end":{"line":50,"column":19}},"23":{"start":{"line":51,"column":6},"end":{"line":51,"column":28}},"24":{"start":{"line":52,"column":6},"end":{"line":55,"column":15}},"25":{"start":{"line":53,"column":8},"end":{"line":53,"column":37}},"26":{"start":{"line":54,"column":8},"end":{"line":54,"column":72}},"27":{"start":{"line":57,"column":6},"end":{"line":57,"column":27}},"28":{"start":{"line":59,"column":6},"end":{"line":59,"column":26}},"29":{"start":{"line":63,"column":31},"end":{"line":65,"column":3}},"30":{"start":{"line":64,"column":4},"end":{"line":64,"column":35}},"31":{"start":{"line":66,"column":25},"end":{"line":72,"column":3}},"32":{"start":{"line":67,"column":4},"end":{"line":71,"column":5}},"33":{"start":{"line":68,"column":6},"end":{"line":70,"column":8}},"34":{"start":{"line":73,"column":2},"end":{"line":230,"column":4}},"35":{"start":{"line":171,"column":33},"end":{"line":171,"column":60}},"36":{"start":{"line":196,"column":31},"end":{"line":196,"column":65}}},"fnMap":{"0":{"name":"(anonymous_0)","decl":{"start":{"line":23,"column":22},"end":{"line":23,"column":23}},"loc":{"start":{"line":23,"column":28},"end":{"line":231,"column":1}},"line":23},"1":{"name":"(anonymous_1)","decl":{"start":{"line":36,"column":30},"end":{"line":36,"column":31}},"loc":{"start":{"line":36,"column":48},"end":{"line":61,"column":3}},"line":36},"2":{"name":"(anonymous_2)","decl":{"start":{"line":52,"column":17},"end":{"line":52,"column":18}},"loc":{"start":{"line":52,"column":23},"end":{"line":55,"column":7}},"line":52},"3":{"name":"(anonymous_3)","decl":{"start":{"line":63,"column":31},"end":{"line":63,"column":32}},"loc":{"start":{"line":63,"column":37},"end":{"line":65,"column":3}},"line":63},"4":{"name":"(anonymous_4)","decl":{"start":{"line":66,"column":25},"end":{"line":66,"column":26}},"loc":{"start":{"line":66,"column":75},"end":{"line":72,"column":3}},"line":66},"5":{"name":"(anonymous_5)","decl":{"start":{"line":171,"column":26},"end":{"line":171,"column":27}},"loc":{"start":{"line":171,"column":33},"end":{"line":171,"column":60}},"line":171},"6":{"name":"(anonymous_6)","decl":{"start":{"line":196,"column":24},"end":{"line":196,"column":25}},"loc":{"start":{"line":196,"column":31},"end":{"line":196,"column":65}},"line":196}},"branchMap":{"0":{"loc":{"start":{"line":38,"column":4},"end":{"line":41,"column":5}},"type":"if","locations":[{"start":{"line":38,"column":4},"end":{"line":41,"column":5}},{"start":{},"end":{}}],"line":38},"1":{"loc":{"start":{"line":42,"column":4},"end":{"line":45,"column":5}},"type":"if","locations":[{"start":{"line":42,"column":4},"end":{"line":45,"column":5}},{"start":{},"end":{}}],"line":42},"2":{"loc":{"start":{"line":42,"column":8},"end":{"line":42,"column":37}},"type":"binary-expr","locations":[{"start":{"line":42,"column":8},"end":{"line":42,"column":17}},{"start":{"line":42,"column":21},"end":{"line":42,"column":37}}],"line":42},"3":{"loc":{"start":{"line":67,"column":4},"end":{"line":71,"column":5}},"type":"if","locations":[{"start":{"line":67,"column":4},"end":{"line":71,"column":5}},{"start":{},"end":{}}],"line":67},"4":{"loc":{"start":{"line":166,"column":22},"end":{"line":166,"column":56}},"type":"cond-expr","locations":[{"start":{"line":166,"column":37},"end":{"line":166,"column":43}},{"start":{"line":166,"column":46},"end":{"line":166,"column":56}}],"line":166},"5":{"loc":{"start":{"line":182,"column":19},"end":{"line":182,"column":60}},"type":"cond-expr","locations":[{"start":{"line":182,"column":34},"end":{"line":182,"column":43}},{"start":{"line":182,"column":46},"end":{"line":182,"column":60}}],"line":182},"6":{"loc":{"start":{"line":212,"column":13},"end":{"line":217,"column":13}},"type":"binary-expr","locations":[{"start":{"line":212,"column":13},"end":{"line":212,"column":18}},{"start":{"line":213,"column":14},"end":{"line":216,"column":22}}],"line":212},"7":{"loc":{"start":{"line":218,"column":13},"end":{"line":225,"column":13}},"type":"binary-expr","locations":[{"start":{"line":218,"column":13},"end":{"line":218,"column":25}},{"start":{"line":219,"column":14},"end":{"line":224,"column":22}}],"line":218}},"s":{"0":0,"1":0,"2":0,"3":0,"4":0,"5":0,"6":0,"7":0,"8":0,"9":0,"10":0,"11":0,"12":0,"13":0,"14":0,"15":0,"16":0,"17":0,"18":0,"19":0,"20":0,"21":0,"22":0,"23":0,"24":0,"25":0,"26":0,"27":0,"28":0,"29":0,"30":0,"31":0,"32":0,"33":0,"34":0,"35":0,"36":0},"f":{"0":0,"1":0,"2":0,"3":0,"4":0,"5":0,"6":0},"b":{"0":[0,0],"1":[0,0],"2":[0,0],"3":[0,0],"4":[0,0],"5":[0,0],"6":[0,0],"7":[0,0]}}
,"C:\\Users\\manso\\Documents\\projects_PTS2\\ESS\\administration\\src\\views\\Pages\\SignIn.tsx": {"path":"C:\\Users\\manso\\Documents\\projects_PTS2\\ESS\\administration\\src\\views\\Pages\\SignIn.tsx","statementMap":{"0":{"start":{"line":35,"column":15},"end":{"line":242,"column":1}},"1":{"start":{"line":36,"column":21},"end":{"line":36,"column":30}},"2":{"start":{"line":37,"column":16},"end":{"line":37,"column":32}},"3":{"start":{"line":38,"column":42},"end":{"line":38,"column":66}},"4":{"start":{"line":39,"column":42},"end":{"line":39,"column":62}},"5":{"start":{"line":40,"column":18},"end":{"line":40,"column":30}},"6":{"start":{"line":42,"column":15},"end":{"line":48,"column":4}},"7":{"start":{"line":50,"column":57},"end":{"line":78,"column":3}},"8":{"start":{"line":51,"column":4},"end":{"line":77,"column":5}},"9":{"start":{"line":52,"column":37},"end":{"line":52,"column":43}},"10":{"start":{"line":53,"column":31},"end":{"line":53,"column":62}},"11":{"start":{"line":54,"column":19},"end":{"line":54,"column":44}},"12":{"start":{"line":55,"column":6},"end":{"line":55,"column":21}},"13":{"start":{"line":57,"column":6},"end":{"line":76,"column":7}},"14":{"start":{"line":58,"column":8},"end":{"line":73,"column":9}},"15":{"start":{"line":59,"column":33},"end":{"line":59,"column":52}},"16":{"start":{"line":61,"column":63},"end":{"line":64,"column":11}},"17":{"start":{"line":66,"column":36},"end":{"line":68,"column":28}},"18":{"start":{"line":70,"column":10},"end":{"line":70,"column":45}},"19":{"start":{"line":72,"column":10},"end":{"line":72,"column":54}},"20":{"start":{"line":75,"column":8},"end":{"line":75,"column":52}},"21":{"start":{"line":80,"column":36},"end":{"line":82,"column":3}},"22":{"start":{"line":81,"column":4},"end":{"line":81,"column":42}},"23":{"start":{"line":84,"column":2},"end":{"line":241,"column":4}},"24":{"start":{"line":197,"column":35},"end":{"line":197,"column":65}}},"fnMap":{"0":{"name":"(anonymous_0)","decl":{"start":{"line":35,"column":15},"end":{"line":35,"column":16}},"loc":{"start":{"line":35,"column":21},"end":{"line":242,"column":1}},"line":35},"1":{"name":"(anonymous_1)","decl":{"start":{"line":50,"column":57},"end":{"line":50,"column":58}},"loc":{"start":{"line":50,"column":75},"end":{"line":78,"column":3}},"line":50},"2":{"name":"(anonymous_2)","decl":{"start":{"line":80,"column":36},"end":{"line":80,"column":37}},"loc":{"start":{"line":80,"column":42},"end":{"line":82,"column":3}},"line":80},"3":{"name":"(anonymous_3)","decl":{"start":{"line":197,"column":29},"end":{"line":197,"column":30}},"loc":{"start":{"line":197,"column":35},"end":{"line":197,"column":65}},"line":197}},"branchMap":{"0":{"loc":{"start":{"line":57,"column":6},"end":{"line":76,"column":7}},"type":"if","locations":[{"start":{"line":57,"column":6},"end":{"line":76,"column":7}},{"start":{"line":74,"column":13},"end":{"line":76,"column":7}}],"line":57},"1":{"loc":{"start":{"line":58,"column":8},"end":{"line":73,"column":9}},"type":"if","locations":[{"start":{"line":58,"column":8},"end":{"line":73,"column":9}},{"start":{"line":71,"column":15},"end":{"line":73,"column":9}}],"line":58},"2":{"loc":{"start":{"line":58,"column":12},"end":{"line":58,"column":49}},"type":"binary-expr","locations":[{"start":{"line":58,"column":12},"end":{"line":58,"column":26}},{"start":{"line":58,"column":30},"end":{"line":58,"column":49}}],"line":58},"3":{"loc":{"start":{"line":66,"column":36},"end":{"line":68,"column":28}},"type":"cond-expr","locations":[{"start":{"line":67,"column":14},"end":{"line":67,"column":50}},{"start":{"line":68,"column":14},"end":{"line":68,"column":28}}],"line":66},"4":{"loc":{"start":{"line":186,"column":24},"end":{"line":186,"column":58}},"type":"cond-expr","locations":[{"start":{"line":186,"column":39},"end":{"line":186,"column":45}},{"start":{"line":186,"column":48},"end":{"line":186,"column":58}}],"line":186},"5":{"loc":{"start":{"line":201,"column":21},"end":{"line":201,"column":62}},"type":"cond-expr","locations":[{"start":{"line":201,"column":36},"end":{"line":201,"column":45}},{"start":{"line":201,"column":48},"end":{"line":201,"column":62}}],"line":201},"6":{"loc":{"start":{"line":231,"column":13},"end":{"line":236,"column":13}},"type":"binary-expr","locations":[{"start":{"line":231,"column":13},"end":{"line":231,"column":25}},{"start":{"line":232,"column":14},"end":{"line":235,"column":22}}],"line":231}},"s":{"0":0,"1":0,"2":0,"3":0,"4":0,"5":0,"6":0,"7":0,"8":0,"9":0,"10":0,"11":0,"12":0,"13":0,"14":0,"15":0,"16":0,"17":0,"18":0,"19":0,"20":0,"21":0,"22":0,"23":0,"24":0},"f":{"0":0,"1":0,"2":0,"3":0},"b":{"0":[0,0],"1":[0,0],"2":[0,0],"3":[0,0],"4":[0,0],"5":[0,0],"6":[0,0]}}
}
