{"C:\\Users\\manso\\Documents\\projects_PTS2\\ESS\\administration\\src\\common\\AdminModel.ts": {"path":"C:\\Users\\manso\\Documents\\projects_PTS2\\ESS\\administration\\src\\common\\AdminModel.ts","statementMap":{},"fnMap":{},"branchMap":{},"s":{},"f":{},"b":{}}
,"C:\\Users\\manso\\Documents\\projects_PTS2\\ESS\\administration\\src\\common\\model.ts": {"path":"C:\\Users\\manso\\Documents\\projects_PTS2\\ESS\\administration\\src\\common\\model.ts","statementMap":{},"fnMap":{},"branchMap":{},"s":{},"f":{},"b":{}}
,"C:\\Users\\manso\\Documents\\projects_PTS2\\ESS\\administration\\src\\common\\api\\axios.ts": {"path":"C:\\Users\\manso\\Documents\\projects_PTS2\\ESS\\administration\\src\\common\\api\\axios.ts","statementMap":{"0":{"start":{"line":4,"column":12},"end":{"line":8,"column":2}},"1":{"start":{"line":11,"column":0},"end":{"line":20,"column":2}},"2":{"start":{"line":13,"column":17},"end":{"line":13,"column":64}},"3":{"start":{"line":14,"column":4},"end":{"line":16,"column":5}},"4":{"start":{"line":15,"column":6},"end":{"line":15,"column":60}},"5":{"start":{"line":17,"column":4},"end":{"line":17,"column":18}},"6":{"start":{"line":19,"column":13},"end":{"line":19,"column":34}}},"fnMap":{"0":{"name":"(anonymous_0)","decl":{"start":{"line":12,"column":2},"end":{"line":12,"column":3}},"loc":{"start":{"line":12,"column":14},"end":{"line":18,"column":3}},"line":12},"1":{"name":"(anonymous_1)","decl":{"start":{"line":19,"column":2},"end":{"line":19,"column":3}},"loc":{"start":{"line":19,"column":13},"end":{"line":19,"column":34}},"line":19}},"branchMap":{"0":{"loc":{"start":{"line":14,"column":4},"end":{"line":16,"column":5}},"type":"if","locations":[{"start":{"line":14,"column":4},"end":{"line":16,"column":5}},{"start":{},"end":{}}],"line":14}},"s":{"0":1,"1":1,"2":0,"3":0,"4":0,"5":0,"6":0},"f":{"0":0,"1":0},"b":{"0":[0,0]},"_coverageSchema":"1a1c01bbd47fc00a2c39e90264f33305004495a9","hash":"418f195bc6cbf34dae56916796453d80fc405389"}
,"C:\\Users\\manso\\Documents\\projects_PTS2\\ESS\\administration\\src\\common\\api\\station-api.ts": {"path":"C:\\Users\\manso\\Documents\\projects_PTS2\\ESS\\administration\\src\\common\\api\\station-api.ts","statementMap":{"0":{"start":{"line":5,"column":16},"end":{"line":5,"column":34}},"1":{"start":{"line":13,"column":33},"end":{"line":24,"column":1}},"2":{"start":{"line":14,"column":19},"end":{"line":21,"column":3}},"3":{"start":{"line":23,"column":2},"end":{"line":23,"column":23}},"4":{"start":{"line":26,"column":27},"end":{"line":28,"column":1}},"5":{"start":{"line":27,"column":2},"end":{"line":27,"column":54}},"6":{"start":{"line":30,"column":29},"end":{"line":42,"column":1}},"7":{"start":{"line":31,"column":52},"end":{"line":31,"column":59}},"8":{"start":{"line":33,"column":19},"end":{"line":39,"column":4}},"9":{"start":{"line":41,"column":2},"end":{"line":41,"column":23}},"10":{"start":{"line":44,"column":29},"end":{"line":53,"column":1}},"11":{"start":{"line":48,"column":19},"end":{"line":51,"column":3}},"12":{"start":{"line":52,"column":2},"end":{"line":52,"column":23}},"13":{"start":{"line":55,"column":29},"end":{"line":59,"column":1}},"14":{"start":{"line":56,"column":19},"end":{"line":56,"column":70}},"15":{"start":{"line":58,"column":2},"end":{"line":58,"column":23}},"16":{"start":{"line":60,"column":33},"end":{"line":65,"column":1}},"17":{"start":{"line":63,"column":19},"end":{"line":63,"column":42}},"18":{"start":{"line":64,"column":2},"end":{"line":64,"column":50}},"19":{"start":{"line":66,"column":43},"end":{"line":70,"column":1}},"20":{"start":{"line":67,"column":19},"end":{"line":67,"column":60}},"21":{"start":{"line":69,"column":2},"end":{"line":69,"column":23}},"22":{"start":{"line":71,"column":40},"end":{"line":75,"column":1}},"23":{"start":{"line":72,"column":19},"end":{"line":72,"column":57}},"24":{"start":{"line":74,"column":2},"end":{"line":74,"column":23}},"25":{"start":{"line":76,"column":45},"end":{"line":80,"column":1}},"26":{"start":{"line":77,"column":19},"end":{"line":77,"column":57}},"27":{"start":{"line":79,"column":2},"end":{"line":79,"column":23}},"28":{"start":{"line":81,"column":27},"end":{"line":123,"column":1}},"29":{"start":{"line":94,"column":12},"end":{"line":94,"column":75}},"30":{"start":{"line":96,"column":36},"end":{"line":96,"column":57}},"31":{"start":{"line":98,"column":23},"end":{"line":98,"column":44}},"32":{"start":{"line":100,"column":2},"end":{"line":104,"column":3}},"33":{"start":{"line":101,"column":4},"end":{"line":101,"column":21}},"34":{"start":{"line":103,"column":4},"end":{"line":103,"column":19}},"35":{"start":{"line":106,"column":2},"end":{"line":108,"column":3}},"36":{"start":{"line":107,"column":4},"end":{"line":107,"column":38}},"37":{"start":{"line":110,"column":2},"end":{"line":112,"column":3}},"38":{"start":{"line":111,"column":4},"end":{"line":111,"column":44}},"39":{"start":{"line":114,"column":2},"end":{"line":116,"column":3}},"40":{"start":{"line":115,"column":4},"end":{"line":115,"column":42}},"41":{"start":{"line":117,"column":2},"end":{"line":117,"column":47}},"42":{"start":{"line":118,"column":2},"end":{"line":118,"column":47}},"43":{"start":{"line":120,"column":19},"end":{"line":120,"column":69}},"44":{"start":{"line":122,"column":2},"end":{"line":122,"column":23}},"45":{"start":{"line":125,"column":29},"end":{"line":130,"column":1}},"46":{"start":{"line":128,"column":19},"end":{"line":128,"column":75}},"47":{"start":{"line":129,"column":2},"end":{"line":129,"column":23}},"48":{"start":{"line":132,"column":31},"end":{"line":141,"column":1}},"49":{"start":{"line":136,"column":19},"end":{"line":138,"column":3}},"50":{"start":{"line":140,"column":2},"end":{"line":140,"column":23}},"51":{"start":{"line":143,"column":33},"end":{"line":151,"column":1}},"52":{"start":{"line":147,"column":19},"end":{"line":149,"column":3}},"53":{"start":{"line":150,"column":2},"end":{"line":150,"column":23}},"54":{"start":{"line":152,"column":34},"end":{"line":160,"column":1}},"55":{"start":{"line":156,"column":19},"end":{"line":158,"column":3}},"56":{"start":{"line":159,"column":2},"end":{"line":159,"column":23}},"57":{"start":{"line":162,"column":38},"end":{"line":171,"column":1}},"58":{"start":{"line":166,"column":19},"end":{"line":168,"column":3}},"59":{"start":{"line":170,"column":2},"end":{"line":170,"column":23}}},"fnMap":{"0":{"name":"(anonymous_0)","decl":{"start":{"line":13,"column":33},"end":{"line":13,"column":34}},"loc":{"start":{"line":13,"column":73},"end":{"line":24,"column":1}},"line":13},"1":{"name":"(anonymous_1)","decl":{"start":{"line":26,"column":27},"end":{"line":26,"column":28}},"loc":{"start":{"line":26,"column":49},"end":{"line":28,"column":1}},"line":26},"2":{"name":"(anonymous_2)","decl":{"start":{"line":30,"column":29},"end":{"line":30,"column":30}},"loc":{"start":{"line":30,"column":69},"end":{"line":42,"column":1}},"line":30},"3":{"name":"(anonymous_3)","decl":{"start":{"line":44,"column":29},"end":{"line":44,"column":30}},"loc":{"start":{"line":47,"column":5},"end":{"line":53,"column":1}},"line":47},"4":{"name":"(anonymous_4)","decl":{"start":{"line":55,"column":29},"end":{"line":55,"column":30}},"loc":{"start":{"line":55,"column":57},"end":{"line":59,"column":1}},"line":55},"5":{"name":"(anonymous_5)","decl":{"start":{"line":60,"column":33},"end":{"line":60,"column":34}},"loc":{"start":{"line":62,"column":30},"end":{"line":65,"column":1}},"line":62},"6":{"name":"(anonymous_6)","decl":{"start":{"line":66,"column":43},"end":{"line":66,"column":44}},"loc":{"start":{"line":66,"column":65},"end":{"line":70,"column":1}},"line":66},"7":{"name":"(anonymous_7)","decl":{"start":{"line":71,"column":40},"end":{"line":71,"column":41}},"loc":{"start":{"line":71,"column":62},"end":{"line":75,"column":1}},"line":71},"8":{"name":"(anonymous_8)","decl":{"start":{"line":76,"column":45},"end":{"line":76,"column":46}},"loc":{"start":{"line":76,"column":67},"end":{"line":80,"column":1}},"line":76},"9":{"name":"(anonymous_9)","decl":{"start":{"line":81,"column":27},"end":{"line":81,"column":28}},"loc":{"start":{"line":93,"column":6},"end":{"line":123,"column":1}},"line":93},"10":{"name":"(anonymous_10)","decl":{"start":{"line":125,"column":29},"end":{"line":125,"column":30}},"loc":{"start":{"line":127,"column":33},"end":{"line":130,"column":1}},"line":127},"11":{"name":"(anonymous_11)","decl":{"start":{"line":132,"column":31},"end":{"line":132,"column":32}},"loc":{"start":{"line":135,"column":5},"end":{"line":141,"column":1}},"line":135},"12":{"name":"(anonymous_12)","decl":{"start":{"line":143,"column":33},"end":{"line":143,"column":34}},"loc":{"start":{"line":146,"column":5},"end":{"line":151,"column":1}},"line":146},"13":{"name":"(anonymous_13)","decl":{"start":{"line":152,"column":34},"end":{"line":152,"column":35}},"loc":{"start":{"line":155,"column":31},"end":{"line":160,"column":1}},"line":155},"14":{"name":"(anonymous_14)","decl":{"start":{"line":162,"column":38},"end":{"line":162,"column":39}},"loc":{"start":{"line":165,"column":5},"end":{"line":171,"column":1}},"line":165}},"branchMap":{"0":{"loc":{"start":{"line":64,"column":9},"end":{"line":64,"column":49}},"type":"cond-expr","locations":[{"start":{"line":64,"column":31},"end":{"line":64,"column":42}},{"start":{"line":64,"column":45},"end":{"line":64,"column":49}}],"line":64},"1":{"loc":{"start":{"line":82,"column":2},"end":{"line":84,"column":3}},"type":"default-arg","locations":[{"start":{"line":82,"column":49},"end":{"line":84,"column":3}}],"line":82},"2":{"loc":{"start":{"line":100,"column":2},"end":{"line":104,"column":3}},"type":"if","locations":[{"start":{"line":100,"column":2},"end":{"line":104,"column":3}},{"start":{"line":102,"column":9},"end":{"line":104,"column":3}}],"line":100},"3":{"loc":{"start":{"line":100,"column":6},"end":{"line":100,"column":31}},"type":"binary-expr","locations":[{"start":{"line":100,"column":6},"end":{"line":100,"column":10}},{"start":{"line":100,"column":14},"end":{"line":100,"column":20}},{"start":{"line":100,"column":24},"end":{"line":100,"column":31}}],"line":100},"4":{"loc":{"start":{"line":106,"column":2},"end":{"line":108,"column":3}},"type":"if","locations":[{"start":{"line":106,"column":2},"end":{"line":108,"column":3}},{"start":{},"end":{}}],"line":106},"5":{"loc":{"start":{"line":110,"column":2},"end":{"line":112,"column":3}},"type":"if","locations":[{"start":{"line":110,"column":2},"end":{"line":112,"column":3}},{"start":{},"end":{}}],"line":110},"6":{"loc":{"start":{"line":114,"column":2},"end":{"line":116,"column":3}},"type":"if","locations":[{"start":{"line":114,"column":2},"end":{"line":116,"column":3}},{"start":{},"end":{}}],"line":114}},"s":{"0":1,"1":1,"2":6,"3":5,"4":1,"5":4,"6":1,"7":1,"8":1,"9":1,"10":1,"11":1,"12":1,"13":1,"14":2,"15":1,"16":1,"17":3,"18":3,"19":1,"20":1,"21":1,"22":1,"23":1,"24":1,"25":1,"26":1,"27":1,"28":1,"29":2,"30":2,"31":2,"32":2,"33":1,"34":1,"35":2,"36":1,"37":2,"38":1,"39":2,"40":1,"41":2,"42":2,"43":2,"44":2,"45":1,"46":1,"47":1,"48":1,"49":1,"50":1,"51":1,"52":1,"53":1,"54":1,"55":1,"56":1,"57":1,"58":1,"59":1},"f":{"0":6,"1":4,"2":1,"3":1,"4":2,"5":3,"6":1,"7":1,"8":1,"9":2,"10":1,"11":1,"12":1,"13":1,"14":1},"b":{"0":[2,1],"1":[0],"2":[1,1],"3":[2,1,1],"4":[1,1],"5":[1,1],"6":[1,1]},"_coverageSchema":"1a1c01bbd47fc00a2c39e90264f33305004495a9","hash":"3d4838a359aba8cec22c27c208c4ff1023a60db5"}
}
