TN:
SF:src\i18n.ts
FNF:0
FNH:0
DA:6,0
LF:1
LH:0
BRDA:29,0,0,0
BRDA:29,0,1,0
BRF:2
BRH:0
end_of_record
TN:
SF:src\index.js
FN:25,(anonymous_0)
FNF:1
FNH:0
FNDA:0,(anonymous_0)
DA:25,0
DA:26,0
DA:29,0
DA:34,0
DA:36,0
DA:39,0
DA:49,0
DA:63,0
DA:65,0
DA:67,0
LF:10
LH:0
BRDA:29,0,0,0
BRDA:29,0,1,0
BRDA:30,1,0,0
BRDA:30,1,1,0
BRDA:30,1,2,0
BRF:5
BRH:0
end_of_record
TN:
SF:src\translations.ts
FNF:0
FNH:0
DA:1,0
LF:1
LH:0
BRF:0
BRH:0
end_of_record
TN:
SF:src\common\AdminModel.ts
FNF:0
FNH:0
LF:0
LH:0
BRF:0
BRH:0
end_of_record
TN:
SF:src\common\enums.ts
FNF:0
FNH:0
LF:0
LH:0
BRF:0
BRH:0
end_of_record
TN:
SF:src\common\form-validation.ts
FNF:0
FNH:0
DA:3,1
LF:1
LH:1
BRF:0
BRH:0
end_of_record
TN:
SF:src\common\model.ts
FNF:0
FNH:0
LF:0
LH:0
BRF:0
BRH:0
end_of_record
TN:
SF:src\common\react-props.ts
FNF:0
FNH:0
LF:0
LH:0
BRF:0
BRH:0
end_of_record
TN:
SF:src\common\api\WebSocketTopics.ts
FNF:0
FNH:0
DA:1,0
DA:3,0
LF:2
LH:0
BRF:0
BRH:0
end_of_record
TN:
SF:src\common\api\api-utils.ts
FN:1,(anonymous_0)
FNF:1
FNH:1
FNDA:5,(anonymous_0)
DA:1,1
DA:6,5
DA:8,5
DA:9,4
DA:12,5
DA:13,1
DA:16,5
LF:7
LH:7
BRDA:8,0,0,4
BRDA:8,0,1,1
BRDA:12,1,0,1
BRDA:12,1,1,4
BRF:4
BRH:4
end_of_record
TN:
SF:src\common\api\auth-api.ts
FN:6,(anonymous_0)
FN:16,(anonymous_1)
FN:28,(anonymous_2)
FN:32,(anonymous_3)
FN:36,(anonymous_4)
FNF:5
FNH:5
FNDA:2,(anonymous_0)
FNDA:1,(anonymous_1)
FNDA:1,(anonymous_2)
FNDA:1,(anonymous_3)
FNDA:1,(anonymous_4)
DA:5,7
DA:6,7
DA:7,2
DA:13,1
DA:16,7
DA:17,1
DA:18,1
DA:26,1
DA:28,7
DA:29,1
DA:30,1
DA:32,7
DA:33,1
DA:34,1
DA:36,7
DA:37,1
DA:38,1
LF:17
LH:17
BRF:0
BRH:0
end_of_record
TN:
SF:src\common\api\axios.ts
FN:12,(anonymous_0)
FN:19,(anonymous_1)
FNF:2
FNH:1
FNDA:6,(anonymous_0)
FNDA:0,(anonymous_1)
DA:4,30
DA:11,30
DA:13,6
DA:14,6
DA:15,0
DA:17,6
DA:19,0
LF:7
LH:5
BRDA:14,0,0,0
BRDA:14,0,1,6
BRF:2
BRH:1
end_of_record
TN:
SF:src\common\api\configuration-api.ts
FN:5,(anonymous_0)
FNF:1
FNH:1
FNDA:3,(anonymous_0)
DA:3,2
DA:5,2
DA:6,3
DA:7,2
LF:4
LH:4
BRF:0
BRH:0
end_of_record
TN:
SF:src\common\api\controller-api.ts
FN:8,(anonymous_0)
FNF:1
FNH:1
FNDA:3,(anonymous_0)
DA:4,2
DA:6,2
DA:8,2
DA:12,3
DA:16,2
LF:5
LH:5
BRF:0
BRH:0
end_of_record
TN:
SF:src\common\api\customerAccount-api.ts
FN:13,(anonymous_0)
FN:56,(anonymous_1)
FN:64,(anonymous_2)
FN:70,(anonymous_3)
FN:77,(anonymous_4)
FN:82,(anonymous_5)
FN:86,(anonymous_6)
FN:93,(anonymous_7)
FN:100,(anonymous_8)
FNF:9
FNH:9
FNDA:1,(anonymous_0)
FNDA:1,(anonymous_1)
FNDA:1,(anonymous_2)
FNDA:3,(anonymous_3)
FNDA:4,(anonymous_4)
FNDA:1,(anonymous_5)
FNDA:1,(anonymous_6)
FNDA:1,(anonymous_7)
FNDA:1,(anonymous_8)
DA:5,5
DA:13,5
DA:25,1
DA:27,1
DA:29,1
DA:31,1
DA:32,1
DA:34,0
DA:37,1
DA:38,1
DA:41,1
DA:42,0
DA:45,1
DA:46,0
DA:48,1
DA:49,1
DA:51,1
DA:53,1
DA:56,5
DA:57,1
DA:61,1
DA:64,5
DA:65,1
DA:67,1
DA:70,5
DA:73,3
DA:74,2
DA:77,5
DA:78,4
DA:79,3
DA:82,5
DA:83,1
DA:84,1
DA:86,5
DA:89,1
DA:90,1
DA:93,5
DA:97,1
DA:100,5
DA:105,1
DA:109,1
LF:41
LH:38
BRDA:14,0,0,0
BRDA:31,1,0,1
BRDA:31,1,1,0
BRDA:31,2,0,1
BRDA:31,2,1,0
BRDA:31,2,2,0
BRDA:37,3,0,1
BRDA:37,3,1,0
BRDA:41,4,0,0
BRDA:41,4,1,1
BRDA:45,5,0,0
BRDA:45,5,1,1
BRF:12
BRH:5
end_of_record
TN:
SF:src\common\api\forgot-password-api.ts
FN:5,(anonymous_0)
FN:10,(anonymous_1)
FNF:2
FNH:2
FNDA:1,(anonymous_0)
FNDA:2,(anonymous_1)
DA:3,1
DA:5,1
DA:6,1
DA:7,1
DA:10,1
DA:11,2
DA:12,2
LF:7
LH:7
BRF:0
BRH:0
end_of_record
TN:
SF:src\common\api\general-user-api.ts
FN:12,(anonymous_0)
FN:56,(anonymous_1)
FN:60,(anonymous_2)
FN:67,(anonymous_3)
FN:73,(anonymous_4)
FN:78,(anonymous_5)
FN:84,(anonymous_6)
FN:90,(anonymous_7)
FNF:8
FNH:8
FNDA:1,(anonymous_0)
FNDA:1,(anonymous_1)
FNDA:1,(anonymous_2)
FNDA:1,(anonymous_3)
FNDA:1,(anonymous_4)
FNDA:1,(anonymous_5)
FNDA:1,(anonymous_6)
FNDA:1,(anonymous_7)
DA:4,30
DA:12,30
DA:24,1
DA:26,1
DA:28,1
DA:30,1
DA:31,1
DA:33,0
DA:36,1
DA:37,1
DA:40,1
DA:41,0
DA:44,1
DA:45,0
DA:48,1
DA:49,1
DA:51,1
DA:53,1
DA:56,30
DA:57,1
DA:60,30
DA:63,1
DA:64,1
DA:67,30
DA:68,1
DA:70,1
DA:73,30
DA:74,1
DA:75,1
DA:78,30
DA:79,1
DA:81,1
DA:84,30
DA:85,1
DA:87,1
DA:90,30
DA:91,1
DA:92,1
LF:38
LH:35
BRDA:13,0,0,0
BRDA:30,1,0,1
BRDA:30,1,1,0
BRDA:30,2,0,1
BRDA:30,2,1,0
BRDA:30,2,2,0
BRDA:36,3,0,1
BRDA:36,3,1,0
BRDA:40,4,0,0
BRDA:40,4,1,1
BRDA:44,5,0,0
BRDA:44,5,1,1
BRF:12
BRH:5
end_of_record
TN:
SF:src\common\api\reference-data-api.ts
FN:6,(anonymous_0)
FNF:1
FNH:1
FNDA:4,(anonymous_0)
DA:4,3
DA:6,3
DA:7,4
DA:9,1
LF:4
LH:4
BRF:0
BRH:0
end_of_record
TN:
SF:src\common\api\station-api.ts
FN:13,(anonymous_0)
FN:26,(anonymous_1)
FN:30,(anonymous_2)
FN:44,(anonymous_3)
FN:55,(anonymous_4)
FN:60,(anonymous_5)
FN:66,(anonymous_6)
FN:71,(anonymous_7)
FN:76,(anonymous_8)
FN:81,(anonymous_9)
FN:125,(anonymous_10)
FN:132,(anonymous_11)
FN:143,(anonymous_12)
FN:152,(anonymous_13)
FN:162,(anonymous_14)
FNF:15
FNH:15
FNDA:6,(anonymous_0)
FNDA:4,(anonymous_1)
FNDA:1,(anonymous_2)
FNDA:1,(anonymous_3)
FNDA:2,(anonymous_4)
FNDA:3,(anonymous_5)
FNDA:1,(anonymous_6)
FNDA:1,(anonymous_7)
FNDA:1,(anonymous_8)
FNDA:2,(anonymous_9)
FNDA:4,(anonymous_10)
FNDA:1,(anonymous_11)
FNDA:1,(anonymous_12)
FNDA:1,(anonymous_13)
FNDA:1,(anonymous_14)
DA:5,5
DA:13,5
DA:14,6
DA:23,5
DA:26,5
DA:27,4
DA:30,5
DA:31,1
DA:33,1
DA:41,1
DA:44,5
DA:48,1
DA:52,1
DA:55,5
DA:56,2
DA:58,1
DA:60,5
DA:63,3
DA:64,3
DA:66,5
DA:67,1
DA:69,1
DA:71,5
DA:72,1
DA:74,1
DA:76,5
DA:77,1
DA:79,1
DA:81,5
DA:94,2
DA:96,2
DA:98,2
DA:100,2
DA:101,1
DA:103,1
DA:106,2
DA:107,1
DA:110,2
DA:111,1
DA:114,2
DA:115,1
DA:117,2
DA:118,2
DA:120,2
DA:122,2
DA:125,5
DA:128,4
DA:129,1
DA:132,5
DA:136,1
DA:140,1
DA:143,5
DA:147,1
DA:150,1
DA:152,5
DA:156,1
DA:159,1
DA:162,5
DA:166,1
DA:170,1
LF:60
LH:60
BRDA:64,0,0,2
BRDA:64,0,1,1
BRDA:82,1,0,0
BRDA:100,2,0,1
BRDA:100,2,1,1
BRDA:100,3,0,2
BRDA:100,3,1,1
BRDA:100,3,2,1
BRDA:106,4,0,1
BRDA:106,4,1,1
BRDA:110,5,0,1
BRDA:110,5,1,1
BRDA:114,6,0,1
BRDA:114,6,1,1
BRF:14
BRH:13
end_of_record
TN:
SF:src\common\api\websocket-api.ts
FN:5,(anonymous_0)
FN:24,(anonymous_1)
FN:44,(anonymous_2)
FN:64,(anonymous_3)
FN:85,(anonymous_4)
FN:113,(anonymous_5)
FN:137,(anonymous_6)
FNF:7
FNH:0
FNDA:0,(anonymous_0)
FNDA:0,(anonymous_1)
FNDA:0,(anonymous_2)
FNDA:0,(anonymous_3)
FNDA:0,(anonymous_4)
FNDA:0,(anonymous_5)
FNDA:0,(anonymous_6)
DA:3,0
DA:5,0
DA:6,0
DA:19,0
DA:21,0
DA:24,0
DA:26,0
DA:39,0
DA:41,0
DA:44,0
DA:45,0
DA:59,0
DA:61,0
DA:64,0
DA:66,0
DA:80,0
DA:82,0
DA:85,0
DA:91,0
DA:108,0
DA:110,0
DA:113,0
DA:118,0
DA:132,0
DA:134,0
DA:137,0
DA:138,0
DA:152,0
DA:154,0
LF:29
LH:0
BRF:0
BRH:0
end_of_record
TN:
SF:src\components\LanguageSelector.tsx
FN:14,(anonymous_0)
FN:17,(anonymous_1)
FN:32,(anonymous_2)
FN:40,(anonymous_3)
FN:43,(anonymous_4)
FNF:5
FNH:0
FNDA:0,(anonymous_0)
FNDA:0,(anonymous_1)
FNDA:0,(anonymous_2)
FNDA:0,(anonymous_3)
FNDA:0,(anonymous_4)
DA:14,0
DA:15,0
DA:17,0
DA:18,0
DA:21,0
DA:27,0
DA:32,0
DA:41,0
DA:43,0
LF:9
LH:0
BRDA:55,0,0,0
BRDA:55,0,1,0
BRF:2
BRH:0
end_of_record
TN:
SF:src\components\Card\Card.tsx
FN:3,(anonymous_0)
FNF:1
FNH:1
FNDA:26,(anonymous_0)
DA:3,2
DA:4,26
DA:5,26
DA:7,26
LF:4
LH:4
BRF:0
BRH:0
end_of_record
TN:
SF:src\components\Card\CardBody.tsx
FN:3,(anonymous_0)
FNF:1
FNH:1
FNDA:26,(anonymous_0)
DA:3,2
DA:4,26
DA:5,26
DA:7,26
LF:4
LH:4
BRF:0
BRH:0
end_of_record
TN:
SF:src\components\Card\CardHeader.tsx
FN:3,(anonymous_0)
FNF:1
FNH:1
FNDA:26,(anonymous_0)
DA:3,2
DA:4,26
DA:5,26
DA:7,26
LF:4
LH:4
BRF:0
BRH:0
end_of_record
TN:
SF:src\components\Card\CustomCard.tsx
FN:4,(anonymous_0)
FN:24,(anonymous_1)
FNF:2
FNH:0
FNDA:0,(anonymous_0)
FNDA:0,(anonymous_1)
DA:4,0
DA:10,0
DA:24,0
LF:3
LH:0
BRDA:33,0,0,0
BRDA:33,0,1,0
BRDA:51,1,0,0
BRDA:51,1,1,0
BRF:4
BRH:0
end_of_record
TN:
SF:src\components\ColumnSelector\ColumnSelector.tsx
FN:19,(anonymous_0)
FN:26,(anonymous_1)
FN:30,(anonymous_2)
FN:32,(anonymous_3)
FN:45,(anonymous_4)
FN:48,(anonymous_5)
FN:55,(anonymous_6)
FN:58,(anonymous_7)
FNF:8
FNH:8
FNDA:33,(anonymous_0)
FNDA:4,(anonymous_1)
FNDA:3,(anonymous_2)
FNDA:3,(anonymous_3)
FNDA:4,(anonymous_4)
FNDA:4,(anonymous_5)
FNDA:188,(anonymous_6)
FNDA:4,(anonymous_7)
DA:19,4
DA:24,33
DA:26,33
DA:28,4
DA:30,3
DA:31,3
DA:32,3
DA:36,3
DA:37,1
DA:40,3
DA:44,33
DA:45,4
DA:48,4
DA:56,188
DA:58,4
LF:15
LH:15
BRDA:28,0,0,1
BRDA:28,0,1,3
BRDA:31,1,0,1
BRDA:31,1,1,2
BRDA:36,2,0,1
BRDA:36,2,1,2
BRDA:61,3,0,165
BRDA:61,3,1,23
BRF:8
BRH:8
end_of_record
TN:
SF:src\components\Configurator\Configurator.tsx
FN:16,(anonymous_0)
FN:52,(anonymous_1)
FNF:2
FNH:2
FNDA:4,(anonymous_0)
FNDA:1,(anonymous_1)
DA:16,1
DA:17,4
DA:18,4
DA:20,4
DA:22,4
DA:53,1
DA:54,0
DA:55,0
DA:57,1
DA:58,1
LF:10
LH:8
BRDA:53,0,0,0
BRDA:53,0,1,1
BRF:2
BRH:1
end_of_record
TN:
SF:src\components\Configurator\ExitConfigurator.tsx
FN:30,(anonymous_0)
FN:45,(anonymous_1)
FN:50,(anonymous_2)
FN:63,(anonymous_3)
FN:92,(anonymous_4)
FN:96,(anonymous_5)
FN:103,(anonymous_6)
FN:107,(anonymous_7)
FN:116,(anonymous_8)
FN:168,(anonymous_9)
FN:182,(anonymous_10)
FN:195,(anonymous_11)
FN:226,(anonymous_12)
FN:266,(anonymous_13)
FNF:14
FNH:9
FNDA:12,(anonymous_0)
FNDA:7,(anonymous_1)
FNDA:2,(anonymous_2)
FNDA:0,(anonymous_3)
FNDA:0,(anonymous_4)
FNDA:0,(anonymous_5)
FNDA:0,(anonymous_6)
FNDA:7,(anonymous_7)
FNDA:7,(anonymous_8)
FNDA:1,(anonymous_9)
FNDA:1,(anonymous_10)
FNDA:1,(anonymous_11)
FNDA:1,(anonymous_12)
FNDA:0,(anonymous_13)
DA:30,1
DA:31,12
DA:32,12
DA:33,12
DA:34,12
DA:35,12
DA:36,12
DA:37,12
DA:38,12
DA:39,12
DA:40,12
DA:41,12
DA:42,12
DA:43,12
DA:45,12
DA:46,7
DA:49,12
DA:51,2
DA:63,12
DA:64,0
DA:69,0
DA:70,0
DA:72,0
DA:73,0
DA:74,0
DA:75,0
DA:79,0
DA:85,0
DA:86,0
DA:88,0
DA:92,12
DA:93,0
DA:96,12
DA:97,0
DA:98,0
DA:99,0
DA:103,12
DA:104,0
DA:107,12
DA:108,7
DA:109,0
DA:110,0
DA:112,7
DA:113,7
DA:116,7
DA:117,7
DA:118,7
DA:122,12
DA:169,1
DA:182,1
DA:195,1
DA:227,1
DA:267,0
LF:53
LH:34
BRDA:51,0,0,2
BRDA:51,0,1,1
BRDA:52,1,0,1
BRDA:52,1,1,0
BRDA:53,2,0,1
BRDA:53,2,1,0
BRDA:55,3,0,0
BRDA:55,3,1,0
BRDA:72,4,0,0
BRDA:72,4,1,0
BRDA:81,5,0,0
BRDA:81,5,1,0
BRDA:97,6,0,0
BRDA:97,6,1,0
BRDA:97,7,0,0
BRDA:97,7,1,0
BRDA:99,8,0,0
BRDA:99,8,1,0
BRDA:108,9,0,0
BRDA:108,9,1,7
BRDA:188,10,0,12
BRDA:188,10,1,2
BRDA:204,11,0,12
BRDA:204,11,1,0
BRDA:210,12,0,12
BRDA:210,12,1,12
BRDA:210,12,2,11
BRDA:216,13,0,12
BRDA:216,13,1,1
BRDA:224,14,0,12
BRDA:224,14,1,12
BRDA:231,15,0,0
BRDA:231,15,1,1
BRDA:233,16,0,1
BRDA:233,16,1,0
BRDA:238,17,0,0
BRDA:238,17,1,1
BRDA:244,18,0,0
BRDA:244,18,1,1
BRDA:249,19,0,0
BRDA:249,19,1,1
BRDA:254,20,0,0
BRDA:254,20,1,1
BRDA:272,21,0,1
BRDA:272,21,1,1
BRDA:282,22,0,1
BRDA:282,22,1,0
BRF:47
BRH:24
end_of_record
TN:
SF:src\components\Configurator\StationConfigurator.tsx
FN:16,(anonymous_0)
FN:23,(anonymous_1)
FN:24,(anonymous_2)
FNF:3
FNH:3
FNDA:3,(anonymous_0)
FNDA:2,(anonymous_1)
FNDA:2,(anonymous_2)
DA:16,1
DA:17,3
DA:18,3
DA:19,3
DA:20,3
DA:21,3
DA:23,3
DA:24,2
DA:25,2
DA:26,2
DA:27,2
DA:30,2
DA:34,3
DA:36,3
LF:14
LH:14
BRDA:38,0,0,2
BRDA:38,0,1,1
BRF:2
BRH:2
end_of_record
TN:
SF:src\components\Dialog\ConfirmationDialog.tsx
FN:21,(anonymous_0)
FN:34,(anonymous_1)
FN:35,(anonymous_2)
FN:37,(anonymous_3)
FN:44,(anonymous_4)
FN:51,(anonymous_5)
FN:53,(anonymous_6)
FN:63,(anonymous_7)
FNF:8
FNH:8
FNDA:21,(anonymous_0)
FNDA:11,(anonymous_1)
FNDA:1,(anonymous_2)
FNDA:2,(anonymous_3)
FNDA:2,(anonymous_4)
FNDA:7,(anonymous_5)
FNDA:2,(anonymous_6)
FNDA:7,(anonymous_7)
DA:21,3
DA:22,21
DA:24,21
DA:26,21
DA:27,21
DA:34,21
DA:35,21
DA:37,21
DA:38,2
DA:39,1
DA:41,2
DA:44,21
DA:45,2
DA:46,1
DA:48,2
DA:51,21
DA:52,7
DA:53,2
DA:60,7
DA:63,21
DA:64,7
DA:87,21
LF:22
LH:22
BRDA:22,0,0,21
BRDA:22,0,1,10
BRDA:38,1,0,1
BRDA:38,1,1,1
BRDA:45,2,0,1
BRDA:45,2,1,1
BRDA:52,3,0,2
BRDA:52,3,1,5
BRDA:54,4,0,2
BRDA:54,4,1,1
BRDA:55,5,0,2
BRDA:55,5,1,0
BRDA:56,6,0,2
BRDA:56,6,1,1
BRDA:57,7,0,2
BRDA:57,7,1,2
BRDA:70,8,0,1
BRDA:70,8,1,6
BRDA:72,9,0,7
BRDA:72,9,1,6
BRF:20
BRH:19
end_of_record
TN:
SF:src\components\Exporter\CustomerAccountExporter.tsx
FN:13,(anonymous_0)
FN:18,(anonymous_1)
FN:22,(anonymous_2)
FN:53,(anonymous_3)
FN:68,(anonymous_4)
FNF:5
FNH:5
FNDA:6,(anonymous_0)
FNDA:1,(anonymous_1)
FNDA:2,(anonymous_2)
FNDA:4,(anonymous_3)
FNDA:3,(anonymous_4)
DA:13,1
DA:16,6
DA:18,6
DA:19,1
DA:21,1
DA:30,2
DA:42,1
DA:43,1
DA:44,1
DA:49,1
DA:53,6
DA:54,4
DA:55,4
DA:64,4
DA:66,4
DA:68,4
DA:69,3
DA:80,3
DA:84,4
DA:92,4
DA:94,4
DA:97,4
DA:100,4
DA:102,4
DA:104,4
DA:107,6
LF:26
LH:26
BRDA:19,0,0,1
BRDA:19,0,1,0
BRDA:34,1,0,1
BRDA:34,1,1,1
BRDA:35,2,0,1
BRDA:35,2,1,1
BRDA:66,3,0,4
BRDA:66,3,1,0
BRDA:74,4,0,2
BRDA:74,4,1,1
BRDA:75,5,0,1
BRDA:75,5,1,2
BRF:12
BRH:10
end_of_record
TN:
SF:src\components\Exporter\LogExporter.tsx
FN:13,(anonymous_0)
FN:16,(anonymous_1)
FN:18,(anonymous_2)
FNF:3
FNH:3
FNDA:5,(anonymous_0)
FNDA:1,(anonymous_1)
FNDA:1,(anonymous_2)
DA:13,2
DA:14,5
DA:16,5
DA:17,1
DA:18,1
DA:29,1
DA:30,1
DA:31,1
DA:32,1
DA:36,5
LF:10
LH:10
BRDA:17,0,0,1
BRDA:17,0,1,0
BRDA:20,1,0,1
BRDA:20,1,1,0
BRDA:21,2,0,1
BRDA:21,2,1,0
BRDA:22,3,0,1
BRDA:22,3,1,0
BRDA:23,4,0,0
BRDA:23,4,1,1
BRDA:26,5,0,1
BRDA:26,5,1,0
BRF:12
BRH:6
end_of_record
TN:
SF:src\components\Exporter\StationExporter.tsx
FN:13,(anonymous_0)
FN:16,(anonymous_1)
FN:18,(anonymous_2)
FN:49,(anonymous_3)
FN:69,(anonymous_4)
FNF:5
FNH:5
FNDA:4,(anonymous_0)
FNDA:2,(anonymous_1)
FNDA:1,(anonymous_2)
FNDA:2,(anonymous_3)
FNDA:1,(anonymous_4)
DA:13,1
DA:14,4
DA:16,4
DA:17,2
DA:18,2
DA:38,2
DA:39,2
DA:40,2
DA:45,2
DA:49,4
DA:50,2
DA:51,2
DA:66,2
DA:68,2
DA:69,2
DA:70,1
DA:87,1
DA:91,2
DA:99,2
DA:101,2
DA:104,2
DA:107,2
DA:109,2
DA:111,2
DA:114,4
LF:25
LH:25
BRDA:17,0,0,2
BRDA:17,0,1,0
BRDA:19,1,0,1
BRDA:19,1,1,0
BRDA:20,2,0,1
BRDA:20,2,1,0
BRDA:22,3,0,1
BRDA:22,3,1,0
BRDA:24,4,0,1
BRDA:24,4,1,1
BRDA:26,5,0,1
BRDA:26,5,1,0
BRDA:27,6,0,1
BRDA:27,6,1,0
BRDA:28,7,0,1
BRDA:28,7,1,0
BRDA:29,8,0,1
BRDA:29,8,1,0
BRDA:30,9,0,1
BRDA:30,9,1,0
BRDA:31,10,0,1
BRDA:31,10,1,1
BRDA:32,11,0,1
BRDA:32,11,1,0
BRDA:35,12,0,1
BRDA:35,12,1,0
BRDA:68,13,0,2
BRDA:68,13,1,0
BRDA:72,14,0,1
BRDA:72,14,1,0
BRDA:73,15,0,1
BRDA:73,15,1,0
BRDA:74,16,0,1
BRDA:74,16,1,0
BRDA:75,17,0,1
BRDA:75,17,1,1
BRDA:76,18,0,1
BRDA:76,18,1,0
BRDA:77,19,0,1
BRDA:77,19,1,0
BRDA:78,20,0,1
BRDA:78,20,1,0
BRDA:79,21,0,1
BRDA:79,21,1,0
BRDA:80,22,0,1
BRDA:80,22,1,0
BRDA:81,23,0,1
BRDA:81,23,1,1
BRDA:82,24,0,1
BRDA:82,24,1,0
BRDA:85,25,0,1
BRDA:85,25,1,0
BRF:52
BRH:30
end_of_record
TN:
SF:src\components\Exporter\UserExporter.tsx
FN:15,(anonymous_0)
FN:18,(anonymous_1)
FN:20,(anonymous_2)
FN:45,(anonymous_3)
FN:58,(anonymous_4)
FNF:5
FNH:5
FNDA:4,(anonymous_0)
FNDA:2,(anonymous_1)
FNDA:1,(anonymous_2)
FNDA:2,(anonymous_3)
FNDA:1,(anonymous_4)
DA:15,1
DA:16,4
DA:18,4
DA:19,2
DA:20,2
DA:34,2
DA:35,2
DA:36,2
DA:41,2
DA:45,4
DA:46,2
DA:47,2
DA:55,2
DA:57,2
DA:58,2
DA:59,1
DA:69,1
DA:73,2
DA:81,2
DA:83,2
DA:85,2
DA:88,2
DA:90,2
DA:92,2
DA:95,4
LF:25
LH:25
BRDA:19,0,0,2
BRDA:19,0,1,0
BRDA:21,1,0,1
BRDA:21,1,1,0
BRDA:23,2,0,1
BRDA:23,2,1,0
BRDA:25,3,0,1
BRDA:25,3,1,0
BRDA:26,4,0,1
BRDA:26,4,1,0
BRDA:57,5,0,2
BRDA:57,5,1,0
BRDA:61,6,0,1
BRDA:61,6,1,0
BRDA:62,7,0,1
BRDA:62,7,1,0
BRDA:63,8,0,1
BRDA:63,8,1,0
BRDA:64,9,0,1
BRDA:64,9,1,0
BRF:20
BRH:10
end_of_record
TN:
SF:src\components\Filter\FilterLog.tsx
FN:12,(anonymous_0)
FN:20,(anonymous_1)
FN:37,(anonymous_2)
FN:60,(anonymous_3)
FN:78,(anonymous_4)
FN:93,(anonymous_5)
FNF:6
FNH:6
FNDA:16,(anonymous_0)
FNDA:6,(anonymous_1)
FNDA:2,(anonymous_2)
FNDA:1,(anonymous_3)
FNDA:3,(anonymous_4)
FNDA:3,(anonymous_5)
DA:12,2
DA:13,16
DA:14,16
DA:15,16
DA:16,16
DA:17,16
DA:18,16
DA:20,16
DA:25,6
DA:26,6
DA:28,6
DA:29,0
DA:31,6
DA:34,6
DA:37,16
DA:38,2
DA:40,2
DA:41,0
DA:44,2
DA:45,1
DA:48,2
DA:49,1
DA:50,1
DA:53,1
DA:54,1
DA:60,16
DA:61,1
DA:62,1
DA:63,1
DA:64,1
DA:65,1
DA:66,1
DA:69,16
DA:79,3
DA:94,3
LF:35
LH:33
BRDA:28,0,0,0
BRDA:28,0,1,6
BRDA:40,1,0,0
BRDA:40,1,1,2
BRDA:40,2,0,2
BRDA:40,2,1,2
BRDA:41,3,0,0
BRDA:41,3,1,0
BRDA:44,4,0,1
BRDA:44,4,1,1
BRDA:44,5,0,2
BRDA:44,5,1,2
BRDA:44,5,2,2
BRDA:48,6,0,1
BRDA:48,6,1,1
BRDA:115,7,0,16
BRDA:115,7,1,16
BRDA:115,7,2,16
BRDA:115,7,3,1
BRDA:117,8,0,1
BRDA:117,8,1,1
BRDA:117,8,2,1
BRF:22
BRH:18
end_of_record
TN:
SF:src\components\FixedPlugin\FixedPlugin.tsx
FN:6,(anonymous_0)
FNF:1
FNH:0
FNDA:0,(anonymous_0)
DA:6,0
DA:7,0
DA:9,0
LF:3
LH:0
BRF:0
BRH:0
end_of_record
TN:
SF:src\components\Footer\Footer.tsx
FN:4,(anonymous_0)
FNF:1
FNH:0
FNDA:0,(anonymous_0)
DA:4,0
DA:5,0
LF:2
LH:0
BRF:0
BRH:0
end_of_record
TN:
SF:src\components\Icons\IconBox.tsx
FN:4,IconBox
FNF:1
FNH:0
FNDA:0,IconBox
DA:5,0
DA:7,0
LF:2
LH:0
BRF:0
BRH:0
end_of_record
TN:
SF:src\components\Icons\Icons.tsx
FNF:0
FNH:0
DA:3,1
DA:20,1
DA:37,1
DA:48,1
DA:69,1
DA:114,1
DA:125,1
DA:181,1
DA:198,1
DA:215,1
DA:258,1
DA:269,1
DA:286,1
DA:303,1
DA:324,1
DA:341,1
DA:358,1
DA:369,1
DA:383,1
DA:400,1
DA:415,1
DA:440,1
DA:453,1
DA:465,1
DA:476,1
DA:493,1
DA:514,1
DA:533,1
DA:552,1
DA:586,1
DA:603,1
LF:31
LH:31
BRF:0
BRH:0
end_of_record
TN:
SF:src\components\Input\PhoneInput.tsx
FN:19,(anonymous_0)
FN:31,(anonymous_1)
FN:43,(anonymous_2)
FN:44,(anonymous_3)
FN:64,(anonymous_4)
FNF:5
FNH:3
FNDA:18,(anonymous_0)
FNDA:9,(anonymous_1)
FNDA:0,(anonymous_2)
FNDA:18,(anonymous_3)
FNDA:0,(anonymous_4)
DA:19,3
DA:28,18
DA:35,18
DA:36,18
DA:38,18
DA:43,0
DA:45,18
DA:65,0
DA:66,0
LF:9
LH:6
BRDA:26,0,0,2
BRDA:35,1,0,6
BRDA:35,1,1,12
BRDA:36,2,0,6
BRDA:36,2,1,12
BRF:5
BRH:5
end_of_record
TN:
SF:src\components\Layout\MainPanel.tsx
FN:3,(anonymous_0)
FNF:1
FNH:0
FNDA:0,(anonymous_0)
DA:3,0
DA:4,0
DA:5,0
DA:7,0
LF:4
LH:0
BRF:0
BRH:0
end_of_record
TN:
SF:src\components\Layout\PanelContainer.tsx
FN:3,(anonymous_0)
FNF:1
FNH:0
FNDA:0,(anonymous_0)
DA:3,0
DA:4,0
DA:5,0
DA:7,0
LF:4
LH:0
BRF:0
BRH:0
end_of_record
TN:
SF:src\components\Layout\PanelContent.tsx
FN:3,(anonymous_0)
FNF:1
FNH:0
FNDA:0,(anonymous_0)
DA:3,0
DA:4,0
DA:5,0
DA:7,0
LF:4
LH:0
BRF:0
BRH:0
end_of_record
TN:
SF:src\components\Menu\ItemContent.tsx
FN:5,(anonymous_0)
FNF:1
FNH:0
FNDA:0,(anonymous_0)
DA:5,0
DA:7,0
DA:8,0
DA:9,0
DA:10,0
LF:5
LH:0
BRF:0
BRH:0
end_of_record
TN:
SF:src\components\Modal\CustomerAccountModal.tsx
FN:43,(anonymous_0)
FN:74,(anonymous_1)
FN:103,(anonymous_2)
FN:108,(anonymous_3)
FN:116,(anonymous_4)
FN:131,(anonymous_5)
FN:132,(anonymous_6)
FN:142,(anonymous_7)
FN:223,(anonymous_8)
FN:239,(anonymous_9)
FN:281,(anonymous_10)
FN:304,(anonymous_11)
FN:307,(anonymous_12)
FN:328,(anonymous_13)
FN:339,(anonymous_14)
FNF:15
FNH:0
FNDA:0,(anonymous_0)
FNDA:0,(anonymous_1)
FNDA:0,(anonymous_2)
FNDA:0,(anonymous_3)
FNDA:0,(anonymous_4)
FNDA:0,(anonymous_5)
FNDA:0,(anonymous_6)
FNDA:0,(anonymous_7)
FNDA:0,(anonymous_8)
FNDA:0,(anonymous_9)
FNDA:0,(anonymous_10)
FNDA:0,(anonymous_11)
FNDA:0,(anonymous_12)
FNDA:0,(anonymous_13)
FNDA:0,(anonymous_14)
DA:43,1
DA:47,0
DA:48,0
DA:49,0
DA:50,0
DA:52,0
DA:53,0
DA:54,0
DA:55,0
DA:57,0
DA:59,0
DA:60,0
DA:61,0
DA:63,0
DA:74,0
DA:77,0
DA:78,0
DA:79,0
DA:80,0
DA:82,0
DA:85,0
DA:86,0
DA:88,0
DA:92,0
DA:93,0
DA:95,0
DA:96,0
DA:98,0
DA:99,0
DA:103,0
DA:104,0
DA:105,0
DA:108,0
DA:109,0
DA:112,0
DA:113,0
DA:114,0
DA:116,0
DA:117,0
DA:118,0
DA:124,0
DA:125,0
DA:126,0
DA:129,0
DA:131,0
DA:133,0
DA:137,0
DA:140,0
DA:142,0
DA:143,0
DA:144,0
DA:146,0
DA:150,0
DA:224,0
DA:228,0
DA:240,0
DA:241,0
DA:282,0
DA:283,0
DA:305,0
DA:308,0
DA:328,0
DA:340,0
LF:63
LH:1
BRDA:65,0,0,0
BRDA:65,0,1,0
BRDA:77,1,0,0
BRDA:77,1,1,0
BRDA:77,2,0,0
BRDA:77,2,1,0
BRDA:80,3,0,0
BRDA:80,3,1,0
BRDA:98,4,0,0
BRDA:98,4,1,0
BRDA:117,5,0,0
BRDA:117,5,1,0
BRDA:125,6,0,0
BRDA:125,6,1,0
BRDA:126,7,0,0
BRDA:126,7,1,0
BRDA:129,8,0,0
BRDA:129,8,1,0
BRDA:137,9,0,0
BRDA:137,9,1,0
BRDA:143,10,0,0
BRDA:143,10,1,0
BRDA:159,11,0,0
BRDA:159,11,1,0
BRDA:166,12,0,0
BRDA:166,12,1,0
BRDA:174,13,0,0
BRDA:174,13,1,0
BRDA:181,14,0,0
BRDA:181,14,1,0
BRDA:190,15,0,0
BRDA:190,15,1,0
BRDA:213,16,0,0
BRDA:213,16,1,0
BRDA:224,17,0,0
BRDA:224,17,1,0
BRDA:225,18,0,0
BRDA:225,18,1,0
BRDA:240,19,0,0
BRDA:240,19,1,0
BRDA:240,20,0,0
BRDA:240,20,1,0
BRDA:260,21,0,0
BRDA:260,21,1,0
BRDA:272,22,0,0
BRDA:272,22,1,0
BRDA:282,23,0,0
BRDA:282,23,1,0
BRDA:298,24,0,0
BRDA:298,24,1,0
BRDA:325,25,0,0
BRDA:325,25,1,0
BRDA:337,26,0,0
BRDA:337,26,1,0
BRDA:364,27,0,0
BRDA:364,27,1,0
BRDA:364,27,2,0
BRDA:367,28,0,0
BRDA:367,28,1,0
BRDA:367,28,2,0
BRDA:373,29,0,0
BRDA:373,29,1,0
BRDA:380,30,0,0
BRDA:380,30,1,0
BRDA:380,30,2,0
BRDA:387,31,0,0
BRDA:387,31,1,0
BRF:67
BRH:0
end_of_record
TN:
SF:src\components\Modal\LogModal.tsx
FN:20,(anonymous_0)
FN:37,(anonymous_1)
FN:41,(anonymous_2)
FN:46,(anonymous_3)
FN:47,(anonymous_4)
FN:53,(anonymous_5)
FN:57,(anonymous_6)
FN:58,(anonymous_7)
FN:70,(anonymous_8)
FN:75,(anonymous_9)
FN:79,(anonymous_10)
FN:88,(anonymous_11)
FN:100,(anonymous_12)
FN:108,(anonymous_13)
FN:117,(anonymous_14)
FN:118,(anonymous_15)
FN:123,(anonymous_16)
FN:140,(anonymous_17)
FNF:18
FNH:11
FNDA:3,(anonymous_0)
FNDA:3,(anonymous_1)
FNDA:1,(anonymous_2)
FNDA:0,(anonymous_3)
FNDA:0,(anonymous_4)
FNDA:0,(anonymous_5)
FNDA:0,(anonymous_6)
FNDA:0,(anonymous_7)
FNDA:2,(anonymous_8)
FNDA:2,(anonymous_9)
FNDA:0,(anonymous_10)
FNDA:2,(anonymous_11)
FNDA:2,(anonymous_12)
FNDA:0,(anonymous_13)
FNDA:21,(anonymous_14)
FNDA:21,(anonymous_15)
FNDA:21,(anonymous_16)
FNDA:21,(anonymous_17)
DA:20,1
DA:21,3
DA:22,3
DA:23,3
DA:24,3
DA:25,3
DA:26,3
DA:28,3
DA:33,3
DA:35,3
DA:37,3
DA:38,3
DA:41,3
DA:42,1
DA:43,1
DA:46,3
DA:47,0
DA:53,3
DA:54,0
DA:57,3
DA:58,0
DA:64,3
DA:66,3
DA:70,2
DA:75,2
DA:79,0
DA:89,2
DA:101,2
DA:108,0
DA:115,3
DA:117,21
DA:118,21
DA:122,3
DA:123,21
DA:126,3
DA:140,21
LF:36
LH:31
BRDA:89,0,0,2
BRDA:89,0,1,0
BRDA:107,1,0,2
BRDA:107,1,1,2
BRDA:122,2,0,3
BRDA:122,2,1,0
BRDA:142,3,0,21
BRDA:142,3,1,3
BRDA:148,4,0,2
BRDA:148,4,1,1
BRDA:154,5,0,0
BRDA:154,5,1,2
BRDA:154,6,0,2
BRDA:154,6,1,0
BRF:14
BRH:10
end_of_record
TN:
SF:src\components\Modal\StationModal.tsx
FN:29,(anonymous_0)
FN:59,(anonymous_1)
FN:80,(anonymous_2)
FN:84,(anonymous_3)
FN:92,(anonymous_4)
FN:93,(anonymous_5)
FN:139,(anonymous_6)
FN:248,(anonymous_7)
FNF:8
FNH:2
FNDA:6,(anonymous_0)
FNDA:0,(anonymous_1)
FNDA:3,(anonymous_2)
FNDA:0,(anonymous_3)
FNDA:0,(anonymous_4)
FNDA:0,(anonymous_5)
FNDA:0,(anonymous_6)
FNDA:0,(anonymous_7)
DA:29,1
DA:30,6
DA:31,6
DA:32,6
DA:33,6
DA:34,6
DA:36,6
DA:37,6
DA:39,6
DA:40,6
DA:41,6
DA:42,6
DA:44,6
DA:45,6
DA:46,6
DA:48,6
DA:59,6
DA:60,0
DA:61,0
DA:62,0
DA:64,0
DA:66,0
DA:67,0
DA:69,0
DA:70,0
DA:72,0
DA:73,0
DA:75,0
DA:76,0
DA:80,6
DA:81,3
DA:84,6
DA:85,0
DA:86,0
DA:90,6
DA:92,0
DA:94,0
DA:99,6
DA:100,6
DA:101,6
DA:103,6
DA:140,0
DA:249,0
DA:253,0
DA:255,0
DA:256,0
DA:263,0
DA:266,0
LF:48
LH:25
BRDA:50,0,0,0
BRDA:50,0,1,6
BRDA:60,1,0,0
BRDA:60,1,1,0
BRDA:60,2,0,0
BRDA:60,2,1,0
BRDA:64,3,0,0
BRDA:64,3,1,0
BRDA:75,4,0,0
BRDA:75,4,1,0
BRDA:90,5,0,6
BRDA:90,5,1,0
BRDA:100,6,0,2
BRDA:100,6,1,4
BRDA:101,7,0,2
BRDA:101,7,1,4
BRDA:118,8,0,6
BRDA:118,8,1,4
BRDA:138,9,0,6
BRDA:138,9,1,0
BRDA:172,10,0,6
BRDA:172,10,1,4
BRDA:183,11,0,6
BRDA:183,11,1,4
BRDA:240,12,0,6
BRDA:240,12,1,4
BRDA:240,12,2,4
BRDA:245,13,0,2
BRDA:245,13,1,2
BRDA:255,14,0,0
BRDA:255,14,1,0
BRDA:255,15,0,0
BRDA:255,15,1,0
BRDA:266,16,0,0
BRDA:266,16,1,0
BRF:35
BRH:18
end_of_record
TN:
SF:src\components\Modal\UploadInformationModal.tsx
FN:21,(anonymous_0)
FN:46,(anonymous_1)
FN:50,(anonymous_2)
FN:56,(anonymous_3)
FN:126,(anonymous_4)
FN:133,(anonymous_5)
FN:135,(anonymous_6)
FN:148,(anonymous_7)
FN:156,(anonymous_8)
FN:174,(anonymous_9)
FN:175,(anonymous_10)
FN:180,(anonymous_11)
FN:192,(anonymous_12)
FNF:13
FNH:11
FNDA:7,(anonymous_0)
FNDA:7,(anonymous_1)
FNDA:4,(anonymous_2)
FNDA:0,(anonymous_3)
FNDA:35,(anonymous_4)
FNDA:7,(anonymous_5)
FNDA:0,(anonymous_6)
FNDA:3,(anonymous_7)
FNDA:25,(anonymous_8)
FNDA:28,(anonymous_9)
FNDA:28,(anonymous_10)
FNDA:28,(anonymous_11)
FNDA:28,(anonymous_12)
DA:21,1
DA:22,7
DA:23,7
DA:24,7
DA:25,7
DA:26,7
DA:27,7
DA:28,7
DA:29,7
DA:31,7
DA:32,7
DA:33,7
DA:37,7
DA:42,7
DA:46,7
DA:47,7
DA:50,7
DA:51,4
DA:52,3
DA:56,7
DA:57,0
DA:58,0
DA:59,0
DA:62,7
DA:98,7
DA:126,35
DA:133,7
DA:134,7
DA:135,3
DA:136,0
DA:145,0
DA:148,3
DA:152,7
DA:156,25
DA:172,7
DA:174,28
DA:175,28
DA:179,7
DA:180,28
DA:183,7
DA:192,28
LF:41
LH:36
BRDA:51,0,0,3
BRDA:51,0,1,1
BRDA:67,1,0,7
BRDA:67,1,1,0
BRDA:67,2,0,7
BRDA:67,2,1,7
BRDA:91,3,0,3
BRDA:91,3,1,4
BRDA:129,4,0,35
BRDA:129,4,1,10
BRDA:130,5,0,35
BRDA:130,5,1,10
BRDA:134,6,0,3
BRDA:134,6,1,4
BRDA:134,7,0,7
BRDA:134,7,1,5
BRDA:134,7,2,4
BRDA:179,8,0,7
BRDA:179,8,1,0
BRDA:194,9,0,28
BRDA:194,9,1,0
BRDA:200,10,0,5
BRDA:200,10,1,2
BRDA:200,11,0,7
BRDA:200,11,1,5
BRF:25
BRH:22
end_of_record
TN:
SF:src\components\Modal\UserModal.tsx
FN:30,(anonymous_0)
FN:57,(anonymous_1)
FN:77,(anonymous_2)
FN:81,(anonymous_3)
FN:92,(anonymous_4)
FN:124,(anonymous_5)
FN:157,(anonymous_6)
FN:184,(anonymous_7)
FNF:8
FNH:4
FNDA:16,(anonymous_0)
FNDA:0,(anonymous_1)
FNDA:8,(anonymous_2)
FNDA:1,(anonymous_3)
FNDA:48,(anonymous_4)
FNDA:0,(anonymous_5)
FNDA:0,(anonymous_6)
FNDA:0,(anonymous_7)
DA:30,1
DA:31,16
DA:32,16
DA:33,16
DA:34,16
DA:36,16
DA:37,16
DA:38,16
DA:39,16
DA:40,16
DA:42,16
DA:43,16
DA:44,16
DA:46,16
DA:57,16
DA:58,0
DA:59,0
DA:60,0
DA:61,0
DA:63,0
DA:64,0
DA:66,0
DA:67,0
DA:69,0
DA:70,0
DA:72,0
DA:73,0
DA:77,16
DA:78,8
DA:81,16
DA:82,1
DA:83,1
DA:86,16
DA:87,16
DA:88,16
DA:91,16
DA:93,48
DA:98,16
DA:125,0
DA:129,0
DA:158,0
DA:159,0
DA:185,0
DA:186,0
LF:44
LH:26
BRDA:48,0,0,10
BRDA:48,0,1,6
BRDA:58,1,0,0
BRDA:58,1,1,0
BRDA:58,2,0,0
BRDA:58,2,1,0
BRDA:61,3,0,0
BRDA:61,3,1,0
BRDA:72,4,0,0
BRDA:72,4,1,0
BRDA:87,5,0,6
BRDA:87,5,1,10
BRDA:88,6,0,2
BRDA:88,6,1,14
BRDA:91,7,0,16
BRDA:91,7,1,16
BRDA:107,8,0,16
BRDA:107,8,1,14
BRDA:114,9,0,14
BRDA:114,9,1,12
BRDA:125,10,0,0
BRDA:125,10,1,0
BRDA:126,11,0,0
BRDA:126,11,1,0
BRDA:158,12,0,0
BRDA:158,12,1,0
BRDA:158,13,0,0
BRDA:158,13,1,0
BRDA:165,14,0,14
BRDA:165,14,1,8
BRDA:175,15,0,14
BRDA:175,15,1,8
BRDA:185,16,0,0
BRDA:185,16,1,0
BRDA:196,17,0,14
BRDA:196,17,1,10
BRDA:206,18,0,14
BRDA:206,18,1,10
BRDA:252,19,0,16
BRDA:252,19,1,2
BRF:40
BRH:22
end_of_record
TN:
SF:src\components\Navbars\AdminNavbar.tsx
FN:14,(anonymous_0)
FN:17,(anonymous_1)
FN:20,(anonymous_2)
FN:25,(anonymous_3)
FN:30,(anonymous_4)
FN:71,(anonymous_5)
FNF:6
FNH:0
FNDA:0,(anonymous_0)
FNDA:0,(anonymous_1)
FNDA:0,(anonymous_2)
FNDA:0,(anonymous_3)
FNDA:0,(anonymous_4)
FNDA:0,(anonymous_5)
DA:14,0
DA:15,0
DA:16,0
DA:17,0
DA:18,0
DA:20,0
DA:21,0
DA:25,0
DA:28,0
DA:29,0
DA:30,0
DA:31,0
DA:42,0
DA:45,0
DA:46,0
DA:47,0
DA:48,0
DA:49,0
DA:50,0
DA:51,0
DA:52,0
DA:53,0
DA:54,0
DA:55,0
DA:56,0
DA:57,0
DA:58,0
DA:60,0
DA:61,0
DA:63,0
DA:64,0
DA:65,0
DA:66,0
DA:67,0
DA:68,0
DA:69,0
DA:71,0
DA:72,0
DA:73,0
DA:75,0
DA:79,0
LF:41
LH:0
BRDA:55,0,0,0
BRDA:55,0,1,0
BRDA:56,1,0,0
BRDA:56,1,1,0
BRDA:63,2,0,0
BRDA:63,2,1,0
BRDA:72,3,0,0
BRDA:72,3,1,0
BRDA:156,4,0,0
BRDA:156,4,1,0
BRF:10
BRH:0
end_of_record
TN:
SF:src\components\Navbars\AdminNavbarLinks.tsx
FN:26,(anonymous_0)
FN:49,(anonymous_1)
FN:142,(anonymous_2)
FN:168,(anonymous_3)
FN:188,(anonymous_4)
FN:194,(anonymous_5)
FNF:6
FNH:0
FNDA:0,(anonymous_0)
FNDA:0,(anonymous_1)
FNDA:0,(anonymous_2)
FNDA:0,(anonymous_3)
FNDA:0,(anonymous_4)
FNDA:0,(anonymous_5)
DA:26,0
DA:35,0
DA:36,0
DA:37,0
DA:38,0
DA:39,0
DA:40,0
DA:44,0
DA:45,0
DA:47,0
DA:49,0
DA:50,0
DA:52,0
DA:53,0
DA:54,0
DA:56,0
DA:57,0
DA:58,0
DA:59,0
DA:62,0
DA:64,0
DA:69,0
DA:71,0
DA:143,0
DA:168,0
DA:188,0
DA:194,0
LF:27
LH:0
BRDA:50,0,0,0
BRDA:50,0,1,0
BRDA:56,1,0,0
BRDA:56,1,1,0
BRDA:82,2,0,0
BRDA:82,2,1,0
BRDA:95,3,0,0
BRDA:95,3,1,0
BRDA:131,4,0,0
BRDA:131,4,1,0
BRDA:134,5,0,0
BRDA:134,5,1,0
BRDA:134,6,0,0
BRDA:134,6,1,0
BRDA:151,7,0,0
BRDA:151,7,1,0
BRDA:163,8,0,0
BRDA:163,8,1,0
BRDA:185,9,0,0
BRDA:185,9,1,0
BRDA:191,10,0,0
BRDA:191,10,1,0
BRF:22
BRH:0
end_of_record
TN:
SF:src\components\Navbars\AuthNavbar.tsx
FN:4,(anonymous_0)
FNF:1
FNH:0
FNDA:0,(anonymous_0)
DA:4,0
DA:6,0
DA:7,0
DA:8,0
DA:9,0
DA:10,0
DA:12,0
LF:7
LH:0
BRF:0
BRH:0
end_of_record
TN:
SF:src\components\Pagination\Pagination.tsx
FN:13,(anonymous_0)
FN:25,(anonymous_1)
FN:34,(anonymous_2)
FN:40,(anonymous_3)
FN:49,(anonymous_4)
FN:55,(anonymous_5)
FN:66,(anonymous_6)
FNF:7
FNH:5
FNDA:19,(anonymous_0)
FNDA:14,(anonymous_1)
FNDA:0,(anonymous_2)
FNDA:0,(anonymous_3)
FNDA:1,(anonymous_4)
FNDA:1,(anonymous_5)
FNDA:1,(anonymous_6)
DA:13,2
DA:20,19
DA:22,19
DA:23,19
DA:25,19
DA:26,14
DA:29,19
DA:34,0
DA:40,0
DA:49,1
DA:55,1
DA:66,1
LF:12
LH:10
BRDA:17,0,0,0
BRDA:18,1,0,0
BRDA:33,2,0,19
BRDA:33,2,1,3
BRDA:39,3,0,19
BRDA:39,3,1,3
BRDA:44,4,0,19
BRDA:44,4,1,3
BRDA:48,5,0,19
BRDA:48,5,1,7
BRDA:54,6,0,19
BRDA:54,6,1,7
BRDA:59,7,0,19
BRDA:59,7,1,3
BRF:14
BRH:12
end_of_record
TN:
SF:src\components\Scrollbar\Scrollbar.tsx
FN:4,(anonymous_0)
FN:19,(anonymous_1)
FN:27,(anonymous_2)
FN:35,(anonymous_3)
FN:42,(anonymous_4)
FN:55,(anonymous_5)
FN:66,(anonymous_6)
FN:77,(anonymous_7)
FNF:8
FNH:0
FNDA:0,(anonymous_0)
FNDA:0,(anonymous_1)
FNDA:0,(anonymous_2)
FNDA:0,(anonymous_3)
FNDA:0,(anonymous_4)
FNDA:0,(anonymous_5)
FNDA:0,(anonymous_6)
FNDA:0,(anonymous_7)
DA:4,0
DA:5,0
DA:16,0
DA:19,0
DA:20,0
DA:24,0
DA:27,0
DA:28,0
DA:32,0
DA:35,0
DA:36,0
DA:39,0
DA:42,0
DA:43,0
DA:52,0
DA:55,0
DA:59,0
DA:63,0
DA:66,0
DA:70,0
DA:74,0
DA:77,0
DA:78,0
DA:82,0
LF:24
LH:0
BRF:0
BRH:0
end_of_record
TN:
SF:src\components\Separator\Separator.tsx
FN:3,(anonymous_0)
FN:15,(anonymous_1)
FNF:2
FNH:2
FNDA:10,(anonymous_0)
FNDA:2,(anonymous_1)
DA:3,2
DA:4,10
DA:5,10
DA:15,2
DA:16,2
DA:17,2
LF:6
LH:6
BRF:0
BRH:0
end_of_record
TN:
SF:src\components\Sidebar\AdminSideBar.tsx
FN:26,(anonymous_0)
FN:38,(anonymous_1)
FN:39,(anonymous_2)
FN:62,(anonymous_3)
FN:68,(anonymous_4)
FN:74,(anonymous_5)
FN:109,(anonymous_6)
FN:116,(anonymous_7)
FNF:8
FNH:0
FNDA:0,(anonymous_0)
FNDA:0,(anonymous_1)
FNDA:0,(anonymous_2)
FNDA:0,(anonymous_3)
FNDA:0,(anonymous_4)
FNDA:0,(anonymous_5)
FNDA:0,(anonymous_6)
FNDA:0,(anonymous_7)
DA:26,0
DA:33,0
DA:35,0
DA:38,0
DA:40,0
DA:41,0
DA:42,0
DA:50,0
DA:62,0
DA:63,0
DA:68,0
DA:69,0
DA:70,0
DA:71,0
DA:72,0
DA:74,0
DA:75,0
DA:78,0
DA:109,0
DA:110,0
DA:111,0
DA:112,0
DA:113,0
DA:114,0
DA:116,0
DA:117,0
DA:120,0
LF:27
LH:0
BRDA:41,0,0,0
BRDA:41,0,1,0
BRF:2
BRH:0
end_of_record
TN:
SF:src\components\Sidebar\AdminSideBarItem.tsx
FN:19,(anonymous_0)
FN:25,(anonymous_1)
FN:37,(anonymous_2)
FN:42,(anonymous_3)
FN:51,(anonymous_4)
FN:98,(anonymous_5)
FN:127,(anonymous_6)
FN:145,(anonymous_7)
FNF:8
FNH:0
FNDA:0,(anonymous_0)
FNDA:0,(anonymous_1)
FNDA:0,(anonymous_2)
FNDA:0,(anonymous_3)
FNDA:0,(anonymous_4)
FNDA:0,(anonymous_5)
FNDA:0,(anonymous_6)
FNDA:0,(anonymous_7)
DA:19,0
DA:20,0
DA:21,0
DA:22,0
DA:23,0
DA:25,0
DA:26,0
DA:27,0
DA:28,0
DA:31,0
DA:37,0
DA:38,0
DA:39,0
DA:42,0
DA:44,0
DA:45,0
DA:49,0
DA:51,0
DA:98,0
DA:127,0
DA:145,0
LF:21
LH:0
BRDA:27,0,0,0
BRDA:27,0,1,0
BRDA:27,1,0,0
BRDA:27,1,1,0
BRDA:38,2,0,0
BRDA:38,2,1,0
BRF:6
BRH:0
end_of_record
TN:
SF:src\components\Sidebar\Sidebar.tsx
FN:63,(anonymous_0)
FN:108,(anonymous_1)
FN:121,(anonymous_2)
FN:133,(anonymous_3)
FN:139,(anonymous_4)
FN:176,(anonymous_5)
FN:186,(anonymous_6)
FN:233,(anonymous_7)
FN:246,(anonymous_8)
FNF:9
FNH:0
FNDA:0,(anonymous_0)
FNDA:0,(anonymous_1)
FNDA:0,(anonymous_2)
FNDA:0,(anonymous_3)
FNDA:0,(anonymous_4)
FNDA:0,(anonymous_5)
FNDA:0,(anonymous_6)
FNDA:0,(anonymous_7)
FNDA:0,(anonymous_8)
DA:32,0
DA:42,0
DA:63,0
DA:64,0
DA:75,0
DA:108,0
DA:109,0
DA:121,0
DA:122,0
DA:133,0
DA:134,0
DA:135,0
DA:137,0
DA:140,0
DA:145,0
DA:148,0
DA:149,0
DA:162,0
DA:176,0
DA:182,0
DA:183,0
DA:184,0
DA:186,0
DA:187,0
DA:190,0
DA:233,0
DA:240,0
DA:241,0
DA:242,0
DA:243,0
DA:244,0
DA:246,0
DA:247,0
DA:250,0
LF:34
LH:0
BRDA:64,0,0,0
BRDA:64,0,1,0
BRDA:81,1,0,0
BRDA:81,1,1,0
BRDA:85,2,0,0
BRDA:85,2,1,0
BRDA:89,3,0,0
BRDA:89,3,1,0
BRDA:90,4,0,0
BRDA:90,4,1,0
BRDA:140,5,0,0
BRDA:140,5,1,0
BRDA:141,6,0,0
BRDA:141,6,1,0
BRDA:141,6,2,0
BRDA:141,6,3,0
BRDA:148,7,0,0
BRDA:148,7,1,0
BRDA:187,8,0,0
BRDA:187,8,1,0
BRDA:247,9,0,0
BRDA:247,9,1,0
BRF:22
BRH:0
end_of_record
TN:
SF:src\components\Sidebar\SidebarHelp.tsx
FN:3,(anonymous_0)
FNF:1
FNH:0
FNDA:0,(anonymous_0)
DA:3,0
DA:5,0
LF:2
LH:0
BRF:0
BRH:0
end_of_record
TN:
SF:src\components\Sidebar\SidebarLogo.tsx
FN:5,(anonymous_0)
FNF:1
FNH:0
FNDA:0,(anonymous_0)
DA:5,0
DA:6,0
DA:8,0
LF:3
LH:0
BRF:0
BRH:0
end_of_record
TN:
SF:src\components\Sidebar\Status.tsx
FN:9,(anonymous_0)
FNF:1
FNH:1
FNDA:60,(anonymous_0)
DA:9,1
DA:10,60
LF:2
LH:2
BRDA:15,0,0,20
BRDA:15,0,1,40
BRDA:18,1,0,20
BRDA:18,1,1,40
BRF:4
BRH:4
end_of_record
TN:
SF:src\components\Skeleton\Skeletons.tsx
FN:4,(anonymous_0)
FN:16,(anonymous_1)
FN:41,(anonymous_2)
FN:66,(anonymous_3)
FNF:4
FNH:4
FNDA:5,(anonymous_0)
FNDA:20,(anonymous_1)
FNDA:2,(anonymous_2)
FNDA:2,(anonymous_3)
DA:4,5
DA:5,5
DA:16,5
DA:17,20
DA:32,5
DA:41,5
DA:42,2
DA:44,2
DA:66,5
DA:67,2
DA:68,2
LF:11
LH:11
BRF:0
BRH:0
end_of_record
TN:
SF:src\components\UI\Form\UIArrayFormControl.tsx
FN:16,(anonymous_0)
FNF:1
FNH:0
FNDA:0,(anonymous_0)
DA:16,1
DA:22,0
DA:28,0
LF:3
LH:1
BRF:0
BRH:0
end_of_record
TN:
SF:src\components\UI\Form\UICheckBoxFormControl.tsx
FN:16,(anonymous_0)
FNF:1
FNH:0
FNDA:0,(anonymous_0)
DA:16,1
DA:25,0
DA:34,0
DA:35,0
DA:36,0
DA:37,0
DA:39,0
DA:47,0
LF:8
LH:1
BRDA:43,0,0,0
BRDA:43,0,1,0
BRDA:44,1,0,0
BRDA:44,1,1,0
BRDA:50,2,0,0
BRDA:50,2,1,0
BRF:6
BRH:0
end_of_record
TN:
SF:src\components\UI\Form\UIInputFormControl.tsx
FN:32,(anonymous_0)
FN:102,(anonymous_1)
FNF:2
FNH:1
FNDA:23,(anonymous_0)
FNDA:0,(anonymous_1)
DA:32,2
DA:48,23
DA:50,23
DA:59,23
DA:60,23
DA:61,23
DA:62,23
DA:64,23
DA:77,23
DA:102,0
LF:10
LH:9
BRDA:39,0,0,21
BRDA:41,1,0,23
BRDA:70,2,0,8
BRDA:70,2,1,15
BRDA:71,3,0,8
BRDA:71,3,1,15
BRDA:73,4,0,21
BRDA:73,4,1,2
BRDA:80,5,0,23
BRDA:80,5,1,23
BRDA:86,6,0,23
BRDA:86,6,1,2
BRDA:86,6,2,2
BRDA:86,6,3,21
BRDA:91,7,0,23
BRDA:91,7,1,2
BRDA:91,7,2,2
BRDA:95,8,0,0
BRDA:95,8,1,2
BRDA:105,9,0,0
BRDA:105,9,1,2
BRF:21
BRH:19
end_of_record
TN:
SF:src\components\UI\Form\UIPhoneInputFormControl.tsx
FN:15,(anonymous_0)
FNF:1
FNH:1
FNDA:6,(anonymous_0)
DA:15,2
DA:24,6
DA:33,6
DA:34,6
DA:35,6
DA:36,6
DA:37,6
DA:38,6
DA:40,6
LF:9
LH:9
BRDA:35,0,0,6
BRDA:35,0,1,0
BRDA:43,1,0,6
BRDA:43,1,1,6
BRF:4
BRH:3
end_of_record
TN:
SF:src\components\UI\Form\UISelectFormControl.tsx
FN:17,(anonymous_0)
FNF:1
FNH:1
FNDA:15,(anonymous_0)
DA:17,2
DA:28,15
DA:37,15
DA:38,15
DA:39,15
DA:40,15
DA:42,15
LF:7
LH:7
BRDA:45,0,0,15
BRDA:45,0,1,15
BRDA:54,1,0,15
BRDA:54,1,1,0
BRDA:55,2,0,7
BRDA:55,2,1,8
BRDA:56,3,0,7
BRDA:56,3,1,8
BRF:8
BRH:7
end_of_record
TN:
SF:src\components\UI\Modal\UIDetailModal.tsx
FN:19,(anonymous_0)
FNF:1
FNH:0
FNDA:0,(anonymous_0)
DA:19,0
DA:25,0
LF:2
LH:0
BRF:0
BRH:0
end_of_record
TN:
SF:src\components\UI\Modal\UIModal.tsx
FN:26,(anonymous_0)
FNF:1
FNH:1
FNDA:6,(anonymous_0)
DA:26,2
DA:35,6
DA:37,6
DA:39,6
LF:4
LH:4
BRDA:77,0,0,2
BRDA:77,0,1,4
BRF:2
BRH:2
end_of_record
TN:
SF:src\components\UI\Modal\UITableModal.tsx
FN:24,(anonymous_0)
FNF:1
FNH:1
FNDA:10,(anonymous_0)
DA:24,2
DA:32,10
DA:34,10
LF:3
LH:3
BRDA:53,0,0,10
BRDA:53,0,1,3
BRDA:54,1,0,3
BRDA:54,1,1,0
BRF:4
BRH:3
end_of_record
TN:
SF:src\components\UI\Table\Types.ts
FNF:0
FNH:0
LF:0
LH:0
BRF:0
BRH:0
end_of_record
TN:
SF:src\components\UI\Table\UITable.tsx
FN:6,(anonymous_0)
FNF:1
FNH:1
FNDA:17,(anonymous_0)
DA:6,3
DA:14,17
DA:16,17
LF:3
LH:3
BRF:0
BRH:0
end_of_record
TN:
SF:src\components\UI\Table\UITableHeader.tsx
FN:4,(anonymous_0)
FN:5,(anonymous_1)
FNF:2
FNH:2
FNDA:17,(anonymous_0)
FNDA:132,(anonymous_1)
DA:4,3
DA:5,17
DA:6,132
DA:22,17
LF:4
LH:4
BRF:0
BRH:0
end_of_record
TN:
SF:src\components\UI\Table\UITableRows.tsx
FN:6,(anonymous_0)
FN:12,(anonymous_1)
FN:64,(anonymous_2)
FN:67,(anonymous_3)
FNF:4
FNH:4
FNDA:17,(anonymous_0)
FNDA:312,(anonymous_1)
FNDA:47,(anonymous_2)
FNDA:312,(anonymous_3)
DA:6,3
DA:12,17
DA:17,312
DA:18,0
DA:26,312
DA:27,153
DA:29,153
DA:30,129
DA:32,24
DA:36,159
DA:37,0
DA:40,159
DA:42,159
DA:47,17
DA:48,0
DA:64,17
DA:65,47
DA:68,312
DA:84,17
LF:19
LH:16
BRDA:17,0,0,0
BRDA:17,0,1,312
BRDA:17,1,0,312
BRDA:17,1,1,0
BRDA:26,2,0,153
BRDA:26,2,1,159
BRDA:29,3,0,129
BRDA:29,3,1,24
BRDA:36,4,0,0
BRDA:36,4,1,159
BRDA:47,5,0,0
BRDA:47,5,1,17
BRDA:47,6,0,17
BRDA:47,6,1,17
BRDA:72,7,0,132
BRDA:72,7,1,180
BRF:16
BRH:12
end_of_record
TN:
SF:src\components\select\loggedAsSelect.tsx
FN:18,(anonymous_0)
FN:30,(anonymous_1)
FN:48,(anonymous_2)
FN:60,(anonymous_3)
FN:71,(anonymous_4)
FNF:5
FNH:4
FNDA:13,(anonymous_0)
FNDA:2,(anonymous_1)
FNDA:2,(anonymous_2)
FNDA:0,(anonymous_3)
FNDA:2,(anonymous_4)
DA:18,1
DA:25,13
DA:28,13
DA:30,13
DA:31,2
DA:32,2
DA:39,13
DA:40,1
DA:43,12
DA:48,2
DA:60,0
DA:71,2
LF:12
LH:11
BRDA:31,0,0,2
BRDA:31,0,1,0
BRDA:39,1,0,1
BRDA:39,1,1,12
BRDA:45,2,0,6
BRDA:45,2,1,6
BRDA:47,3,0,6
BRDA:47,3,1,5
BRDA:59,4,0,6
BRDA:59,4,1,5
BRF:10
BRH:9
end_of_record
TN:
SF:src\hooks\use-configuration.ts
FN:4,(anonymous_0)
FN:7,(anonymous_1)
FNF:2
FNH:2
FNDA:6,(anonymous_0)
FNDA:1,(anonymous_1)
DA:4,1
DA:5,6
DA:7,1
DA:11,6
LF:4
LH:4
BRF:0
BRH:0
end_of_record
TN:
SF:src\hooks\use-controller.ts
FN:5,(anonymous_0)
FN:11,(anonymous_1)
FNF:2
FNH:2
FNDA:8,(anonymous_0)
FNDA:1,(anonymous_1)
DA:5,1
DA:9,8
DA:11,1
DA:15,8
LF:4
LH:4
BRDA:12,0,0,8
BRDA:12,0,1,6
BRF:2
BRH:2
end_of_record
TN:
SF:src\hooks\use-countries.ts
FN:4,(anonymous_0)
FNF:1
FNH:1
FNDA:11,(anonymous_0)
DA:4,2
DA:5,11
DA:11,11
LF:3
LH:3
BRF:0
BRH:0
end_of_record
TN:
SF:src\hooks\use-creators.ts
FN:5,(anonymous_0)
FN:12,(anonymous_1)
FNF:2
FNH:2
FNDA:6,(anonymous_0)
FNDA:3,(anonymous_1)
DA:5,2
DA:6,6
DA:8,6
DA:10,6
DA:12,3
DA:16,6
LF:6
LH:6
BRF:0
BRH:0
end_of_record
TN:
SF:src\hooks\use-customer-account.ts
FN:15,(anonymous_0)
FN:18,(anonymous_1)
FN:29,(anonymous_2)
FN:40,(anonymous_3)
FN:51,(anonymous_4)
FN:54,(anonymous_5)
FN:72,(anonymous_6)
FN:77,(anonymous_7)
FN:86,(anonymous_8)
FN:98,(anonymous_9)
FN:104,(anonymous_10)
FN:109,(anonymous_11)
FNF:12
FNH:3
FNDA:2,(anonymous_0)
FNDA:0,(anonymous_1)
FNDA:2,(anonymous_2)
FNDA:0,(anonymous_3)
FNDA:0,(anonymous_4)
FNDA:0,(anonymous_5)
FNDA:1,(anonymous_6)
FNDA:0,(anonymous_7)
FNDA:0,(anonymous_8)
FNDA:0,(anonymous_9)
FNDA:0,(anonymous_10)
FNDA:0,(anonymous_11)
DA:15,1
DA:16,2
DA:18,0
DA:22,2
DA:29,1
DA:30,2
DA:31,2
DA:32,2
DA:33,2
DA:35,2
DA:36,2
DA:37,2
DA:38,2
DA:41,0
DA:52,0
DA:54,0
DA:62,2
DA:72,1
DA:73,1
DA:75,1
DA:78,0
DA:84,1
DA:87,0
DA:90,0
DA:96,1
DA:99,0
DA:102,1
DA:105,0
DA:107,1
DA:110,0
DA:113,1
LF:31
LH:21
BRDA:31,0,0,2
BRDA:31,0,1,1
BRDA:32,1,0,2
BRDA:32,1,1,1
BRDA:33,2,0,2
BRDA:33,2,1,1
BRDA:65,3,0,2
BRDA:65,3,1,0
BRDA:66,4,0,2
BRDA:66,4,1,0
BRDA:67,5,0,2
BRDA:67,5,1,0
BRDA:68,6,0,2
BRDA:68,6,1,0
BRF:14
BRH:10
end_of_record
TN:
SF:src\hooks\use-debounce.ts
FN:3,(anonymous_0)
FN:6,(anonymous_1)
FN:7,(anonymous_2)
FN:11,(anonymous_3)
FNF:4
FNH:3
FNDA:12,(anonymous_0)
FNDA:9,(anonymous_1)
FNDA:0,(anonymous_2)
FNDA:9,(anonymous_3)
DA:3,1
DA:4,12
DA:6,12
DA:7,9
DA:8,0
DA:11,9
DA:12,9
DA:16,12
LF:8
LH:7
BRDA:3,0,0,12
BRF:1
BRH:1
end_of_record
TN:
SF:src\hooks\use-query-params.ts
FN:4,(anonymous_0)
FN:7,(anonymous_1)
FNF:2
FNH:2
FNDA:7,(anonymous_0)
FNDA:6,(anonymous_1)
DA:4,5
DA:5,7
DA:7,7
LF:3
LH:3
BRF:0
BRH:0
end_of_record
TN:
SF:src\hooks\use-routes.tsx
FN:6,(anonymous_0)
FN:9,(anonymous_1)
FN:33,(anonymous_2)
FN:53,(anonymous_3)
FN:54,(anonymous_4)
FN:71,(anonymous_5)
FNF:6
FNH:6
FNDA:8,(anonymous_0)
FNDA:6,(anonymous_1)
FNDA:3,(anonymous_2)
FNDA:2,(anonymous_3)
FNDA:4,(anonymous_4)
FNDA:4,(anonymous_5)
DA:6,1
DA:7,8
DA:9,8
DA:10,6
DA:11,6
DA:12,10
DA:13,1
DA:14,1
DA:15,0
DA:17,9
DA:18,1
DA:19,1
DA:20,0
DA:23,8
DA:26,2
DA:30,4
DA:33,8
DA:34,3
DA:35,3
DA:36,6
DA:37,1
DA:38,1
DA:39,0
DA:42,5
DA:45,1
DA:46,0
DA:51,3
DA:53,8
DA:54,2
DA:55,4
DA:59,0
DA:68,4
DA:71,4
DA:74,8
LF:34
LH:29
BRDA:12,0,0,1
BRDA:12,0,1,9
BRDA:14,1,0,0
BRDA:14,1,1,1
BRDA:17,2,0,1
BRDA:17,2,1,8
BRDA:19,3,0,0
BRDA:19,3,1,1
BRDA:23,4,0,2
BRDA:23,4,1,6
BRDA:36,5,0,1
BRDA:36,5,1,5
BRDA:38,6,0,0
BRDA:38,6,1,1
BRDA:42,7,0,1
BRDA:42,7,1,4
BRDA:45,8,0,0
BRDA:45,8,1,1
BRDA:55,9,0,0
BRDA:55,9,1,4
BRDA:56,10,0,4
BRDA:56,10,1,0
BRDA:56,10,2,4
BRDA:56,10,3,4
BRF:24
BRH:18
end_of_record
TN:
SF:src\hooks\use-station.ts
FN:19,(anonymous_0)
FN:25,(anonymous_1)
FN:36,(anonymous_2)
FN:47,(anonymous_3)
FN:62,(anonymous_4)
FN:68,(anonymous_5)
FN:87,(anonymous_6)
FN:94,(anonymous_7)
FN:96,(anonymous_8)
FN:104,(anonymous_9)
FN:106,(anonymous_10)
FN:117,(anonymous_11)
FN:119,(anonymous_12)
FN:123,(anonymous_13)
FN:125,(anonymous_14)
FN:136,(anonymous_15)
FN:142,(anonymous_16)
FNF:17
FNH:6
FNDA:8,(anonymous_0)
FNDA:0,(anonymous_1)
FNDA:3,(anonymous_2)
FNDA:0,(anonymous_3)
FNDA:0,(anonymous_4)
FNDA:0,(anonymous_5)
FNDA:9,(anonymous_6)
FNDA:0,(anonymous_7)
FNDA:1,(anonymous_8)
FNDA:0,(anonymous_9)
FNDA:1,(anonymous_10)
FNDA:0,(anonymous_11)
FNDA:0,(anonymous_12)
FNDA:0,(anonymous_13)
FNDA:0,(anonymous_14)
FNDA:2,(anonymous_15)
FNDA:0,(anonymous_16)
DA:19,2
DA:20,8
DA:21,8
DA:23,8
DA:25,0
DA:29,8
DA:36,2
DA:37,3
DA:38,3
DA:39,3
DA:40,3
DA:41,3
DA:43,3
DA:45,3
DA:48,0
DA:49,0
DA:63,0
DA:64,0
DA:66,0
DA:68,0
DA:76,3
DA:87,2
DA:88,9
DA:90,9
DA:91,9
DA:93,9
DA:95,0
DA:97,1
DA:103,9
DA:105,0
DA:107,1
DA:110,1
DA:116,9
DA:118,0
DA:119,0
DA:122,9
DA:124,0
DA:125,0
DA:128,9
DA:136,2
DA:140,2
DA:142,0
DA:146,2
LF:43
LH:29
BRDA:26,0,0,8
BRDA:26,0,1,1
BRDA:39,1,0,3
BRDA:39,1,1,2
BRDA:40,2,0,3
BRDA:40,2,1,2
BRDA:41,3,0,3
BRDA:41,3,1,2
BRDA:48,4,0,0
BRDA:48,4,1,0
BRDA:63,5,0,0
BRDA:63,5,1,0
BRDA:63,6,0,0
BRDA:63,6,1,0
BRDA:78,7,0,3
BRDA:78,7,1,0
BRDA:79,8,0,3
BRDA:79,8,1,1
BRDA:80,9,0,3
BRDA:80,9,1,3
BRDA:81,10,0,3
BRDA:81,10,1,3
BRF:22
BRH:15
end_of_record
TN:
SF:src\hooks\use-user.ts
FN:21,(anonymous_0)
FN:24,(anonymous_1)
FN:35,(anonymous_2)
FN:46,(anonymous_3)
FN:57,(anonymous_4)
FN:60,(anonymous_5)
FN:78,(anonymous_6)
FN:83,(anonymous_7)
FN:92,(anonymous_8)
FN:104,(anonymous_9)
FN:109,(anonymous_10)
FN:120,(anonymous_11)
FN:125,(anonymous_12)
FN:136,(anonymous_13)
FN:141,(anonymous_14)
FN:144,(anonymous_15)
FN:154,(anonymous_16)
FN:159,(anonymous_17)
FN:162,(anonymous_18)
FN:171,(anonymous_19)
FN:178,(anonymous_20)
FN:180,(anonymous_21)
FN:183,(anonymous_22)
FNF:23
FNH:16
FNDA:2,(anonymous_0)
FNDA:0,(anonymous_1)
FNDA:1,(anonymous_2)
FNDA:0,(anonymous_3)
FNDA:1,(anonymous_4)
FNDA:1,(anonymous_5)
FNDA:5,(anonymous_6)
FNDA:1,(anonymous_7)
FNDA:1,(anonymous_8)
FNDA:1,(anonymous_9)
FNDA:1,(anonymous_10)
FNDA:2,(anonymous_11)
FNDA:0,(anonymous_12)
FNDA:0,(anonymous_13)
FNDA:0,(anonymous_14)
FNDA:0,(anonymous_15)
FNDA:2,(anonymous_16)
FNDA:1,(anonymous_17)
FNDA:1,(anonymous_18)
FNDA:2,(anonymous_19)
FNDA:0,(anonymous_20)
FNDA:1,(anonymous_21)
FNDA:1,(anonymous_22)
DA:21,2
DA:22,2
DA:24,0
DA:28,2
DA:35,2
DA:36,1
DA:37,1
DA:38,1
DA:39,1
DA:41,1
DA:42,1
DA:43,1
DA:44,1
DA:47,0
DA:58,1
DA:60,1
DA:68,1
DA:78,2
DA:79,5
DA:81,5
DA:84,1
DA:90,5
DA:93,1
DA:96,1
DA:102,5
DA:104,1
DA:107,5
DA:109,1
DA:112,5
DA:120,2
DA:121,2
DA:123,2
DA:125,0
DA:129,2
DA:136,2
DA:137,0
DA:139,0
DA:142,0
DA:145,0
DA:149,0
DA:154,2
DA:155,2
DA:157,2
DA:160,1
DA:163,1
DA:167,2
DA:171,2
DA:176,2
DA:178,0
DA:181,1
DA:183,1
DA:191,2
LF:52
LH:43
BRDA:37,0,0,1
BRDA:37,0,1,0
BRDA:38,1,0,1
BRDA:38,1,1,0
BRDA:39,2,0,1
BRDA:39,2,1,0
BRDA:71,3,0,1
BRDA:71,3,1,0
BRDA:72,4,0,1
BRDA:72,4,1,0
BRDA:73,5,0,1
BRDA:73,5,1,0
BRDA:74,6,0,1
BRDA:74,6,1,0
BRF:14
BRH:7
end_of_record
TN:
SF:src\hooks\use-validators.ts
FN:7,(anonymous_0)
FN:23,(anonymous_1)
FN:34,(anonymous_2)
FN:52,(anonymous_3)
FN:93,(anonymous_4)
FN:163,(anonymous_5)
FN:166,(anonymous_6)
FN:167,(anonymous_7)
FN:170,(anonymous_8)
FN:173,(anonymous_9)
FN:176,(anonymous_10)
FN:180,(anonymous_11)
FN:184,(anonymous_12)
FN:188,(anonymous_13)
FN:191,(anonymous_14)
FN:197,(anonymous_15)
FN:200,(anonymous_16)
FN:204,(anonymous_17)
FN:208,(anonymous_18)
FN:212,(anonymous_19)
FN:215,(anonymous_20)
FN:218,(anonymous_21)
FN:222,(anonymous_22)
FN:229,(anonymous_23)
FN:233,(anonymous_24)
FN:237,(anonymous_25)
FN:241,(anonymous_26)
FN:245,(anonymous_27)
FN:249,(anonymous_28)
FN:253,(anonymous_29)
FN:256,(anonymous_30)
FNF:31
FNH:31
FNDA:82,(anonymous_0)
FNDA:4,(anonymous_1)
FNDA:4,(anonymous_2)
FNDA:3,(anonymous_3)
FNDA:4,(anonymous_4)
FNDA:75,(anonymous_5)
FNDA:22,(anonymous_6)
FNDA:53,(anonymous_7)
FNDA:5,(anonymous_8)
FNDA:5,(anonymous_9)
FNDA:3,(anonymous_10)
FNDA:2,(anonymous_11)
FNDA:2,(anonymous_12)
FNDA:4,(anonymous_13)
FNDA:3,(anonymous_14)
FNDA:4,(anonymous_15)
FNDA:4,(anonymous_16)
FNDA:3,(anonymous_17)
FNDA:3,(anonymous_18)
FNDA:4,(anonymous_19)
FNDA:5,(anonymous_20)
FNDA:3,(anonymous_21)
FNDA:2,(anonymous_22)
FNDA:3,(anonymous_23)
FNDA:3,(anonymous_24)
FNDA:2,(anonymous_25)
FNDA:2,(anonymous_26)
FNDA:4,(anonymous_27)
FNDA:2,(anonymous_28)
FNDA:4,(anonymous_29)
FNDA:3,(anonymous_30)
DA:7,3
DA:8,82
DA:14,82
DA:17,82
DA:20,82
DA:24,4
DA:25,3
DA:26,3
DA:28,1
DA:31,82
DA:35,4
DA:36,3
DA:37,3
DA:39,1
DA:43,82
DA:49,82
DA:53,3
DA:54,2
DA:55,2
DA:57,1
DA:61,82
DA:65,82
DA:69,82
DA:73,82
DA:81,82
DA:90,82
DA:94,4
DA:95,3
DA:96,3
DA:98,1
DA:101,82
DA:109,82
DA:115,82
DA:119,82
DA:123,82
DA:126,82
DA:130,82
DA:135,82
DA:139,82
DA:141,82
DA:145,82
DA:149,82
DA:152,82
DA:163,82
DA:164,75
DA:166,22
DA:167,53
DA:170,82
DA:171,5
DA:173,82
DA:174,5
DA:176,82
DA:177,3
DA:180,82
DA:181,2
DA:184,82
DA:185,2
DA:188,82
DA:189,4
DA:191,82
DA:192,3
DA:197,82
DA:198,4
DA:200,82
DA:201,4
DA:204,82
DA:205,3
DA:208,82
DA:209,3
DA:212,82
DA:213,4
DA:215,82
DA:216,5
DA:218,82
DA:219,3
DA:222,82
DA:223,2
DA:229,82
DA:230,3
DA:233,82
DA:234,3
DA:237,82
DA:238,2
DA:241,82
DA:242,2
DA:245,82
DA:246,4
DA:249,82
DA:250,2
DA:253,82
DA:254,4
DA:256,82
DA:257,3
DA:259,82
LF:94
LH:94
BRDA:24,0,0,3
BRDA:24,0,1,1
BRDA:35,1,0,3
BRDA:35,1,1,1
BRDA:53,2,0,2
BRDA:53,2,1,1
BRDA:94,3,0,3
BRDA:94,3,1,1
BRF:8
BRH:8
end_of_record
TN:
SF:src\layouts\Admin.tsx
FN:27,(anonymous_0)
FN:101,(anonymous_1)
FNF:2
FNH:0
FNDA:0,(anonymous_0)
FNDA:0,(anonymous_1)
DA:27,0
DA:28,0
DA:29,0
DA:30,0
DA:32,0
DA:34,0
DA:36,0
DA:38,0
DA:39,0
DA:41,0
DA:42,0
DA:50,0
DA:102,0
LF:13
LH:0
BRDA:41,0,0,0
BRDA:41,0,1,0
BRDA:95,1,0,0
BRDA:95,1,1,0
BRF:4
BRH:0
end_of_record
TN:
SF:src\layouts\Auth.tsx
FN:13,(anonymous_0)
FN:20,(anonymous_1)
FN:23,cleanup
FNF:3
FNH:0
FNDA:0,(anonymous_0)
FNDA:0,(anonymous_1)
FNDA:0,cleanup
DA:13,0
DA:14,0
DA:15,0
DA:16,0
DA:18,0
DA:20,0
DA:21,0
DA:23,0
DA:26,0
DA:28,0
LF:10
LH:0
BRF:0
BRH:0
end_of_record
TN:
SF:src\router\routes.tsx
FN:16,(anonymous_0)
FN:49,(anonymous_1)
FNF:2
FNH:0
FNDA:0,(anonymous_0)
FNDA:0,(anonymous_1)
DA:16,0
DA:17,0
DA:18,0
DA:49,0
DA:50,0
DA:51,0
LF:6
LH:0
BRF:0
BRH:0
end_of_record
TN:
SF:src\router\Route\MainRoute.tsx
FN:4,(anonymous_0)
FNF:1
FNH:0
FNDA:0,(anonymous_0)
DA:4,0
DA:5,0
DA:7,0
DA:8,0
DA:10,0
LF:5
LH:0
BRDA:7,0,0,0
BRDA:7,0,1,0
BRF:2
BRH:0
end_of_record
TN:
SF:src\router\Route\PrivateRoute.tsx
FN:4,(anonymous_0)
FNF:1
FNH:0
FNDA:0,(anonymous_0)
DA:4,0
DA:5,0
DA:7,0
DA:8,0
DA:11,0
LF:5
LH:0
BRDA:7,0,0,0
BRDA:7,0,1,0
BRF:2
BRH:0
end_of_record
TN:
SF:src\store\AuthContext.tsx
FN:13,(anonymous_0)
FN:14,(anonymous_1)
FN:15,(anonymous_2)
FN:20,(anonymous_3)
FN:28,(anonymous_4)
FN:32,(anonymous_5)
FN:38,(anonymous_6)
FN:49,(anonymous_7)
FN:57,(anonymous_8)
FN:75,(anonymous_9)
FN:94,(anonymous_10)
FNF:11
FNH:1
FNDA:0,(anonymous_0)
FNDA:0,(anonymous_1)
FNDA:0,(anonymous_2)
FNDA:0,(anonymous_3)
FNDA:0,(anonymous_4)
FNDA:0,(anonymous_5)
FNDA:0,(anonymous_6)
FNDA:0,(anonymous_7)
FNDA:0,(anonymous_8)
FNDA:0,(anonymous_9)
FNDA:7,(anonymous_10)
DA:9,6
DA:15,0
DA:18,6
DA:20,6
DA:21,0
DA:24,0
DA:26,0
DA:28,0
DA:29,0
DA:32,0
DA:33,0
DA:34,0
DA:37,0
DA:39,0
DA:40,0
DA:41,0
DA:43,0
DA:49,0
DA:52,0
DA:53,0
DA:54,0
DA:55,0
DA:57,0
DA:58,0
DA:62,0
DA:63,0
DA:64,0
DA:67,0
DA:68,0
DA:70,0
DA:71,0
DA:72,0
DA:75,0
DA:76,0
DA:80,0
DA:89,0
DA:94,7
LF:37
LH:4
BRDA:22,0,0,0
BRDA:22,0,1,0
BRDA:52,1,0,0
BRDA:52,1,1,0
BRDA:52,2,0,0
BRDA:52,2,1,0
BRDA:54,3,0,0
BRDA:54,3,1,0
BRDA:62,4,0,0
BRDA:62,4,1,0
BRDA:67,5,0,0
BRDA:67,5,1,0
BRDA:67,6,0,0
BRDA:67,6,1,0
BRDA:76,7,0,0
BRDA:76,7,1,0
BRDA:86,8,0,0
BRDA:86,8,1,0
BRF:18
BRH:0
end_of_record
TN:
SF:src\store\ESSContext.tsx
FN:7,(anonymous_0)
FN:14,(anonymous_1)
FN:18,(anonymous_2)
FN:20,(anonymous_3)
FN:24,(anonymous_4)
FN:29,(anonymous_5)
FN:31,(anonymous_6)
FN:43,(anonymous_7)
FNF:8
FNH:0
FNDA:0,(anonymous_0)
FNDA:0,(anonymous_1)
FNDA:0,(anonymous_2)
FNDA:0,(anonymous_3)
FNDA:0,(anonymous_4)
FNDA:0,(anonymous_5)
FNDA:0,(anonymous_6)
FNDA:0,(anonymous_7)
DA:5,6
DA:14,6
DA:16,0
DA:18,0
DA:19,0
DA:20,0
DA:21,0
DA:24,0
DA:25,0
DA:29,0
DA:31,0
DA:33,0
DA:38,0
DA:43,6
DA:44,0
LF:15
LH:3
BRF:0
BRH:0
end_of_record
TN:
SF:src\store\TranslationContext.tsx
FN:16,TranslationProvider
FN:17,(anonymous_1)
FNF:2
FNH:0
FNDA:0,TranslationProvider
FNDA:0,(anonymous_1)
DA:10,0
DA:17,0
DA:18,0
DA:21,0
DA:26,0
LF:5
LH:0
BRF:0
BRH:0
end_of_record
TN:
SF:src\theme\styles.tsx
FN:22,(anonymous_0)
FNF:1
FNH:0
FNDA:0,(anonymous_0)
DA:3,0
DA:22,0
LF:2
LH:0
BRF:0
BRH:0
end_of_record
TN:
SF:src\theme\theme.tsx
FNF:0
FNH:0
LF:0
LH:0
BRF:0
BRH:0
end_of_record
TN:
SF:src\theme\additions\card\Card.tsx
FN:2,(anonymous_0)
FN:15,(anonymous_1)
FNF:2
FNH:0
FNDA:0,(anonymous_0)
FNDA:0,(anonymous_1)
DA:1,0
DA:2,0
DA:15,0
DA:24,0
LF:4
LH:0
BRDA:12,0,0,0
BRDA:12,0,1,0
BRDA:16,1,0,0
BRDA:16,1,1,0
BRF:4
BRH:0
end_of_record
TN:
SF:src\theme\additions\layout\MainPanel.tsx
FN:14,(anonymous_0)
FNF:1
FNH:0
FNDA:0,(anonymous_0)
DA:1,0
DA:14,0
DA:23,0
LF:3
LH:0
BRF:0
BRH:0
end_of_record
TN:
SF:src\theme\additions\layout\PanelContainer.tsx
FNF:0
FNH:0
DA:1,0
DA:8,0
LF:2
LH:0
BRF:0
BRH:0
end_of_record
TN:
SF:src\theme\additions\layout\PanelContent.tsx
FNF:0
FNH:0
DA:1,0
DA:10,0
LF:2
LH:0
BRF:0
BRH:0
end_of_record
TN:
SF:src\theme\components\badge.tsx
FNF:0
FNH:0
DA:1,0
LF:1
LH:0
BRF:0
BRH:0
end_of_record
TN:
SF:src\theme\components\button.tsx
FN:27,(anonymous_0)
FN:35,(anonymous_1)
FN:45,(anonymous_2)
FN:53,(anonymous_3)
FNF:4
FNH:0
FNDA:0,(anonymous_0)
FNDA:0,(anonymous_1)
FNDA:0,(anonymous_2)
FNDA:0,(anonymous_3)
DA:2,0
DA:27,0
DA:35,0
DA:45,0
DA:53,0
LF:5
LH:0
BRF:0
BRH:0
end_of_record
TN:
SF:src\theme\components\input.tsx
FN:12,(anonymous_0)
FN:20,(anonymous_1)
FNF:2
FNH:0
FNDA:0,(anonymous_0)
FNDA:0,(anonymous_1)
DA:2,0
DA:12,0
DA:20,0
LF:3
LH:0
BRF:0
BRH:0
end_of_record
TN:
SF:src\theme\components\link.tsx
FNF:0
FNH:0
DA:1,0
LF:1
LH:0
BRF:0
BRH:0
end_of_record
TN:
SF:src\theme\foundations\breakpoints.tsx
FNF:0
FNH:0
DA:1,0
LF:1
LH:0
BRF:0
BRH:0
end_of_record
TN:
SF:src\utils\form-utils.ts
FN:44,(anonymous_0)
FN:104,(anonymous_1)
FN:183,(anonymous_2)
FN:222,(anonymous_3)
FN:290,(anonymous_4)
FN:344,(anonymous_5)
FNF:6
FNH:1
FNDA:0,(anonymous_0)
FNDA:0,(anonymous_1)
FNDA:10,(anonymous_2)
FNDA:0,(anonymous_3)
FNDA:0,(anonymous_4)
FNDA:0,(anonymous_5)
DA:16,3
DA:44,3
DA:63,0
DA:72,0
DA:74,0
DA:104,3
DA:133,0
DA:135,0
DA:162,3
DA:183,3
DA:199,10
DA:201,10
DA:222,3
DA:238,0
DA:240,0
DA:258,3
DA:290,3
DA:315,0
DA:317,0
DA:344,3
DA:371,0
DA:373,0
LF:22
LH:11
BRDA:99,0,0,0
BRDA:99,0,1,0
BRDA:100,1,0,0
BRDA:100,1,1,0
BRDA:137,2,0,0
BRDA:137,2,1,0
BRDA:138,3,0,0
BRDA:138,3,1,0
BRDA:140,4,0,0
BRDA:140,4,1,0
BRDA:375,5,0,0
BRDA:375,5,1,0
BRDA:391,6,0,0
BRDA:391,6,1,0
BRF:14
BRH:0
end_of_record
TN:
SF:src\utils\utils.ts
FN:7,(anonymous_0)
FN:44,(anonymous_1)
FN:58,(anonymous_2)
FN:62,(anonymous_3)
FN:76,(anonymous_4)
FN:118,(anonymous_5)
FN:126,(anonymous_6)
FN:127,(anonymous_7)
FN:129,(anonymous_8)
FN:130,(anonymous_9)
FN:134,(anonymous_10)
FN:135,(anonymous_11)
FN:137,(anonymous_12)
FN:138,(anonymous_13)
FNF:14
FNH:5
FNDA:7,(anonymous_0)
FNDA:7,(anonymous_1)
FNDA:3,(anonymous_2)
FNDA:10,(anonymous_3)
FNDA:5,(anonymous_4)
FNDA:0,(anonymous_5)
FNDA:0,(anonymous_6)
FNDA:0,(anonymous_7)
FNDA:0,(anonymous_8)
FNDA:0,(anonymous_9)
FNDA:0,(anonymous_10)
FNDA:0,(anonymous_11)
FNDA:0,(anonymous_12)
FNDA:0,(anonymous_13)
DA:7,29
DA:8,7
DA:9,6
DA:23,1
DA:25,1
DA:41,1
DA:44,29
DA:45,7
DA:46,1
DA:48,6
DA:58,29
DA:59,3
DA:62,29
DA:63,10
DA:64,2
DA:65,8
DA:66,2
DA:67,6
DA:68,2
DA:69,4
DA:70,2
DA:72,2
DA:76,29
DA:77,5
DA:78,5
DA:80,5
DA:82,1
DA:83,1
DA:85,1
DA:87,1
DA:88,1
DA:90,1
DA:92,0
DA:93,0
DA:95,0
DA:97,1
DA:98,1
DA:100,1
DA:102,1
DA:103,1
DA:106,2
DA:109,5
DA:110,5
DA:112,5
DA:118,29
DA:119,0
DA:120,0
DA:122,0
DA:126,29
DA:127,0
DA:128,0
DA:129,0
DA:130,0
DA:134,29
DA:135,0
DA:136,0
DA:137,0
DA:138,0
LF:58
LH:44
BRDA:8,0,0,6
BRDA:8,0,1,1
BRDA:33,1,0,1
BRDA:33,1,1,0
BRDA:45,2,0,1
BRDA:45,2,1,6
BRDA:63,3,0,2
BRDA:63,3,1,8
BRDA:65,4,0,2
BRDA:65,4,1,6
BRDA:67,5,0,2
BRDA:67,5,1,4
BRDA:69,6,0,2
BRDA:69,6,1,2
BRDA:80,7,0,1
BRDA:80,7,1,1
BRDA:80,7,2,0
BRDA:80,7,3,1
BRDA:80,7,4,1
BRDA:80,7,5,2
BRDA:119,8,0,0
BRDA:119,8,1,0
BRF:22
BRH:18
end_of_record
TN:
SF:src\views\Administration\CustomerAccountManagement.tsx
FN:32,(anonymous_0)
FN:36,(anonymous_1)
FN:50,(anonymous_2)
FN:61,(anonymous_3)
FN:70,(anonymous_4)
FN:76,(anonymous_5)
FN:97,(anonymous_6)
FN:104,(anonymous_7)
FN:110,(anonymous_8)
FN:115,(anonymous_9)
FN:118,(anonymous_10)
FN:130,(anonymous_11)
FN:135,(anonymous_12)
FN:140,(anonymous_13)
FN:148,(anonymous_14)
FN:149,(anonymous_15)
FN:159,(anonymous_16)
FN:164,(anonymous_17)
FN:164,(anonymous_18)
FN:169,(anonymous_19)
FN:188,(anonymous_20)
FN:215,(anonymous_21)
FN:222,(anonymous_22)
FNF:23
FNH:18
FNDA:10,(anonymous_0)
FNDA:10,(anonymous_1)
FNDA:40,(anonymous_2)
FNDA:20,(anonymous_3)
FNDA:0,(anonymous_4)
FNDA:10,(anonymous_5)
FNDA:0,(anonymous_6)
FNDA:0,(anonymous_7)
FNDA:20,(anonymous_8)
FNDA:20,(anonymous_9)
FNDA:1,(anonymous_10)
FNDA:20,(anonymous_11)
FNDA:20,(anonymous_12)
FNDA:20,(anonymous_13)
FNDA:0,(anonymous_14)
FNDA:0,(anonymous_15)
FNDA:20,(anonymous_16)
FNDA:100,(anonymous_17)
FNDA:100,(anonymous_18)
FNDA:100,(anonymous_19)
FNDA:100,(anonymous_20)
FNDA:5,(anonymous_21)
FNDA:30,(anonymous_22)
DA:26,1
DA:32,1
DA:33,10
DA:36,1
DA:37,10
DA:38,10
DA:50,1
DA:51,40
DA:61,1
DA:62,20
DA:63,20
DA:70,0
DA:76,1
DA:77,10
DA:78,10
DA:79,10
DA:80,10
DA:84,10
DA:94,10
DA:95,10
DA:97,10
DA:98,0
DA:99,0
DA:104,10
DA:106,10
DA:110,20
DA:116,20
DA:118,1
DA:130,20
DA:135,20
DA:141,20
DA:144,20
DA:145,20
DA:149,0
DA:159,20
DA:163,10
DA:164,100
DA:168,10
DA:169,100
DA:172,10
DA:188,100
DA:215,5
DA:223,30
LF:43
LH:39
BRDA:51,0,0,20
BRDA:51,0,1,20
BRDA:98,1,0,0
BRDA:98,1,1,0
BRDA:99,2,0,0
BRDA:99,2,1,0
BRDA:130,3,0,10
BRDA:130,3,1,10
BRDA:141,4,0,10
BRDA:141,4,1,10
BRDA:168,5,0,10
BRDA:168,5,1,0
BRDA:179,6,0,10
BRDA:179,6,1,10
BRDA:190,7,0,100
BRDA:190,7,1,0
BRDA:195,8,0,10
BRDA:195,8,1,0
BRDA:209,9,0,10
BRDA:209,9,1,10
BRDA:226,10,0,10
BRDA:226,10,1,20
BRF:22
BRH:15
end_of_record
TN:
SF:src\views\Administration\StationManagement.tsx
FN:27,(anonymous_0)
FN:45,(anonymous_1)
FN:53,(anonymous_2)
FN:59,(anonymous_3)
FN:64,(anonymous_4)
FN:70,(anonymous_5)
FN:97,(anonymous_6)
FN:103,(anonymous_7)
FN:120,(anonymous_8)
FN:149,(anonymous_9)
FN:151,(anonymous_10)
FN:155,(anonymous_11)
FN:171,(anonymous_12)
FN:178,(anonymous_13)
FN:192,(anonymous_14)
FN:193,(anonymous_15)
FN:198,(anonymous_16)
FN:227,(anonymous_17)
FN:242,(anonymous_18)
FNF:19
FNH:15
FNDA:6,(anonymous_0)
FNDA:0,(anonymous_1)
FNDA:0,(anonymous_2)
FNDA:5,(anonymous_3)
FNDA:5,(anonymous_4)
FNDA:1,(anonymous_5)
FNDA:5,(anonymous_6)
FNDA:1,(anonymous_7)
FNDA:5,(anonymous_8)
FNDA:5,(anonymous_9)
FNDA:1,(anonymous_10)
FNDA:0,(anonymous_11)
FNDA:5,(anonymous_12)
FNDA:1,(anonymous_13)
FNDA:102,(anonymous_14)
FNDA:102,(anonymous_15)
FNDA:102,(anonymous_16)
FNDA:102,(anonymous_17)
FNDA:0,(anonymous_18)
DA:27,1
DA:28,6
DA:29,6
DA:30,6
DA:32,6
DA:37,6
DA:40,6
DA:42,6
DA:45,6
DA:46,0
DA:47,0
DA:48,0
DA:49,0
DA:53,6
DA:55,6
DA:59,5
DA:65,5
DA:71,1
DA:98,5
DA:104,1
DA:121,5
DA:150,5
DA:152,1
DA:155,1
DA:172,5
DA:179,1
DA:188,6
DA:190,6
DA:192,102
DA:193,102
DA:197,6
DA:198,102
DA:200,6
DA:227,102
DA:243,0
LF:35
LH:30
BRDA:46,0,0,0
BRDA:46,0,1,0
BRDA:46,1,0,0
BRDA:46,1,1,0
BRDA:48,2,0,0
BRDA:48,2,1,0
BRDA:152,3,0,1
BRDA:152,3,1,0
BRDA:197,4,0,6
BRDA:197,4,1,0
BRDA:209,5,0,6
BRDA:209,5,1,6
BRDA:215,6,0,5
BRDA:215,6,1,1
BRDA:229,7,0,102
BRDA:229,7,1,0
BRDA:236,8,0,6
BRDA:236,8,1,5
BRF:18
BRH:9
end_of_record
TN:
SF:src\views\Administration\UserManagement.tsx
FN:32,(anonymous_0)
FN:55,(anonymous_1)
FN:56,(anonymous_2)
FN:65,(anonymous_3)
FN:73,(anonymous_4)
FN:78,(anonymous_5)
FN:84,(anonymous_6)
FN:116,(anonymous_7)
FN:155,(anonymous_8)
FN:160,(anonymous_9)
FN:166,(anonymous_10)
FN:190,(anonymous_11)
FN:195,(anonymous_12)
FN:211,(anonymous_13)
FN:215,(anonymous_14)
FN:223,(anonymous_15)
FN:225,(anonymous_16)
FN:229,(anonymous_17)
FN:240,(anonymous_18)
FN:247,(anonymous_19)
FN:258,(anonymous_20)
FN:259,(anonymous_21)
FN:263,(anonymous_22)
FN:281,(anonymous_23)
FN:307,(anonymous_24)
FNF:25
FNH:21
FNDA:16,(anonymous_0)
FNDA:0,(anonymous_1)
FNDA:2,(anonymous_2)
FNDA:0,(anonymous_3)
FNDA:2,(anonymous_4)
FNDA:2,(anonymous_5)
FNDA:1,(anonymous_6)
FNDA:2,(anonymous_7)
FNDA:28,(anonymous_8)
FNDA:28,(anonymous_9)
FNDA:1,(anonymous_10)
FNDA:28,(anonymous_11)
FNDA:28,(anonymous_12)
FNDA:28,(anonymous_13)
FNDA:0,(anonymous_14)
FNDA:28,(anonymous_15)
FNDA:2,(anonymous_16)
FNDA:2,(anonymous_17)
FNDA:28,(anonymous_18)
FNDA:0,(anonymous_19)
FNDA:160,(anonymous_20)
FNDA:160,(anonymous_21)
FNDA:160,(anonymous_22)
FNDA:160,(anonymous_23)
FNDA:1,(anonymous_24)
DA:32,1
DA:33,16
DA:34,16
DA:35,16
DA:36,16
DA:37,16
DA:39,16
DA:43,16
DA:47,16
DA:49,16
DA:51,16
DA:55,16
DA:56,16
DA:57,2
DA:59,1
DA:60,1
DA:62,1
DA:65,16
DA:66,0
DA:67,0
DA:69,0
DA:73,16
DA:77,2
DA:78,2
DA:84,16
DA:85,1
DA:86,0
DA:87,0
DA:89,1
DA:94,1
DA:95,1
DA:97,1
DA:98,1
DA:99,1
DA:100,1
DA:104,1
DA:110,1
DA:112,0
DA:116,16
DA:117,2
DA:118,0
DA:119,0
DA:121,2
DA:122,2
DA:123,1
DA:124,1
DA:125,1
DA:130,1
DA:132,1
DA:142,1
DA:144,0
DA:150,16
DA:151,16
DA:155,28
DA:161,28
DA:167,1
DA:190,28
DA:196,28
DA:212,28
DA:215,0
DA:224,28
DA:226,2
DA:229,2
DA:241,28
DA:248,0
DA:256,16
DA:258,160
DA:259,160
DA:262,16
DA:263,160
DA:265,16
DA:281,160
DA:308,1
LF:73
LH:62
BRDA:57,0,0,1
BRDA:57,0,1,1
BRDA:57,1,0,2
BRDA:57,1,1,1
BRDA:60,2,0,1
BRDA:60,2,1,0
BRDA:66,3,0,0
BRDA:66,3,1,0
BRDA:77,4,0,2
BRDA:77,4,1,0
BRDA:85,5,0,0
BRDA:85,5,1,1
BRDA:97,6,0,1
BRDA:97,6,1,0
BRDA:106,7,0,1
BRDA:106,7,1,0
BRDA:117,8,0,0
BRDA:117,8,1,2
BRDA:122,9,0,1
BRDA:122,9,1,1
BRDA:124,10,0,1
BRDA:124,10,1,0
BRDA:139,11,0,1
BRDA:139,11,1,0
BRDA:196,12,0,27
BRDA:196,12,1,1
BRDA:201,13,0,27
BRDA:201,13,1,0
BRDA:201,14,0,27
BRDA:201,14,1,25
BRDA:226,15,0,1
BRDA:226,15,1,1
BRDA:262,16,0,16
BRDA:262,16,1,0
BRDA:274,17,0,16
BRDA:274,17,1,16
BRDA:283,18,0,160
BRDA:283,18,1,0
BRDA:288,19,0,15
BRDA:288,19,1,1
BRDA:301,20,0,16
BRDA:301,20,1,15
BRF:42
BRH:29
end_of_record
TN:
SF:src\views\Pages\ForgotPassword.tsx
FN:24,(anonymous_0)
FN:33,(anonymous_1)
FN:60,(anonymous_2)
FN:173,(anonymous_3)
FN:182,(anonymous_4)
FNF:5
FNH:0
FNDA:0,(anonymous_0)
FNDA:0,(anonymous_1)
FNDA:0,(anonymous_2)
FNDA:0,(anonymous_3)
FNDA:0,(anonymous_4)
DA:24,0
DA:25,0
DA:26,0
DA:27,0
DA:28,0
DA:29,0
DA:30,0
DA:31,0
DA:33,0
DA:34,0
DA:36,0
DA:37,0
DA:38,0
DA:41,0
DA:42,0
DA:43,0
DA:46,0
DA:47,0
DA:48,0
DA:49,0
DA:50,0
DA:52,0
DA:53,0
DA:54,0
DA:56,0
DA:60,0
DA:61,0
DA:62,0
DA:66,0
DA:73,0
DA:92,0
DA:101,0
DA:108,0
DA:173,0
DA:182,0
LF:35
LH:0
BRDA:36,0,0,0
BRDA:36,0,1,0
BRDA:41,1,0,0
BRDA:41,1,1,0
BRDA:61,2,0,0
BRDA:61,2,1,0
BRDA:207,3,0,0
BRDA:207,3,1,0
BRDA:213,4,0,0
BRDA:213,4,1,0
BRDA:213,4,2,0
BRF:11
BRH:0
end_of_record
TN:
SF:src\views\Pages\ResetPassword.tsx
FN:23,(anonymous_0)
FN:36,(anonymous_1)
FN:52,(anonymous_2)
FN:63,(anonymous_3)
FN:66,(anonymous_4)
FN:171,(anonymous_5)
FN:196,(anonymous_6)
FNF:7
FNH:0
FNDA:0,(anonymous_0)
FNDA:0,(anonymous_1)
FNDA:0,(anonymous_2)
FNDA:0,(anonymous_3)
FNDA:0,(anonymous_4)
FNDA:0,(anonymous_5)
FNDA:0,(anonymous_6)
DA:23,0
DA:24,0
DA:25,0
DA:26,0
DA:27,0
DA:28,0
DA:29,0
DA:30,0
DA:31,0
DA:33,0
DA:34,0
DA:36,0
DA:37,0
DA:38,0
DA:39,0
DA:40,0
DA:42,0
DA:43,0
DA:44,0
DA:46,0
DA:48,0
DA:49,0
DA:50,0
DA:51,0
DA:52,0
DA:53,0
DA:54,0
DA:57,0
DA:59,0
DA:63,0
DA:64,0
DA:66,0
DA:67,0
DA:68,0
DA:73,0
DA:171,0
DA:196,0
LF:37
LH:0
BRDA:38,0,0,0
BRDA:38,0,1,0
BRDA:42,1,0,0
BRDA:42,1,1,0
BRDA:42,2,0,0
BRDA:42,2,1,0
BRDA:67,3,0,0
BRDA:67,3,1,0
BRDA:166,4,0,0
BRDA:166,4,1,0
BRDA:182,5,0,0
BRDA:182,5,1,0
BRDA:212,6,0,0
BRDA:212,6,1,0
BRDA:218,7,0,0
BRDA:218,7,1,0
BRF:16
BRH:0
end_of_record
TN:
SF:src\views\Pages\SignIn.tsx
FN:35,(anonymous_0)
FN:50,(anonymous_1)
FN:80,(anonymous_2)
FN:197,(anonymous_3)
FNF:4
FNH:0
FNDA:0,(anonymous_0)
FNDA:0,(anonymous_1)
FNDA:0,(anonymous_2)
FNDA:0,(anonymous_3)
DA:35,0
DA:36,0
DA:37,0
DA:38,0
DA:39,0
DA:40,0
DA:42,0
DA:50,0
DA:51,0
DA:52,0
DA:53,0
DA:54,0
DA:55,0
DA:57,0
DA:58,0
DA:59,0
DA:61,0
DA:66,0
DA:70,0
DA:72,0
DA:75,0
DA:80,0
DA:81,0
DA:84,0
DA:197,0
LF:25
LH:0
BRDA:57,0,0,0
BRDA:57,0,1,0
BRDA:58,1,0,0
BRDA:58,1,1,0
BRDA:58,2,0,0
BRDA:58,2,1,0
BRDA:66,3,0,0
BRDA:66,3,1,0
BRDA:186,4,0,0
BRDA:186,4,1,0
BRDA:201,5,0,0
BRDA:201,5,1,0
BRDA:231,6,0,0
BRDA:231,6,1,0
BRF:14
BRH:0
end_of_record
