TN:
SF:src\common\AdminModel.ts
FNF:0
FNH:0
LF:0
LH:0
BRF:0
BRH:0
end_of_record
TN:
SF:src\common\model.ts
FNF:0
FNH:0
LF:0
LH:0
BRF:0
BRH:0
end_of_record
TN:
SF:src\common\api\axios.ts
FN:12,(anonymous_0)
FN:19,(anonymous_1)
FNF:2
FNH:0
FNDA:0,(anonymous_0)
FNDA:0,(anonymous_1)
DA:4,1
DA:11,1
DA:13,0
DA:14,0
DA:15,0
DA:17,0
DA:19,0
LF:7
LH:2
BRDA:14,0,0,0
BRDA:14,0,1,0
BRF:2
BRH:0
end_of_record
TN:
SF:src\common\api\station-api.ts
FN:13,(anonymous_0)
FN:26,(anonymous_1)
FN:30,(anonymous_2)
FN:44,(anonymous_3)
FN:55,(anonymous_4)
FN:60,(anonymous_5)
FN:66,(anonymous_6)
FN:71,(anonymous_7)
FN:76,(anonymous_8)
FN:81,(anonymous_9)
FN:125,(anonymous_10)
FN:132,(anonymous_11)
FN:143,(anonymous_12)
FN:152,(anonymous_13)
FN:162,(anonymous_14)
FNF:15
FNH:15
FNDA:6,(anonymous_0)
FNDA:4,(anonymous_1)
FNDA:1,(anonymous_2)
FNDA:1,(anonymous_3)
FNDA:2,(anonymous_4)
FNDA:3,(anonymous_5)
FNDA:1,(anonymous_6)
FNDA:1,(anonymous_7)
FNDA:1,(anonymous_8)
FNDA:2,(anonymous_9)
FNDA:1,(anonymous_10)
FNDA:1,(anonymous_11)
FNDA:1,(anonymous_12)
FNDA:1,(anonymous_13)
FNDA:1,(anonymous_14)
DA:5,1
DA:13,1
DA:14,6
DA:23,5
DA:26,1
DA:27,4
DA:30,1
DA:31,1
DA:33,1
DA:41,1
DA:44,1
DA:48,1
DA:52,1
DA:55,1
DA:56,2
DA:58,1
DA:60,1
DA:63,3
DA:64,3
DA:66,1
DA:67,1
DA:69,1
DA:71,1
DA:72,1
DA:74,1
DA:76,1
DA:77,1
DA:79,1
DA:81,1
DA:94,2
DA:96,2
DA:98,2
DA:100,2
DA:101,1
DA:103,1
DA:106,2
DA:107,1
DA:110,2
DA:111,1
DA:114,2
DA:115,1
DA:117,2
DA:118,2
DA:120,2
DA:122,2
DA:125,1
DA:128,1
DA:129,1
DA:132,1
DA:136,1
DA:140,1
DA:143,1
DA:147,1
DA:150,1
DA:152,1
DA:156,1
DA:159,1
DA:162,1
DA:166,1
DA:170,1
LF:60
LH:60
BRDA:64,0,0,2
BRDA:64,0,1,1
BRDA:82,1,0,0
BRDA:100,2,0,1
BRDA:100,2,1,1
BRDA:100,3,0,2
BRDA:100,3,1,1
BRDA:100,3,2,1
BRDA:106,4,0,1
BRDA:106,4,1,1
BRDA:110,5,0,1
BRDA:110,5,1,1
BRDA:114,6,0,1
BRDA:114,6,1,1
BRF:14
BRH:13
end_of_record
